CRITICAL - 2023-02-10 10:40:00 --> Undefined property: App\Controllers\Client::$client
in APPPATH\Controllers\Client.php on line 71.
 1 APPPATH\Controllers\Client.php(71): CodeIgniter\Debug\Exceptions->errorHandler(2, 'Undefined property: App\\Controllers\\Client::$client', 'APPPATH\\Controllers\\Client.php', 71)
 2 SYSTEMPATH\CodeIgniter.php(904): App\Controllers\Client->setStatus()
 3 SYSTEMPATH\CodeIgniter.php(457): CodeIgniter\CodeIgniter->runController(Object(App\Controllers\Client))
 4 SYSTEMPATH\CodeIgniter.php(340): CodeIgniter\CodeIgniter->handleRequest(null, Object(Config\Cache), false)
 5 FCPATH\index.php(67): CodeIgniter\CodeIgniter->run()
CRITICAL - 2023-02-10 10:40:57 --> Array to string conversion
in APPPATH\Controllers\Client.php on line 71.
 1 APPPATH\Controllers\Client.php(71): CodeIgniter\Debug\Exceptions->errorHandler(2, 'Array to string conversion', 'APPPATH\\Controllers\\Client.php', 71)
 2 SYSTEMPATH\CodeIgniter.php(904): App\Controllers\Client->setStatus()
 3 SYSTEMPATH\CodeIgniter.php(457): CodeIgniter\CodeIgniter->runController(Object(App\Controllers\Client))
 4 SYSTEMPATH\CodeIgniter.php(340): CodeIgniter\CodeIgniter->handleRequest(null, Object(Config\Cache), false)
 5 FCPATH\index.php(67): CodeIgniter\CodeIgniter->run()
ERROR - 2023-02-10 10:57:07 --> mysqli_sql_exception: Unknown column 'client_update' in 'order clause' in C:\xampp\htdocs\lola\vendor\codeigniter4\framework\system\Database\MySQLi\Connection.php:292
Stack trace:
#0 C:\xampp\htdocs\lola\vendor\codeigniter4\framework\system\Database\MySQLi\Connection.php(292): mysqli->query('SELECT *\nFROM `...', 0)
#1 C:\xampp\htdocs\lola\vendor\codeigniter4\framework\system\Database\BaseConnection.php(693): CodeIgniter\Database\MySQLi\Connection->execute('SELECT *\nFROM `...')
#2 C:\xampp\htdocs\lola\vendor\codeigniter4\framework\system\Database\BaseConnection.php(620): CodeIgniter\Database\BaseConnection->simpleQuery('SELECT *\nFROM `...')
#3 C:\xampp\htdocs\lola\vendor\codeigniter4\framework\system\Database\BaseBuilder.php(1585): CodeIgniter\Database\BaseConnection->query('SELECT *\nFROM `...', Array, false)
#4 C:\xampp\htdocs\lola\vendor\codeigniter4\framework\system\Model.php(249): CodeIgniter\Database\BaseBuilder->get()
#5 C:\xampp\htdocs\lola\vendor\codeigniter4\framework\system\BaseModel.php(622): CodeIgniter\Model->doFirst()
#6 C:\xampp\htdocs\lola\app\Models\ClientidModel.php(58): CodeIgniter\BaseModel->first()
#7 C:\xampp\htdocs\lola\app\Controllers\Client.php(40): App\Models\ClientidModel->insertData(Array)
#8 C:\xampp\htdocs\lola\vendor\codeigniter4\framework\system\CodeIgniter.php(904): App\Controllers\Client->add()
#9 C:\xampp\htdocs\lola\vendor\codeigniter4\framework\system\CodeIgniter.php(457): CodeIgniter\CodeIgniter->runController(Object(App\Controllers\Client))
#10 C:\xampp\htdocs\lola\vendor\codeigniter4\framework\system\CodeIgniter.php(340): CodeIgniter\CodeIgniter->handleRequest(NULL, Object(Config\Cache), false)
#11 C:\xampp\htdocs\lola\public\index.php(67): CodeIgniter\CodeIgniter->run()
#12 {main}
CRITICAL - 2023-02-10 10:57:07 --> Unknown column 'client_update' in 'order clause'
in SYSTEMPATH\Database\MySQLi\Connection.php on line 292.
 1 SYSTEMPATH\Database\MySQLi\Connection.php(292): mysqli->query('SELECT *
FROM `5eclient`
WHERE `5eclient`.`clientdelete` IS NULL
ORDER BY `client_update` DESC
 LIMIT 1', 0)
 2 SYSTEMPATH\Database\BaseConnection.php(693): CodeIgniter\Database\MySQLi\Connection->execute('SELECT *
FROM `5eclient`
WHERE `5eclient`.`clientdelete` IS NULL
ORDER BY `client_update` DESC
 LIMIT 1')
 3 SYSTEMPATH\Database\BaseConnection.php(620): CodeIgniter\Database\BaseConnection->simpleQuery('SELECT *
FROM `5eclient`
WHERE `5eclient`.`clientdelete` IS NULL
ORDER BY `client_update` DESC
 LIMIT 1')
 4 SYSTEMPATH\Database\BaseBuilder.php(1585): CodeIgniter\Database\BaseConnection->query('SELECT *
FROM `5eclient`
WHERE `5eclient`.`clientdelete` IS NULL
ORDER BY `client_update` DESC
 LIMIT 1', [], false)
 5 SYSTEMPATH\Model.php(249): CodeIgniter\Database\BaseBuilder->get()
 6 SYSTEMPATH\BaseModel.php(622): CodeIgniter\Model->doFirst()
 7 APPPATH\Models\ClientidModel.php(58): CodeIgniter\BaseModel->first()
 8 APPPATH\Controllers\Client.php(40): App\Models\ClientidModel->insertData([...])
 9 SYSTEMPATH\CodeIgniter.php(904): App\Controllers\Client->add()
10 SYSTEMPATH\CodeIgniter.php(457): CodeIgniter\CodeIgniter->runController(Object(App\Controllers\Client))
11 SYSTEMPATH\CodeIgniter.php(340): CodeIgniter\CodeIgniter->handleRequest(null, Object(Config\Cache), false)
12 FCPATH\index.php(67): CodeIgniter\CodeIgniter->run()
ERROR - 2023-02-10 10:58:23 --> mysqli_sql_exception: Unknown column 'client_id' in 'where clause' in C:\xampp\htdocs\lola\vendor\codeigniter4\framework\system\Database\MySQLi\Connection.php:292
Stack trace:
#0 C:\xampp\htdocs\lola\vendor\codeigniter4\framework\system\Database\MySQLi\Connection.php(292): mysqli->query('UPDATE `5eclien...', 0)
#1 C:\xampp\htdocs\lola\vendor\codeigniter4\framework\system\Database\BaseConnection.php(693): CodeIgniter\Database\MySQLi\Connection->execute('UPDATE `5eclien...')
#2 C:\xampp\htdocs\lola\vendor\codeigniter4\framework\system\Database\BaseConnection.php(620): CodeIgniter\Database\BaseConnection->simpleQuery('UPDATE `5eclien...')
#3 C:\xampp\htdocs\lola\vendor\codeigniter4\framework\system\Database\BaseBuilder.php(2078): CodeIgniter\Database\BaseConnection->query('UPDATE `5eclien...', Array, false)
#4 C:\xampp\htdocs\lola\vendor\codeigniter4\framework\system\Model.php(397): CodeIgniter\Database\BaseBuilder->update(Array)
#5 C:\xampp\htdocs\lola\vendor\codeigniter4\framework\system\BaseModel.php(963): CodeIgniter\Model->doDelete(NULL, false)
#6 C:\xampp\htdocs\lola\app\Models\ClientidModel.php(91): CodeIgniter\BaseModel->delete()
#7 C:\xampp\htdocs\lola\app\Controllers\Client.php(47): App\Models\ClientidModel->deleteData(Array)
#8 C:\xampp\htdocs\lola\vendor\codeigniter4\framework\system\CodeIgniter.php(904): App\Controllers\Client->delete()
#9 C:\xampp\htdocs\lola\vendor\codeigniter4\framework\system\CodeIgniter.php(457): CodeIgniter\CodeIgniter->runController(Object(App\Controllers\Client))
#10 C:\xampp\htdocs\lola\vendor\codeigniter4\framework\system\CodeIgniter.php(340): CodeIgniter\CodeIgniter->handleRequest(NULL, Object(Config\Cache), false)
#11 C:\xampp\htdocs\lola\public\index.php(67): CodeIgniter\CodeIgniter->run()
#12 {main}
CRITICAL - 2023-02-10 10:58:23 --> Unknown column 'client_id' in 'where clause'
in SYSTEMPATH\Database\MySQLi\Connection.php on line 292.
 1 SYSTEMPATH\Database\MySQLi\Connection.php(292): mysqli->query('UPDATE `5eclient` SET `clientdelete` = \'2023-02-10 10:58:23\', `clientupdate` = \'2023-02-10 10:58:23\'
WHERE `client_id` IN (\'3\')
AND `clientdelete` IS NULL', 0)
 2 SYSTEMPATH\Database\BaseConnection.php(693): CodeIgniter\Database\MySQLi\Connection->execute('UPDATE `5eclient` SET `clientdelete` = \'2023-02-10 10:58:23\', `clientupdate` = \'2023-02-10 10:58:23\'
WHERE `client_id` IN (\'3\')
AND `clientdelete` IS NULL')
 3 SYSTEMPATH\Database\BaseConnection.php(620): CodeIgniter\Database\BaseConnection->simpleQuery('UPDATE `5eclient` SET `clientdelete` = \'2023-02-10 10:58:23\', `clientupdate` = \'2023-02-10 10:58:23\'
WHERE `client_id` IN (\'3\')
AND `clientdelete` IS NULL')
 4 SYSTEMPATH\Database\BaseBuilder.php(2078): CodeIgniter\Database\BaseConnection->query('UPDATE `5eclient` SET `clientdelete` = :clientdelete:, `clientupdate` = :clientupdate:
WHERE `client_id` IN :client_id:
AND `clientdelete` IS NULL', [...], false)
 5 SYSTEMPATH\Model.php(397): CodeIgniter\Database\BaseBuilder->update([...])
 6 SYSTEMPATH\BaseModel.php(963): CodeIgniter\Model->doDelete(null, false)
 7 APPPATH\Models\ClientidModel.php(91): CodeIgniter\BaseModel->delete()
 8 APPPATH\Controllers\Client.php(47): App\Models\ClientidModel->deleteData([...])
 9 SYSTEMPATH\CodeIgniter.php(904): App\Controllers\Client->delete()
10 SYSTEMPATH\CodeIgniter.php(457): CodeIgniter\CodeIgniter->runController(Object(App\Controllers\Client))
11 SYSTEMPATH\CodeIgniter.php(340): CodeIgniter\CodeIgniter->handleRequest(null, Object(Config\Cache), false)
12 FCPATH\index.php(67): CodeIgniter\CodeIgniter->run()
ERROR - 2023-02-10 10:58:34 --> mysqli_sql_exception: Unknown column 'client_id' in 'where clause' in C:\xampp\htdocs\lola\vendor\codeigniter4\framework\system\Database\MySQLi\Connection.php:292
Stack trace:
#0 C:\xampp\htdocs\lola\vendor\codeigniter4\framework\system\Database\MySQLi\Connection.php(292): mysqli->query('UPDATE `5eclien...', 0)
#1 C:\xampp\htdocs\lola\vendor\codeigniter4\framework\system\Database\BaseConnection.php(693): CodeIgniter\Database\MySQLi\Connection->execute('UPDATE `5eclien...')
#2 C:\xampp\htdocs\lola\vendor\codeigniter4\framework\system\Database\BaseConnection.php(620): CodeIgniter\Database\BaseConnection->simpleQuery('UPDATE `5eclien...')
#3 C:\xampp\htdocs\lola\vendor\codeigniter4\framework\system\Database\BaseBuilder.php(2078): CodeIgniter\Database\BaseConnection->query('UPDATE `5eclien...', Array, false)
#4 C:\xampp\htdocs\lola\vendor\codeigniter4\framework\system\Model.php(397): CodeIgniter\Database\BaseBuilder->update(Array)
#5 C:\xampp\htdocs\lola\vendor\codeigniter4\framework\system\BaseModel.php(963): CodeIgniter\Model->doDelete(NULL, false)
#6 C:\xampp\htdocs\lola\app\Models\ClientidModel.php(91): CodeIgniter\BaseModel->delete()
#7 C:\xampp\htdocs\lola\app\Controllers\Client.php(47): App\Models\ClientidModel->deleteData(Array)
#8 C:\xampp\htdocs\lola\vendor\codeigniter4\framework\system\CodeIgniter.php(904): App\Controllers\Client->delete()
#9 C:\xampp\htdocs\lola\vendor\codeigniter4\framework\system\CodeIgniter.php(457): CodeIgniter\CodeIgniter->runController(Object(App\Controllers\Client))
#10 C:\xampp\htdocs\lola\vendor\codeigniter4\framework\system\CodeIgniter.php(340): CodeIgniter\CodeIgniter->handleRequest(NULL, Object(Config\Cache), false)
#11 C:\xampp\htdocs\lola\public\index.php(67): CodeIgniter\CodeIgniter->run()
#12 {main}
CRITICAL - 2023-02-10 10:58:34 --> Unknown column 'client_id' in 'where clause'
in SYSTEMPATH\Database\MySQLi\Connection.php on line 292.
 1 SYSTEMPATH\Database\MySQLi\Connection.php(292): mysqli->query('UPDATE `5eclient` SET `clientdelete` = \'2023-02-10 10:58:34\', `clientupdate` = \'2023-02-10 10:58:34\'
WHERE `client_id` IN (\'3\')
AND `clientdelete` IS NULL', 0)
 2 SYSTEMPATH\Database\BaseConnection.php(693): CodeIgniter\Database\MySQLi\Connection->execute('UPDATE `5eclient` SET `clientdelete` = \'2023-02-10 10:58:34\', `clientupdate` = \'2023-02-10 10:58:34\'
WHERE `client_id` IN (\'3\')
AND `clientdelete` IS NULL')
 3 SYSTEMPATH\Database\BaseConnection.php(620): CodeIgniter\Database\BaseConnection->simpleQuery('UPDATE `5eclient` SET `clientdelete` = \'2023-02-10 10:58:34\', `clientupdate` = \'2023-02-10 10:58:34\'
WHERE `client_id` IN (\'3\')
AND `clientdelete` IS NULL')
 4 SYSTEMPATH\Database\BaseBuilder.php(2078): CodeIgniter\Database\BaseConnection->query('UPDATE `5eclient` SET `clientdelete` = :clientdelete:, `clientupdate` = :clientupdate:
WHERE `client_id` IN :client_id:
AND `clientdelete` IS NULL', [...], false)
 5 SYSTEMPATH\Model.php(397): CodeIgniter\Database\BaseBuilder->update([...])
 6 SYSTEMPATH\BaseModel.php(963): CodeIgniter\Model->doDelete(null, false)
 7 APPPATH\Models\ClientidModel.php(91): CodeIgniter\BaseModel->delete()
 8 APPPATH\Controllers\Client.php(47): App\Models\ClientidModel->deleteData([...])
 9 SYSTEMPATH\CodeIgniter.php(904): App\Controllers\Client->delete()
10 SYSTEMPATH\CodeIgniter.php(457): CodeIgniter\CodeIgniter->runController(Object(App\Controllers\Client))
11 SYSTEMPATH\CodeIgniter.php(340): CodeIgniter\CodeIgniter->handleRequest(null, Object(Config\Cache), false)
12 FCPATH\index.php(67): CodeIgniter\CodeIgniter->run()
CRITICAL - 2023-02-10 11:00:09 --> Array to string conversion
in APPPATH\Controllers\Client.php on line 49.
 1 APPPATH\Controllers\Client.php(49): CodeIgniter\Debug\Exceptions->errorHandler(2, 'Array to string conversion', 'APPPATH\\Controllers\\Client.php', 49)
 2 SYSTEMPATH\CodeIgniter.php(904): App\Controllers\Client->delete()
 3 SYSTEMPATH\CodeIgniter.php(457): CodeIgniter\CodeIgniter->runController(Object(App\Controllers\Client))
 4 SYSTEMPATH\CodeIgniter.php(340): CodeIgniter\CodeIgniter->handleRequest(null, Object(Config\Cache), false)
 5 FCPATH\index.php(67): CodeIgniter\CodeIgniter->run()
CRITICAL - 2023-02-10 11:00:15 --> Undefined array key "company_id"
in APPPATH\Models\ClientidModel.php on line 62.
 1 APPPATH\Models\ClientidModel.php(62): CodeIgniter\Debug\Exceptions->errorHandler(2, 'Undefined array key "company_id"', 'APPPATH\\Models\\ClientidModel.php', 62)
 2 APPPATH\Controllers\Client.php(41): App\Models\ClientidModel->insertData([...])
 3 SYSTEMPATH\CodeIgniter.php(904): App\Controllers\Client->add()
 4 SYSTEMPATH\CodeIgniter.php(457): CodeIgniter\CodeIgniter->runController(Object(App\Controllers\Client))
 5 SYSTEMPATH\CodeIgniter.php(340): CodeIgniter\CodeIgniter->handleRequest(null, Object(Config\Cache), false)
 6 FCPATH\index.php(67): CodeIgniter\CodeIgniter->run()
CRITICAL - 2023-02-10 11:00:56 --> Array to string conversion
in APPPATH\Controllers\Client.php on line 49.
 1 APPPATH\Controllers\Client.php(49): CodeIgniter\Debug\Exceptions->errorHandler(2, 'Array to string conversion', 'APPPATH\\Controllers\\Client.php', 49)
 2 SYSTEMPATH\CodeIgniter.php(904): App\Controllers\Client->delete()
 3 SYSTEMPATH\CodeIgniter.php(457): CodeIgniter\CodeIgniter->runController(Object(App\Controllers\Client))
 4 SYSTEMPATH\CodeIgniter.php(340): CodeIgniter\CodeIgniter->handleRequest(null, Object(Config\Cache), false)
 5 FCPATH\index.php(67): CodeIgniter\CodeIgniter->run()
CRITICAL - 2023-02-10 11:01:10 --> Array to string conversion
in APPPATH\Controllers\Client.php on line 49.
 1 APPPATH\Controllers\Client.php(49): CodeIgniter\Debug\Exceptions->errorHandler(2, 'Array to string conversion', 'APPPATH\\Controllers\\Client.php', 49)
 2 SYSTEMPATH\CodeIgniter.php(904): App\Controllers\Client->delete()
 3 SYSTEMPATH\CodeIgniter.php(457): CodeIgniter\CodeIgniter->runController(Object(App\Controllers\Client))
 4 SYSTEMPATH\CodeIgniter.php(340): CodeIgniter\CodeIgniter->handleRequest(null, Object(Config\Cache), false)
 5 FCPATH\index.php(67): CodeIgniter\CodeIgniter->run()
CRITICAL - 2023-02-10 11:13:58 --> Undefined property: App\Controllers\User::$input
in APPPATH\Controllers\User.php on line 66.
 1 APPPATH\Controllers\User.php(66): CodeIgniter\Debug\Exceptions->errorHandler(2, 'Undefined property: App\\Controllers\\User::$input', 'APPPATH\\Controllers\\User.php', 66)
 2 SYSTEMPATH\CodeIgniter.php(904): App\Controllers\User->delete()
 3 SYSTEMPATH\CodeIgniter.php(457): CodeIgniter\CodeIgniter->runController(Object(App\Controllers\User))
 4 SYSTEMPATH\CodeIgniter.php(340): CodeIgniter\CodeIgniter->handleRequest(null, Object(Config\Cache), false)
 5 FCPATH\index.php(67): CodeIgniter\CodeIgniter->run()
CRITICAL - 2023-02-10 11:14:23 --> Undefined property: App\Controllers\User::$input
in APPPATH\Controllers\User.php on line 66.
 1 APPPATH\Controllers\User.php(66): CodeIgniter\Debug\Exceptions->errorHandler(2, 'Undefined property: App\\Controllers\\User::$input', 'APPPATH\\Controllers\\User.php', 66)
 2 SYSTEMPATH\CodeIgniter.php(904): App\Controllers\User->delete()
 3 SYSTEMPATH\CodeIgniter.php(457): CodeIgniter\CodeIgniter->runController(Object(App\Controllers\User))
 4 SYSTEMPATH\CodeIgniter.php(340): CodeIgniter\CodeIgniter->handleRequest(null, Object(Config\Cache), false)
 5 FCPATH\index.php(67): CodeIgniter\CodeIgniter->run()
CRITICAL - 2023-02-10 11:15:14 --> Array to string conversion
in APPPATH\Controllers\User.php on line 68.
 1 APPPATH\Controllers\User.php(68): CodeIgniter\Debug\Exceptions->errorHandler(2, 'Array to string conversion', 'APPPATH\\Controllers\\User.php', 68)
 2 SYSTEMPATH\CodeIgniter.php(904): App\Controllers\User->delete()
 3 SYSTEMPATH\CodeIgniter.php(457): CodeIgniter\CodeIgniter->runController(Object(App\Controllers\User))
 4 SYSTEMPATH\CodeIgniter.php(340): CodeIgniter\CodeIgniter->handleRequest(null, Object(Config\Cache), false)
 5 FCPATH\index.php(67): CodeIgniter\CodeIgniter->run()
