CRITICAL - 2023-01-23 21:23:07 --> Undefined array key "role_id"
in APPPATH\Controllers\Dashboard.php on line 12.
 1 APPPATH\Controllers\Dashboard.php(12): CodeIgniter\Debug\Exceptions->errorHandler(2, 'Undefined array key "role_id"', 'APPPATH\\Controllers\\Dashboard.php', 12)
 2 SYSTEMPATH\CodeIgniter.php(904): App\Controllers\Dashboard->index()
 3 SYSTEMPATH\CodeIgniter.php(457): CodeIgniter\CodeIgniter->runController(Object(App\Controllers\Dashboard))
 4 SYSTEMPATH\CodeIgniter.php(340): CodeIgniter\CodeIgniter->handleRequest(null, Object(Config\Cache), false)
 5 FCPATH\index.php(67): CodeIgniter\CodeIgniter->run()
CRITICAL - 2023-01-23 21:49:23 --> Call to undefined method App\Models\TransaksiModel::gruopby
in SYSTEMPATH\Model.php on line 773.
 1 APPPATH\Models\TransaksiModel.php(95): CodeIgniter\Model->__call('gruopby', [...])
 2 APPPATH\Controllers\Dashboard.php(26): App\Models\TransaksiModel->getCount()
 3 SYSTEMPATH\CodeIgniter.php(904): App\Controllers\Dashboard->index()
 4 SYSTEMPATH\CodeIgniter.php(457): CodeIgniter\CodeIgniter->runController(Object(App\Controllers\Dashboard))
 5 SYSTEMPATH\CodeIgniter.php(340): CodeIgniter\CodeIgniter->handleRequest(null, Object(Config\Cache), false)
 6 FCPATH\index.php(67): CodeIgniter\CodeIgniter->run()
CRITICAL - 2023-01-23 21:49:52 --> Trying to access array offset on value of type int
in APPPATH\Views\dashboard.php on line 29.
 1 APPPATH\Views\dashboard.php(29): CodeIgniter\Debug\Exceptions->errorHandler(2, 'Trying to access array offset on value of type int', 'APPPATH\\Views\\dashboard.php', 29)
 2 SYSTEMPATH\View\View.php(213): include('APPPATH\\Views\\dashboard.php')
 3 SYSTEMPATH\View\View.php(216): CodeIgniter\View\View->CodeIgniter\View\{closure}()
 4 SYSTEMPATH\Common.php(1137): CodeIgniter\View\View->render('dashboard', [], true)
 5 APPPATH\Controllers\Dashboard.php(35): view('dashboard', [...])
 6 SYSTEMPATH\CodeIgniter.php(904): App\Controllers\Dashboard->index()
 7 SYSTEMPATH\CodeIgniter.php(457): CodeIgniter\CodeIgniter->runController(Object(App\Controllers\Dashboard))
 8 SYSTEMPATH\CodeIgniter.php(340): CodeIgniter\CodeIgniter->handleRequest(null, Object(Config\Cache), false)
 9 FCPATH\index.php(67): CodeIgniter\CodeIgniter->run()
CRITICAL - 2023-01-23 21:51:08 --> Trying to access array offset on value of type int
in APPPATH\Views\dashboard.php on line 29.
 1 APPPATH\Views\dashboard.php(29): CodeIgniter\Debug\Exceptions->errorHandler(2, 'Trying to access array offset on value of type int', 'APPPATH\\Views\\dashboard.php', 29)
 2 SYSTEMPATH\View\View.php(213): include('APPPATH\\Views\\dashboard.php')
 3 SYSTEMPATH\View\View.php(216): CodeIgniter\View\View->CodeIgniter\View\{closure}()
 4 SYSTEMPATH\Common.php(1137): CodeIgniter\View\View->render('dashboard', [], true)
 5 APPPATH\Controllers\Dashboard.php(35): view('dashboard', [...])
 6 SYSTEMPATH\CodeIgniter.php(904): App\Controllers\Dashboard->index()
 7 SYSTEMPATH\CodeIgniter.php(457): CodeIgniter\CodeIgniter->runController(Object(App\Controllers\Dashboard))
 8 SYSTEMPATH\CodeIgniter.php(340): CodeIgniter\CodeIgniter->handleRequest(null, Object(Config\Cache), false)
 9 FCPATH\index.php(67): CodeIgniter\CodeIgniter->run()
CRITICAL - 2023-01-23 21:51:38 --> Trying to access array offset on value of type int
in APPPATH\Views\dashboard.php on line 29.
 1 APPPATH\Views\dashboard.php(29): CodeIgniter\Debug\Exceptions->errorHandler(2, 'Trying to access array offset on value of type int', 'APPPATH\\Views\\dashboard.php', 29)
 2 SYSTEMPATH\View\View.php(213): include('APPPATH\\Views\\dashboard.php')
 3 SYSTEMPATH\View\View.php(216): CodeIgniter\View\View->CodeIgniter\View\{closure}()
 4 SYSTEMPATH\Common.php(1137): CodeIgniter\View\View->render('dashboard', [], true)
 5 APPPATH\Controllers\Dashboard.php(35): view('dashboard', [...])
 6 SYSTEMPATH\CodeIgniter.php(904): App\Controllers\Dashboard->index()
 7 SYSTEMPATH\CodeIgniter.php(457): CodeIgniter\CodeIgniter->runController(Object(App\Controllers\Dashboard))
 8 SYSTEMPATH\CodeIgniter.php(340): CodeIgniter\CodeIgniter->handleRequest(null, Object(Config\Cache), false)
 9 FCPATH\index.php(67): CodeIgniter\CodeIgniter->run()
CRITICAL - 2023-01-23 21:52:51 --> Attempt to read property "company" on int
in APPPATH\Views\dashboard.php on line 29.
 1 APPPATH\Views\dashboard.php(29): CodeIgniter\Debug\Exceptions->errorHandler(2, 'Attempt to read property "company" on int', 'APPPATH\\Views\\dashboard.php', 29)
 2 SYSTEMPATH\View\View.php(213): include('APPPATH\\Views\\dashboard.php')
 3 SYSTEMPATH\View\View.php(216): CodeIgniter\View\View->CodeIgniter\View\{closure}()
 4 SYSTEMPATH\Common.php(1137): CodeIgniter\View\View->render('dashboard', [], true)
 5 APPPATH\Controllers\Dashboard.php(35): view('dashboard', [...])
 6 SYSTEMPATH\CodeIgniter.php(904): App\Controllers\Dashboard->index()
 7 SYSTEMPATH\CodeIgniter.php(457): CodeIgniter\CodeIgniter->runController(Object(App\Controllers\Dashboard))
 8 SYSTEMPATH\CodeIgniter.php(340): CodeIgniter\CodeIgniter->handleRequest(null, Object(Config\Cache), false)
 9 FCPATH\index.php(67): CodeIgniter\CodeIgniter->run()
CRITICAL - 2023-01-23 21:52:53 --> Attempt to read property "company" on int
in APPPATH\Views\dashboard.php on line 29.
 1 APPPATH\Views\dashboard.php(29): CodeIgniter\Debug\Exceptions->errorHandler(2, 'Attempt to read property "company" on int', 'APPPATH\\Views\\dashboard.php', 29)
 2 SYSTEMPATH\View\View.php(213): include('APPPATH\\Views\\dashboard.php')
 3 SYSTEMPATH\View\View.php(216): CodeIgniter\View\View->CodeIgniter\View\{closure}()
 4 SYSTEMPATH\Common.php(1137): CodeIgniter\View\View->render('dashboard', [], true)
 5 APPPATH\Controllers\Dashboard.php(35): view('dashboard', [...])
 6 SYSTEMPATH\CodeIgniter.php(904): App\Controllers\Dashboard->index()
 7 SYSTEMPATH\CodeIgniter.php(457): CodeIgniter\CodeIgniter->runController(Object(App\Controllers\Dashboard))
 8 SYSTEMPATH\CodeIgniter.php(340): CodeIgniter\CodeIgniter->handleRequest(null, Object(Config\Cache), false)
 9 FCPATH\index.php(67): CodeIgniter\CodeIgniter->run()
CRITICAL - 2023-01-23 21:54:21 --> Attempt to read property "material" on int
in APPPATH\Views\dashboard.php on line 47.
 1 APPPATH\Views\dashboard.php(47): CodeIgniter\Debug\Exceptions->errorHandler(2, 'Attempt to read property "material" on int', 'APPPATH\\Views\\dashboard.php', 47)
 2 SYSTEMPATH\View\View.php(213): include('APPPATH\\Views\\dashboard.php')
 3 SYSTEMPATH\View\View.php(216): CodeIgniter\View\View->CodeIgniter\View\{closure}()
 4 SYSTEMPATH\Common.php(1137): CodeIgniter\View\View->render('dashboard', [], true)
 5 APPPATH\Controllers\Dashboard.php(35): view('dashboard', [...])
 6 SYSTEMPATH\CodeIgniter.php(904): App\Controllers\Dashboard->index()
 7 SYSTEMPATH\CodeIgniter.php(457): CodeIgniter\CodeIgniter->runController(Object(App\Controllers\Dashboard))
 8 SYSTEMPATH\CodeIgniter.php(340): CodeIgniter\CodeIgniter->handleRequest(null, Object(Config\Cache), false)
 9 FCPATH\index.php(67): CodeIgniter\CodeIgniter->run()
CRITICAL - 2023-01-23 22:15:28 --> Undefined variable $material
in APPPATH\Views\dashboard.php on line 203.
 1 APPPATH\Views\dashboard.php(203): CodeIgniter\Debug\Exceptions->errorHandler(2, 'Undefined variable $material', 'APPPATH\\Views\\dashboard.php', 203)
 2 SYSTEMPATH\View\View.php(213): include('APPPATH\\Views\\dashboard.php')
 3 SYSTEMPATH\View\View.php(216): CodeIgniter\View\View->CodeIgniter\View\{closure}()
 4 SYSTEMPATH\Common.php(1137): CodeIgniter\View\View->render('dashboard', [], true)
 5 APPPATH\Controllers\Dashboard.php(35): view('dashboard', [...])
 6 SYSTEMPATH\CodeIgniter.php(904): App\Controllers\Dashboard->index()
 7 SYSTEMPATH\CodeIgniter.php(457): CodeIgniter\CodeIgniter->runController(Object(App\Controllers\Dashboard))
 8 SYSTEMPATH\CodeIgniter.php(340): CodeIgniter\CodeIgniter->handleRequest(null, Object(Config\Cache), false)
 9 FCPATH\index.php(67): CodeIgniter\CodeIgniter->run()
CRITICAL - 2023-01-23 22:19:09 --> Undefined array key "sumnett"
in APPPATH\Views\dashboard.php on line 256.
 1 APPPATH\Views\dashboard.php(256): CodeIgniter\Debug\Exceptions->errorHandler(2, 'Undefined array key "sumnett"', 'APPPATH\\Views\\dashboard.php', 256)
 2 SYSTEMPATH\View\View.php(213): include('APPPATH\\Views\\dashboard.php')
 3 SYSTEMPATH\View\View.php(216): CodeIgniter\View\View->CodeIgniter\View\{closure}()
 4 SYSTEMPATH\Common.php(1137): CodeIgniter\View\View->render('dashboard', [], true)
 5 APPPATH\Controllers\Dashboard.php(35): view('dashboard', [...])
 6 SYSTEMPATH\CodeIgniter.php(904): App\Controllers\Dashboard->index()
 7 SYSTEMPATH\CodeIgniter.php(457): CodeIgniter\CodeIgniter->runController(Object(App\Controllers\Dashboard))
 8 SYSTEMPATH\CodeIgniter.php(340): CodeIgniter\CodeIgniter->handleRequest(null, Object(Config\Cache), false)
 9 FCPATH\index.php(67): CodeIgniter\CodeIgniter->run()
CRITICAL - 2023-01-23 22:19:28 --> Undefined array key "nettsum"
in APPPATH\Views\dashboard.php on line 208.
 1 APPPATH\Views\dashboard.php(208): CodeIgniter\Debug\Exceptions->errorHandler(2, 'Undefined array key "nettsum"', 'APPPATH\\Views\\dashboard.php', 208)
 2 SYSTEMPATH\View\View.php(213): include('APPPATH\\Views\\dashboard.php')
 3 SYSTEMPATH\View\View.php(216): CodeIgniter\View\View->CodeIgniter\View\{closure}()
 4 SYSTEMPATH\Common.php(1137): CodeIgniter\View\View->render('dashboard', [], true)
 5 APPPATH\Controllers\Dashboard.php(35): view('dashboard', [...])
 6 SYSTEMPATH\CodeIgniter.php(904): App\Controllers\Dashboard->index()
 7 SYSTEMPATH\CodeIgniter.php(457): CodeIgniter\CodeIgniter->runController(Object(App\Controllers\Dashboard))
 8 SYSTEMPATH\CodeIgniter.php(340): CodeIgniter\CodeIgniter->handleRequest(null, Object(Config\Cache), false)
 9 FCPATH\index.php(67): CodeIgniter\CodeIgniter->run()
