CRITICAL - 2023-04-03 11:27:31 --> Undefined variable $start
in APPPATH\Controllers\ReportTensile.php on line 82.
 1 APPPATH\Controllers\ReportTensile.php(82): CodeIgniter\Debug\Exceptions->errorHandler(2, 'Undefined variable $start', 'APPPATH\\Controllers\\ReportTensile.php', 82)
 2 SYSTEMPATH\CodeIgniter.php(904): App\Controllers\ReportTensile->detailData('1')
 3 SYSTEMPATH\CodeIgniter.php(457): CodeIgniter\CodeIgniter->runController(Object(App\Controllers\ReportTensile))
 4 SYSTEMPATH\CodeIgniter.php(340): CodeIgniter\CodeIgniter->handleRequest(null, Object(Config\Cache), false)
 5 FCPATH\index.php(67): CodeIgniter\CodeIgniter->run()
CRITICAL - 2023-04-03 11:27:44 --> Undefined variable $start
in APPPATH\Controllers\ReportTensile.php on line 82.
 1 APPPATH\Controllers\ReportTensile.php(82): CodeIgniter\Debug\Exceptions->errorHandler(2, 'Undefined variable $start', 'APPPATH\\Controllers\\ReportTensile.php', 82)
 2 SYSTEMPATH\CodeIgniter.php(904): App\Controllers\ReportTensile->detailData('1')
 3 SYSTEMPATH\CodeIgniter.php(457): CodeIgniter\CodeIgniter->runController(Object(App\Controllers\ReportTensile))
 4 SYSTEMPATH\CodeIgniter.php(340): CodeIgniter\CodeIgniter->handleRequest(null, Object(Config\Cache), false)
 5 FCPATH\index.php(67): CodeIgniter\CodeIgniter->run()
CRITICAL - 2023-04-03 11:27:47 --> Undefined variable $start
in APPPATH\Controllers\ReportTensile.php on line 82.
 1 APPPATH\Controllers\ReportTensile.php(82): CodeIgniter\Debug\Exceptions->errorHandler(2, 'Undefined variable $start', 'APPPATH\\Controllers\\ReportTensile.php', 82)
 2 SYSTEMPATH\CodeIgniter.php(904): App\Controllers\ReportTensile->detailData('1')
 3 SYSTEMPATH\CodeIgniter.php(457): CodeIgniter\CodeIgniter->runController(Object(App\Controllers\ReportTensile))
 4 SYSTEMPATH\CodeIgniter.php(340): CodeIgniter\CodeIgniter->handleRequest(null, Object(Config\Cache), false)
 5 FCPATH\index.php(67): CodeIgniter\CodeIgniter->run()
CRITICAL - 2023-04-03 11:28:01 --> Undefined variable $dates
in APPPATH\Views\Report-Tensile\detail.php on line 66.
 1 APPPATH\Views\Report-Tensile\detail.php(66): CodeIgniter\Debug\Exceptions->errorHandler(2, 'Undefined variable $dates', 'APPPATH\\Views\\Report-Tensile\\detail.php', 66)
 2 SYSTEMPATH\View\View.php(213): include('APPPATH\\Views\\Report-Tensile\\detail.php')
 3 SYSTEMPATH\View\View.php(216): CodeIgniter\View\View->CodeIgniter\View\{closure}()
 4 SYSTEMPATH\Common.php(1137): CodeIgniter\View\View->render('report-tensile/detail', [], true)
 5 APPPATH\Controllers\ReportTensile.php(91): view('report-tensile/detail', [...])
 6 SYSTEMPATH\CodeIgniter.php(904): App\Controllers\ReportTensile->detailData('1')
 7 SYSTEMPATH\CodeIgniter.php(457): CodeIgniter\CodeIgniter->runController(Object(App\Controllers\ReportTensile))
 8 SYSTEMPATH\CodeIgniter.php(340): CodeIgniter\CodeIgniter->handleRequest(null, Object(Config\Cache), false)
 9 FCPATH\index.php(67): CodeIgniter\CodeIgniter->run()
CRITICAL - 2023-04-03 11:28:28 --> Undefined variable $active_date
in APPPATH\Views\Report-Tensile\detail.php on line 69.
 1 APPPATH\Views\Report-Tensile\detail.php(69): CodeIgniter\Debug\Exceptions->errorHandler(2, 'Undefined variable $active_date', 'APPPATH\\Views\\Report-Tensile\\detail.php', 69)
 2 SYSTEMPATH\View\View.php(213): include('APPPATH\\Views\\Report-Tensile\\detail.php')
 3 SYSTEMPATH\View\View.php(216): CodeIgniter\View\View->CodeIgniter\View\{closure}()
 4 SYSTEMPATH\Common.php(1137): CodeIgniter\View\View->render('report-tensile/detail', [], true)
 5 APPPATH\Controllers\ReportTensile.php(91): view('report-tensile/detail', [...])
 6 SYSTEMPATH\CodeIgniter.php(904): App\Controllers\ReportTensile->detailData('1')
 7 SYSTEMPATH\CodeIgniter.php(457): CodeIgniter\CodeIgniter->runController(Object(App\Controllers\ReportTensile))
 8 SYSTEMPATH\CodeIgniter.php(340): CodeIgniter\CodeIgniter->handleRequest(null, Object(Config\Cache), false)
 9 FCPATH\index.php(67): CodeIgniter\CodeIgniter->run()
CRITICAL - 2023-04-03 11:28:35 --> Undefined variable $active_date
in APPPATH\Views\Report-Tensile\detail.php on line 69.
 1 APPPATH\Views\Report-Tensile\detail.php(69): CodeIgniter\Debug\Exceptions->errorHandler(2, 'Undefined variable $active_date', 'APPPATH\\Views\\Report-Tensile\\detail.php', 69)
 2 SYSTEMPATH\View\View.php(213): include('APPPATH\\Views\\Report-Tensile\\detail.php')
 3 SYSTEMPATH\View\View.php(216): CodeIgniter\View\View->CodeIgniter\View\{closure}()
 4 SYSTEMPATH\Common.php(1137): CodeIgniter\View\View->render('report-tensile/detail', [], true)
 5 APPPATH\Controllers\ReportTensile.php(91): view('report-tensile/detail', [...])
 6 SYSTEMPATH\CodeIgniter.php(904): App\Controllers\ReportTensile->detailData('1')
 7 SYSTEMPATH\CodeIgniter.php(457): CodeIgniter\CodeIgniter->runController(Object(App\Controllers\ReportTensile))
 8 SYSTEMPATH\CodeIgniter.php(340): CodeIgniter\CodeIgniter->handleRequest(null, Object(Config\Cache), false)
 9 FCPATH\index.php(67): CodeIgniter\CodeIgniter->run()
CRITICAL - 2023-04-03 11:28:37 --> Undefined variable $active_date
in APPPATH\Views\Report-Tensile\detail.php on line 69.
 1 APPPATH\Views\Report-Tensile\detail.php(69): CodeIgniter\Debug\Exceptions->errorHandler(2, 'Undefined variable $active_date', 'APPPATH\\Views\\Report-Tensile\\detail.php', 69)
 2 SYSTEMPATH\View\View.php(213): include('APPPATH\\Views\\Report-Tensile\\detail.php')
 3 SYSTEMPATH\View\View.php(216): CodeIgniter\View\View->CodeIgniter\View\{closure}()
 4 SYSTEMPATH\Common.php(1137): CodeIgniter\View\View->render('report-tensile/detail', [], true)
 5 APPPATH\Controllers\ReportTensile.php(91): view('report-tensile/detail', [...])
 6 SYSTEMPATH\CodeIgniter.php(904): App\Controllers\ReportTensile->detailData('1')
 7 SYSTEMPATH\CodeIgniter.php(457): CodeIgniter\CodeIgniter->runController(Object(App\Controllers\ReportTensile))
 8 SYSTEMPATH\CodeIgniter.php(340): CodeIgniter\CodeIgniter->handleRequest(null, Object(Config\Cache), false)
 9 FCPATH\index.php(67): CodeIgniter\CodeIgniter->run()
CRITICAL - 2023-04-03 11:31:02 --> Undefined variable $start
in APPPATH\Controllers\ReportTensile.php on line 74.
 1 APPPATH\Controllers\ReportTensile.php(74): CodeIgniter\Debug\Exceptions->errorHandler(2, 'Undefined variable $start', 'APPPATH\\Controllers\\ReportTensile.php', 74)
 2 SYSTEMPATH\CodeIgniter.php(904): App\Controllers\ReportTensile->detailData('1')
 3 SYSTEMPATH\CodeIgniter.php(457): CodeIgniter\CodeIgniter->runController(Object(App\Controllers\ReportTensile))
 4 SYSTEMPATH\CodeIgniter.php(340): CodeIgniter\CodeIgniter->handleRequest(null, Object(Config\Cache), false)
 5 FCPATH\index.php(67): CodeIgniter\CodeIgniter->run()
CRITICAL - 2023-04-03 11:31:29 --> Undefined variable $prev_date_uri
in APPPATH\Views\Report-Tensile\detail.php on line 74.
 1 APPPATH\Views\Report-Tensile\detail.php(74): CodeIgniter\Debug\Exceptions->errorHandler(2, 'Undefined variable $prev_date_uri', 'APPPATH\\Views\\Report-Tensile\\detail.php', 74)
 2 SYSTEMPATH\View\View.php(213): include('APPPATH\\Views\\Report-Tensile\\detail.php')
 3 SYSTEMPATH\View\View.php(216): CodeIgniter\View\View->CodeIgniter\View\{closure}()
 4 SYSTEMPATH\Common.php(1137): CodeIgniter\View\View->render('report-tensile/detail', [], true)
 5 APPPATH\Controllers\ReportTensile.php(91): view('report-tensile/detail', [...])
 6 SYSTEMPATH\CodeIgniter.php(904): App\Controllers\ReportTensile->detailData('1')
 7 SYSTEMPATH\CodeIgniter.php(457): CodeIgniter\CodeIgniter->runController(Object(App\Controllers\ReportTensile))
 8 SYSTEMPATH\CodeIgniter.php(340): CodeIgniter\CodeIgniter->handleRequest(null, Object(Config\Cache), false)
 9 FCPATH\index.php(67): CodeIgniter\CodeIgniter->run()
CRITICAL - 2023-04-03 11:31:43 --> Undefined variable $today
in APPPATH\Views\Report-Tensile\detail.php on line 79.
 1 APPPATH\Views\Report-Tensile\detail.php(79): CodeIgniter\Debug\Exceptions->errorHandler(2, 'Undefined variable $today', 'APPPATH\\Views\\Report-Tensile\\detail.php', 79)
 2 SYSTEMPATH\View\View.php(213): include('APPPATH\\Views\\Report-Tensile\\detail.php')
 3 SYSTEMPATH\View\View.php(216): CodeIgniter\View\View->CodeIgniter\View\{closure}()
 4 SYSTEMPATH\Common.php(1137): CodeIgniter\View\View->render('report-tensile/detail', [], true)
 5 APPPATH\Controllers\ReportTensile.php(91): view('report-tensile/detail', [...])
 6 SYSTEMPATH\CodeIgniter.php(904): App\Controllers\ReportTensile->detailData('1')
 7 SYSTEMPATH\CodeIgniter.php(457): CodeIgniter\CodeIgniter->runController(Object(App\Controllers\ReportTensile))
 8 SYSTEMPATH\CodeIgniter.php(340): CodeIgniter\CodeIgniter->handleRequest(null, Object(Config\Cache), false)
 9 FCPATH\index.php(67): CodeIgniter\CodeIgniter->run()
CRITICAL - 2023-04-03 11:31:56 --> Undefined variable $u
in APPPATH\Views\Report-Tensile\detail.php on line 100.
 1 APPPATH\Views\Report-Tensile\detail.php(100): CodeIgniter\Debug\Exceptions->errorHandler(2, 'Undefined variable $u', 'APPPATH\\Views\\Report-Tensile\\detail.php', 100)
 2 SYSTEMPATH\View\View.php(213): include('APPPATH\\Views\\Report-Tensile\\detail.php')
 3 SYSTEMPATH\View\View.php(216): CodeIgniter\View\View->CodeIgniter\View\{closure}()
 4 SYSTEMPATH\Common.php(1137): CodeIgniter\View\View->render('report-tensile/detail', [], true)
 5 APPPATH\Controllers\ReportTensile.php(91): view('report-tensile/detail', [...])
 6 SYSTEMPATH\CodeIgniter.php(904): App\Controllers\ReportTensile->detailData('1')
 7 SYSTEMPATH\CodeIgniter.php(457): CodeIgniter\CodeIgniter->runController(Object(App\Controllers\ReportTensile))
 8 SYSTEMPATH\CodeIgniter.php(340): CodeIgniter\CodeIgniter->handleRequest(null, Object(Config\Cache), false)
 9 FCPATH\index.php(67): CodeIgniter\CodeIgniter->run()
CRITICAL - 2023-04-03 11:32:38 --> Cannot access offset of type string on string
in APPPATH\Views\Report-Tensile\detail.php on line 101.
 1 SYSTEMPATH\View\View.php(213): include()
 2 SYSTEMPATH\View\View.php(216): CodeIgniter\View\View->CodeIgniter\View\{closure}()
 3 SYSTEMPATH\Common.php(1137): CodeIgniter\View\View->render('report-tensile/detail', [], true)
 4 APPPATH\Controllers\ReportTensile.php(91): view('report-tensile/detail', [...])
 5 SYSTEMPATH\CodeIgniter.php(904): App\Controllers\ReportTensile->detailData('1')
 6 SYSTEMPATH\CodeIgniter.php(457): CodeIgniter\CodeIgniter->runController(Object(App\Controllers\ReportTensile))
 7 SYSTEMPATH\CodeIgniter.php(340): CodeIgniter\CodeIgniter->handleRequest(null, Object(Config\Cache), false)
 8 FCPATH\index.php(67): CodeIgniter\CodeIgniter->run()
CRITICAL - 2023-04-03 11:47:10 --> Cannot access offset of type string on string
in APPPATH\Views\Report-Tensile\detail.php on line 101.
 1 SYSTEMPATH\View\View.php(213): include()
 2 SYSTEMPATH\View\View.php(216): CodeIgniter\View\View->CodeIgniter\View\{closure}()
 3 SYSTEMPATH\Common.php(1137): CodeIgniter\View\View->render('report-tensile/detail', [], true)
 4 APPPATH\Controllers\ReportTensile.php(91): view('report-tensile/detail', [...])
 5 SYSTEMPATH\CodeIgniter.php(904): App\Controllers\ReportTensile->detailData('1')
 6 SYSTEMPATH\CodeIgniter.php(457): CodeIgniter\CodeIgniter->runController(Object(App\Controllers\ReportTensile))
 7 SYSTEMPATH\CodeIgniter.php(340): CodeIgniter\CodeIgniter->handleRequest(null, Object(Config\Cache), false)
 8 FCPATH\index.php(67): CodeIgniter\CodeIgniter->run()
CRITICAL - 2023-04-03 11:47:11 --> Cannot access offset of type string on string
in APPPATH\Views\Report-Tensile\detail.php on line 101.
 1 SYSTEMPATH\View\View.php(213): include()
 2 SYSTEMPATH\View\View.php(216): CodeIgniter\View\View->CodeIgniter\View\{closure}()
 3 SYSTEMPATH\Common.php(1137): CodeIgniter\View\View->render('report-tensile/detail', [], true)
 4 APPPATH\Controllers\ReportTensile.php(91): view('report-tensile/detail', [...])
 5 SYSTEMPATH\CodeIgniter.php(904): App\Controllers\ReportTensile->detailData('1')
 6 SYSTEMPATH\CodeIgniter.php(457): CodeIgniter\CodeIgniter->runController(Object(App\Controllers\ReportTensile))
 7 SYSTEMPATH\CodeIgniter.php(340): CodeIgniter\CodeIgniter->handleRequest(null, Object(Config\Cache), false)
 8 FCPATH\index.php(67): CodeIgniter\CodeIgniter->run()
CRITICAL - 2023-04-03 11:47:12 --> Cannot access offset of type string on string
in APPPATH\Views\Report-Tensile\detail.php on line 101.
 1 SYSTEMPATH\View\View.php(213): include()
 2 SYSTEMPATH\View\View.php(216): CodeIgniter\View\View->CodeIgniter\View\{closure}()
 3 SYSTEMPATH\Common.php(1137): CodeIgniter\View\View->render('report-tensile/detail', [], true)
 4 APPPATH\Controllers\ReportTensile.php(91): view('report-tensile/detail', [...])
 5 SYSTEMPATH\CodeIgniter.php(904): App\Controllers\ReportTensile->detailData('1')
 6 SYSTEMPATH\CodeIgniter.php(457): CodeIgniter\CodeIgniter->runController(Object(App\Controllers\ReportTensile))
 7 SYSTEMPATH\CodeIgniter.php(340): CodeIgniter\CodeIgniter->handleRequest(null, Object(Config\Cache), false)
 8 FCPATH\index.php(67): CodeIgniter\CodeIgniter->run()
CRITICAL - 2023-04-03 11:51:40 --> Cannot access offset of type string on string
in APPPATH\Views\Report-Tensile\detail.php on line 101.
 1 SYSTEMPATH\View\View.php(213): include()
 2 SYSTEMPATH\View\View.php(216): CodeIgniter\View\View->CodeIgniter\View\{closure}()
 3 SYSTEMPATH\Common.php(1137): CodeIgniter\View\View->render('report-tensile/detail', [], true)
 4 APPPATH\Controllers\ReportTensile.php(91): view('report-tensile/detail', [...])
 5 SYSTEMPATH\CodeIgniter.php(904): App\Controllers\ReportTensile->detailData('1')
 6 SYSTEMPATH\CodeIgniter.php(457): CodeIgniter\CodeIgniter->runController(Object(App\Controllers\ReportTensile))
 7 SYSTEMPATH\CodeIgniter.php(340): CodeIgniter\CodeIgniter->handleRequest(null, Object(Config\Cache), false)
 8 FCPATH\index.php(67): CodeIgniter\CodeIgniter->run()
CRITICAL - 2023-04-03 11:51:42 --> Cannot access offset of type string on string
in APPPATH\Views\Report-Tensile\detail.php on line 101.
 1 SYSTEMPATH\View\View.php(213): include()
 2 SYSTEMPATH\View\View.php(216): CodeIgniter\View\View->CodeIgniter\View\{closure}()
 3 SYSTEMPATH\Common.php(1137): CodeIgniter\View\View->render('report-tensile/detail', [], true)
 4 APPPATH\Controllers\ReportTensile.php(91): view('report-tensile/detail', [...])
 5 SYSTEMPATH\CodeIgniter.php(904): App\Controllers\ReportTensile->detailData('1')
 6 SYSTEMPATH\CodeIgniter.php(457): CodeIgniter\CodeIgniter->runController(Object(App\Controllers\ReportTensile))
 7 SYSTEMPATH\CodeIgniter.php(340): CodeIgniter\CodeIgniter->handleRequest(null, Object(Config\Cache), false)
 8 FCPATH\index.php(67): CodeIgniter\CodeIgniter->run()
CRITICAL - 2023-04-03 11:51:43 --> Cannot access offset of type string on string
in APPPATH\Views\Report-Tensile\detail.php on line 101.
 1 SYSTEMPATH\View\View.php(213): include()
 2 SYSTEMPATH\View\View.php(216): CodeIgniter\View\View->CodeIgniter\View\{closure}()
 3 SYSTEMPATH\Common.php(1137): CodeIgniter\View\View->render('report-tensile/detail', [], true)
 4 APPPATH\Controllers\ReportTensile.php(91): view('report-tensile/detail', [...])
 5 SYSTEMPATH\CodeIgniter.php(904): App\Controllers\ReportTensile->detailData('1')
 6 SYSTEMPATH\CodeIgniter.php(457): CodeIgniter\CodeIgniter->runController(Object(App\Controllers\ReportTensile))
 7 SYSTEMPATH\CodeIgniter.php(340): CodeIgniter\CodeIgniter->handleRequest(null, Object(Config\Cache), false)
 8 FCPATH\index.php(67): CodeIgniter\CodeIgniter->run()
CRITICAL - 2023-04-03 11:53:23 --> Cannot access offset of type string on string
in APPPATH\Views\Report-Tensile\detail.php on line 101.
 1 SYSTEMPATH\View\View.php(213): include()
 2 SYSTEMPATH\View\View.php(216): CodeIgniter\View\View->CodeIgniter\View\{closure}()
 3 SYSTEMPATH\Common.php(1137): CodeIgniter\View\View->render('report-tensile/detail', [], true)
 4 APPPATH\Controllers\ReportTensile.php(91): view('report-tensile/detail', [...])
 5 SYSTEMPATH\CodeIgniter.php(904): App\Controllers\ReportTensile->detailData('1')
 6 SYSTEMPATH\CodeIgniter.php(457): CodeIgniter\CodeIgniter->runController(Object(App\Controllers\ReportTensile))
 7 SYSTEMPATH\CodeIgniter.php(340): CodeIgniter\CodeIgniter->handleRequest(null, Object(Config\Cache), false)
 8 FCPATH\index.php(67): CodeIgniter\CodeIgniter->run()
CRITICAL - 2023-04-03 12:07:09 --> Undefined variable $id
in APPPATH\Views\Report-Tensile\detail.php on line 205.
 1 APPPATH\Views\Report-Tensile\detail.php(205): CodeIgniter\Debug\Exceptions->errorHandler(2, 'Undefined variable $id', 'APPPATH\\Views\\Report-Tensile\\detail.php', 205)
 2 SYSTEMPATH\View\View.php(213): include('APPPATH\\Views\\Report-Tensile\\detail.php')
 3 SYSTEMPATH\View\View.php(216): CodeIgniter\View\View->CodeIgniter\View\{closure}()
 4 SYSTEMPATH\Common.php(1137): CodeIgniter\View\View->render('report-tensile/detail', [], true)
 5 APPPATH\Controllers\ReportTensile.php(91): view('report-tensile/detail', [...])
 6 SYSTEMPATH\CodeIgniter.php(904): App\Controllers\ReportTensile->detailData('1')
 7 SYSTEMPATH\CodeIgniter.php(457): CodeIgniter\CodeIgniter->runController(Object(App\Controllers\ReportTensile))
 8 SYSTEMPATH\CodeIgniter.php(340): CodeIgniter\CodeIgniter->handleRequest(null, Object(Config\Cache), false)
 9 FCPATH\index.php(67): CodeIgniter\CodeIgniter->run()
CRITICAL - 2023-04-03 12:07:11 --> Undefined variable $id
in APPPATH\Views\Report-Tensile\detail.php on line 205.
 1 APPPATH\Views\Report-Tensile\detail.php(205): CodeIgniter\Debug\Exceptions->errorHandler(2, 'Undefined variable $id', 'APPPATH\\Views\\Report-Tensile\\detail.php', 205)
 2 SYSTEMPATH\View\View.php(213): include('APPPATH\\Views\\Report-Tensile\\detail.php')
 3 SYSTEMPATH\View\View.php(216): CodeIgniter\View\View->CodeIgniter\View\{closure}()
 4 SYSTEMPATH\Common.php(1137): CodeIgniter\View\View->render('report-tensile/detail', [], true)
 5 APPPATH\Controllers\ReportTensile.php(91): view('report-tensile/detail', [...])
 6 SYSTEMPATH\CodeIgniter.php(904): App\Controllers\ReportTensile->detailData('1')
 7 SYSTEMPATH\CodeIgniter.php(457): CodeIgniter\CodeIgniter->runController(Object(App\Controllers\ReportTensile))
 8 SYSTEMPATH\CodeIgniter.php(340): CodeIgniter\CodeIgniter->handleRequest(null, Object(Config\Cache), false)
 9 FCPATH\index.php(67): CodeIgniter\CodeIgniter->run()
CRITICAL - 2023-04-03 12:07:11 --> Undefined variable $id
in APPPATH\Views\Report-Tensile\detail.php on line 205.
 1 APPPATH\Views\Report-Tensile\detail.php(205): CodeIgniter\Debug\Exceptions->errorHandler(2, 'Undefined variable $id', 'APPPATH\\Views\\Report-Tensile\\detail.php', 205)
 2 SYSTEMPATH\View\View.php(213): include('APPPATH\\Views\\Report-Tensile\\detail.php')
 3 SYSTEMPATH\View\View.php(216): CodeIgniter\View\View->CodeIgniter\View\{closure}()
 4 SYSTEMPATH\Common.php(1137): CodeIgniter\View\View->render('report-tensile/detail', [], true)
 5 APPPATH\Controllers\ReportTensile.php(91): view('report-tensile/detail', [...])
 6 SYSTEMPATH\CodeIgniter.php(904): App\Controllers\ReportTensile->detailData('1')
 7 SYSTEMPATH\CodeIgniter.php(457): CodeIgniter\CodeIgniter->runController(Object(App\Controllers\ReportTensile))
 8 SYSTEMPATH\CodeIgniter.php(340): CodeIgniter\CodeIgniter->handleRequest(null, Object(Config\Cache), false)
 9 FCPATH\index.php(67): CodeIgniter\CodeIgniter->run()
CRITICAL - 2023-04-03 12:07:12 --> Undefined variable $id
in APPPATH\Views\Report-Tensile\detail.php on line 205.
 1 APPPATH\Views\Report-Tensile\detail.php(205): CodeIgniter\Debug\Exceptions->errorHandler(2, 'Undefined variable $id', 'APPPATH\\Views\\Report-Tensile\\detail.php', 205)
 2 SYSTEMPATH\View\View.php(213): include('APPPATH\\Views\\Report-Tensile\\detail.php')
 3 SYSTEMPATH\View\View.php(216): CodeIgniter\View\View->CodeIgniter\View\{closure}()
 4 SYSTEMPATH\Common.php(1137): CodeIgniter\View\View->render('report-tensile/detail', [], true)
 5 APPPATH\Controllers\ReportTensile.php(91): view('report-tensile/detail', [...])
 6 SYSTEMPATH\CodeIgniter.php(904): App\Controllers\ReportTensile->detailData('1')
 7 SYSTEMPATH\CodeIgniter.php(457): CodeIgniter\CodeIgniter->runController(Object(App\Controllers\ReportTensile))
 8 SYSTEMPATH\CodeIgniter.php(340): CodeIgniter\CodeIgniter->handleRequest(null, Object(Config\Cache), false)
 9 FCPATH\index.php(67): CodeIgniter\CodeIgniter->run()
CRITICAL - 2023-04-03 12:07:12 --> Undefined variable $id
in APPPATH\Views\Report-Tensile\detail.php on line 205.
 1 APPPATH\Views\Report-Tensile\detail.php(205): CodeIgniter\Debug\Exceptions->errorHandler(2, 'Undefined variable $id', 'APPPATH\\Views\\Report-Tensile\\detail.php', 205)
 2 SYSTEMPATH\View\View.php(213): include('APPPATH\\Views\\Report-Tensile\\detail.php')
 3 SYSTEMPATH\View\View.php(216): CodeIgniter\View\View->CodeIgniter\View\{closure}()
 4 SYSTEMPATH\Common.php(1137): CodeIgniter\View\View->render('report-tensile/detail', [], true)
 5 APPPATH\Controllers\ReportTensile.php(91): view('report-tensile/detail', [...])
 6 SYSTEMPATH\CodeIgniter.php(904): App\Controllers\ReportTensile->detailData('1')
 7 SYSTEMPATH\CodeIgniter.php(457): CodeIgniter\CodeIgniter->runController(Object(App\Controllers\ReportTensile))
 8 SYSTEMPATH\CodeIgniter.php(340): CodeIgniter\CodeIgniter->handleRequest(null, Object(Config\Cache), false)
 9 FCPATH\index.php(67): CodeIgniter\CodeIgniter->run()
CRITICAL - 2023-04-03 12:07:12 --> Undefined variable $id
in APPPATH\Views\Report-Tensile\detail.php on line 205.
 1 APPPATH\Views\Report-Tensile\detail.php(205): CodeIgniter\Debug\Exceptions->errorHandler(2, 'Undefined variable $id', 'APPPATH\\Views\\Report-Tensile\\detail.php', 205)
 2 SYSTEMPATH\View\View.php(213): include('APPPATH\\Views\\Report-Tensile\\detail.php')
 3 SYSTEMPATH\View\View.php(216): CodeIgniter\View\View->CodeIgniter\View\{closure}()
 4 SYSTEMPATH\Common.php(1137): CodeIgniter\View\View->render('report-tensile/detail', [], true)
 5 APPPATH\Controllers\ReportTensile.php(91): view('report-tensile/detail', [...])
 6 SYSTEMPATH\CodeIgniter.php(904): App\Controllers\ReportTensile->detailData('1')
 7 SYSTEMPATH\CodeIgniter.php(457): CodeIgniter\CodeIgniter->runController(Object(App\Controllers\ReportTensile))
 8 SYSTEMPATH\CodeIgniter.php(340): CodeIgniter\CodeIgniter->handleRequest(null, Object(Config\Cache), false)
 9 FCPATH\index.php(67): CodeIgniter\CodeIgniter->run()
CRITICAL - 2023-04-03 12:07:13 --> Undefined variable $id
in APPPATH\Views\Report-Tensile\detail.php on line 205.
 1 APPPATH\Views\Report-Tensile\detail.php(205): CodeIgniter\Debug\Exceptions->errorHandler(2, 'Undefined variable $id', 'APPPATH\\Views\\Report-Tensile\\detail.php', 205)
 2 SYSTEMPATH\View\View.php(213): include('APPPATH\\Views\\Report-Tensile\\detail.php')
 3 SYSTEMPATH\View\View.php(216): CodeIgniter\View\View->CodeIgniter\View\{closure}()
 4 SYSTEMPATH\Common.php(1137): CodeIgniter\View\View->render('report-tensile/detail', [], true)
 5 APPPATH\Controllers\ReportTensile.php(91): view('report-tensile/detail', [...])
 6 SYSTEMPATH\CodeIgniter.php(904): App\Controllers\ReportTensile->detailData('1')
 7 SYSTEMPATH\CodeIgniter.php(457): CodeIgniter\CodeIgniter->runController(Object(App\Controllers\ReportTensile))
 8 SYSTEMPATH\CodeIgniter.php(340): CodeIgniter\CodeIgniter->handleRequest(null, Object(Config\Cache), false)
 9 FCPATH\index.php(67): CodeIgniter\CodeIgniter->run()
CRITICAL - 2023-04-03 12:07:13 --> Undefined variable $id
in APPPATH\Views\Report-Tensile\detail.php on line 205.
 1 APPPATH\Views\Report-Tensile\detail.php(205): CodeIgniter\Debug\Exceptions->errorHandler(2, 'Undefined variable $id', 'APPPATH\\Views\\Report-Tensile\\detail.php', 205)
 2 SYSTEMPATH\View\View.php(213): include('APPPATH\\Views\\Report-Tensile\\detail.php')
 3 SYSTEMPATH\View\View.php(216): CodeIgniter\View\View->CodeIgniter\View\{closure}()
 4 SYSTEMPATH\Common.php(1137): CodeIgniter\View\View->render('report-tensile/detail', [], true)
 5 APPPATH\Controllers\ReportTensile.php(91): view('report-tensile/detail', [...])
 6 SYSTEMPATH\CodeIgniter.php(904): App\Controllers\ReportTensile->detailData('1')
 7 SYSTEMPATH\CodeIgniter.php(457): CodeIgniter\CodeIgniter->runController(Object(App\Controllers\ReportTensile))
 8 SYSTEMPATH\CodeIgniter.php(340): CodeIgniter\CodeIgniter->handleRequest(null, Object(Config\Cache), false)
 9 FCPATH\index.php(67): CodeIgniter\CodeIgniter->run()
CRITICAL - 2023-04-03 12:07:14 --> Undefined variable $id
in APPPATH\Views\Report-Tensile\detail.php on line 205.
 1 APPPATH\Views\Report-Tensile\detail.php(205): CodeIgniter\Debug\Exceptions->errorHandler(2, 'Undefined variable $id', 'APPPATH\\Views\\Report-Tensile\\detail.php', 205)
 2 SYSTEMPATH\View\View.php(213): include('APPPATH\\Views\\Report-Tensile\\detail.php')
 3 SYSTEMPATH\View\View.php(216): CodeIgniter\View\View->CodeIgniter\View\{closure}()
 4 SYSTEMPATH\Common.php(1137): CodeIgniter\View\View->render('report-tensile/detail', [], true)
 5 APPPATH\Controllers\ReportTensile.php(91): view('report-tensile/detail', [...])
 6 SYSTEMPATH\CodeIgniter.php(904): App\Controllers\ReportTensile->detailData('1')
 7 SYSTEMPATH\CodeIgniter.php(457): CodeIgniter\CodeIgniter->runController(Object(App\Controllers\ReportTensile))
 8 SYSTEMPATH\CodeIgniter.php(340): CodeIgniter\CodeIgniter->handleRequest(null, Object(Config\Cache), false)
 9 FCPATH\index.php(67): CodeIgniter\CodeIgniter->run()
CRITICAL - 2023-04-03 12:26:39 --> Undefined variable $id
in APPPATH\Views\Report-Tensile\detail.php on line 191.
 1 APPPATH\Views\Report-Tensile\detail.php(191): CodeIgniter\Debug\Exceptions->errorHandler(2, 'Undefined variable $id', 'APPPATH\\Views\\Report-Tensile\\detail.php', 191)
 2 SYSTEMPATH\View\View.php(213): include('APPPATH\\Views\\Report-Tensile\\detail.php')
 3 SYSTEMPATH\View\View.php(216): CodeIgniter\View\View->CodeIgniter\View\{closure}()
 4 SYSTEMPATH\Common.php(1137): CodeIgniter\View\View->render('report-tensile/detail', [], true)
 5 APPPATH\Controllers\ReportTensile.php(91): view('report-tensile/detail', [...])
 6 SYSTEMPATH\CodeIgniter.php(904): App\Controllers\ReportTensile->detailData('1')
 7 SYSTEMPATH\CodeIgniter.php(457): CodeIgniter\CodeIgniter->runController(Object(App\Controllers\ReportTensile))
 8 SYSTEMPATH\CodeIgniter.php(340): CodeIgniter\CodeIgniter->handleRequest(null, Object(Config\Cache), false)
 9 FCPATH\index.php(67): CodeIgniter\CodeIgniter->run()
CRITICAL - 2023-04-03 12:37:35 --> Undefined variable $start
in APPPATH\Views\Report-Tensile\detail.php on line 209.
 1 APPPATH\Views\Report-Tensile\detail.php(209): CodeIgniter\Debug\Exceptions->errorHandler(2, 'Undefined variable $start', 'APPPATH\\Views\\Report-Tensile\\detail.php', 209)
 2 SYSTEMPATH\View\View.php(213): include('APPPATH\\Views\\Report-Tensile\\detail.php')
 3 SYSTEMPATH\View\View.php(216): CodeIgniter\View\View->CodeIgniter\View\{closure}()
 4 SYSTEMPATH\Common.php(1137): CodeIgniter\View\View->render('report-tensile/detail', [], true)
 5 APPPATH\Controllers\ReportTensile.php(92): view('report-tensile/detail', [...])
 6 SYSTEMPATH\CodeIgniter.php(904): App\Controllers\ReportTensile->detailData('1')
 7 SYSTEMPATH\CodeIgniter.php(457): CodeIgniter\CodeIgniter->runController(Object(App\Controllers\ReportTensile))
 8 SYSTEMPATH\CodeIgniter.php(340): CodeIgniter\CodeIgniter->handleRequest(null, Object(Config\Cache), false)
 9 FCPATH\index.php(67): CodeIgniter\CodeIgniter->run()
CRITICAL - 2023-04-03 14:12:59 --> Too few arguments to function App\Controllers\ReportTensile::detailData(), 1 passed in C:\xampp\htdocs\beton\vendor\codeigniter4\framework\system\CodeIgniter.php on line 904 and exactly 3 expected
in APPPATH\Controllers\ReportTensile.php on line 53.
 1 SYSTEMPATH\CodeIgniter.php(904): App\Controllers\ReportTensile->detailData('7')
 2 SYSTEMPATH\CodeIgniter.php(457): CodeIgniter\CodeIgniter->runController(Object(App\Controllers\ReportTensile))
 3 SYSTEMPATH\CodeIgniter.php(340): CodeIgniter\CodeIgniter->handleRequest(null, Object(Config\Cache), false)
 4 FCPATH\index.php(67): CodeIgniter\CodeIgniter->run()
CRITICAL - 2023-04-03 14:13:18 --> Too few arguments to function App\Controllers\ReportTensile::detailData(), 1 passed in C:\xampp\htdocs\beton\vendor\codeigniter4\framework\system\CodeIgniter.php on line 904 and exactly 3 expected
in APPPATH\Controllers\ReportTensile.php on line 53.
 1 SYSTEMPATH\CodeIgniter.php(904): App\Controllers\ReportTensile->detailData('7')
 2 SYSTEMPATH\CodeIgniter.php(457): CodeIgniter\CodeIgniter->runController(Object(App\Controllers\ReportTensile))
 3 SYSTEMPATH\CodeIgniter.php(340): CodeIgniter\CodeIgniter->handleRequest(null, Object(Config\Cache), false)
 4 FCPATH\index.php(67): CodeIgniter\CodeIgniter->run()
CRITICAL - 2023-04-03 14:28:09 --> Undefined variable $url
in APPPATH\Views\Report-Tensile\detail.php on line 66.
 1 APPPATH\Views\Report-Tensile\detail.php(66): CodeIgniter\Debug\Exceptions->errorHandler(2, 'Undefined variable $url', 'APPPATH\\Views\\Report-Tensile\\detail.php', 66)
 2 SYSTEMPATH\View\View.php(213): include('APPPATH\\Views\\Report-Tensile\\detail.php')
 3 SYSTEMPATH\View\View.php(216): CodeIgniter\View\View->CodeIgniter\View\{closure}()
 4 SYSTEMPATH\Common.php(1137): CodeIgniter\View\View->render('report-tensile/detail', [], true)
 5 APPPATH\Controllers\ReportTensile.php(78): view('report-tensile/detail', [...])
 6 SYSTEMPATH\CodeIgniter.php(904): App\Controllers\ReportTensile->detailData('7', '2023-03-05', '2023-04-03')
 7 SYSTEMPATH\CodeIgniter.php(457): CodeIgniter\CodeIgniter->runController(Object(App\Controllers\ReportTensile))
 8 SYSTEMPATH\CodeIgniter.php(340): CodeIgniter\CodeIgniter->handleRequest(null, Object(Config\Cache), false)
 9 FCPATH\index.php(67): CodeIgniter\CodeIgniter->run()
CRITICAL - 2023-04-03 15:15:01 --> Undefined array key "batcht_id"
in APPPATH\Views\Report-Bending\index.php on line 92.
 1 APPPATH\Views\Report-Bending\index.php(92): CodeIgniter\Debug\Exceptions->errorHandler(2, 'Undefined array key "batcht_id"', 'APPPATH\\Views\\Report-Bending\\index.php', 92)
 2 SYSTEMPATH\View\View.php(213): include('APPPATH\\Views\\Report-Bending\\index.php')
 3 SYSTEMPATH\View\View.php(216): CodeIgniter\View\View->CodeIgniter\View\{closure}()
 4 SYSTEMPATH\Common.php(1137): CodeIgniter\View\View->render('report-bending/index', [], true)
 5 APPPATH\Controllers\ReportBending.php(47): view('report-bending/index', [...])
 6 SYSTEMPATH\CodeIgniter.php(904): App\Controllers\ReportBending->index('2023-03-28', '2023-04-03')
 7 SYSTEMPATH\CodeIgniter.php(457): CodeIgniter\CodeIgniter->runController(Object(App\Controllers\ReportBending))
 8 SYSTEMPATH\CodeIgniter.php(340): CodeIgniter\CodeIgniter->handleRequest(null, Object(Config\Cache), false)
 9 FCPATH\index.php(67): CodeIgniter\CodeIgniter->run()
CRITICAL - 2023-04-03 15:15:32 --> Undefined array key "batcht_id"
in APPPATH\Views\Report-Bending\detail.php on line 31.
 1 APPPATH\Views\Report-Bending\detail.php(31): CodeIgniter\Debug\Exceptions->errorHandler(2, 'Undefined array key "batcht_id"', 'APPPATH\\Views\\Report-Bending\\detail.php', 31)
 2 SYSTEMPATH\View\View.php(213): include('APPPATH\\Views\\Report-Bending\\detail.php')
 3 SYSTEMPATH\View\View.php(216): CodeIgniter\View\View->CodeIgniter\View\{closure}()
 4 SYSTEMPATH\Common.php(1137): CodeIgniter\View\View->render('report-bending/detail', [], true)
 5 APPPATH\Controllers\ReportBending.php(78): view('report-bending/detail', [...])
 6 SYSTEMPATH\CodeIgniter.php(904): App\Controllers\ReportBending->detailData('8', '2023-03-28', '2023-04-03')
 7 SYSTEMPATH\CodeIgniter.php(457): CodeIgniter\CodeIgniter->runController(Object(App\Controllers\ReportBending))
 8 SYSTEMPATH\CodeIgniter.php(340): CodeIgniter\CodeIgniter->handleRequest(null, Object(Config\Cache), false)
 9 FCPATH\index.php(67): CodeIgniter\CodeIgniter->run()
