CRITICAL - 2023-02-16 10:08:50 --> Undefined array key "id"
in APPPATH\Views\account.php on line 13.
 1 APPPATH\Views\account.php(13): CodeIgniter\Debug\Exceptions->errorHandler(2, 'Undefined array key "id"', 'APPPATH\\Views\\account.php', 13)
 2 SYSTEMPATH\View\View.php(213): include('APPPATH\\Views\\account.php')
 3 SYSTEMPATH\View\View.php(216): CodeIgniter\View\View->CodeIgniter\View\{closure}()
 4 SYSTEMPATH\Common.php(1137): CodeIgniter\View\View->render('account', [], true)
 5 APPPATH\Controllers\Account.php(24): view('account', [...])
 6 SYSTEMPATH\CodeIgniter.php(904): App\Controllers\Account->index()
 7 SYSTEMPATH\CodeIgniter.php(457): CodeIgniter\CodeIgniter->runController(Object(App\Controllers\Account))
 8 SYSTEMPATH\CodeIgniter.php(340): CodeIgniter\CodeIgniter->handleRequest(null, Object(Config\Cache), false)
 9 FCPATH\index.php(67): CodeIgniter\CodeIgniter->run()
CRITICAL - 2023-02-16 10:09:18 --> Undefined array key "email"
in APPPATH\Views\account.php on line 18.
 1 APPPATH\Views\account.php(18): CodeIgniter\Debug\Exceptions->errorHandler(2, 'Undefined array key "email"', 'APPPATH\\Views\\account.php', 18)
 2 SYSTEMPATH\View\View.php(213): include('APPPATH\\Views\\account.php')
 3 SYSTEMPATH\View\View.php(216): CodeIgniter\View\View->CodeIgniter\View\{closure}()
 4 SYSTEMPATH\Common.php(1137): CodeIgniter\View\View->render('account', [], true)
 5 APPPATH\Controllers\Account.php(24): view('account', [...])
 6 SYSTEMPATH\CodeIgniter.php(904): App\Controllers\Account->index()
 7 SYSTEMPATH\CodeIgniter.php(457): CodeIgniter\CodeIgniter->runController(Object(App\Controllers\Account))
 8 SYSTEMPATH\CodeIgniter.php(340): CodeIgniter\CodeIgniter->handleRequest(null, Object(Config\Cache), false)
 9 FCPATH\index.php(67): CodeIgniter\CodeIgniter->run()
CRITICAL - 2023-02-16 10:11:33 --> Undefined variable $user
in APPPATH\Views\account.php on line 18.
 1 APPPATH\Views\account.php(18): CodeIgniter\Debug\Exceptions->errorHandler(2, 'Undefined variable $user', 'APPPATH\\Views\\account.php', 18)
 2 SYSTEMPATH\View\View.php(213): include('APPPATH\\Views\\account.php')
 3 SYSTEMPATH\View\View.php(216): CodeIgniter\View\View->CodeIgniter\View\{closure}()
 4 SYSTEMPATH\Common.php(1137): CodeIgniter\View\View->render('account', [], true)
 5 APPPATH\Controllers\Account.php(24): view('account', [...])
 6 SYSTEMPATH\CodeIgniter.php(904): App\Controllers\Account->index()
 7 SYSTEMPATH\CodeIgniter.php(457): CodeIgniter\CodeIgniter->runController(Object(App\Controllers\Account))
 8 SYSTEMPATH\CodeIgniter.php(340): CodeIgniter\CodeIgniter->handleRequest(null, Object(Config\Cache), false)
 9 FCPATH\index.php(67): CodeIgniter\CodeIgniter->run()
CRITICAL - 2023-02-16 10:12:03 --> Undefined variable $ses
in APPPATH\Views\account.php on line 18.
 1 APPPATH\Views\account.php(18): CodeIgniter\Debug\Exceptions->errorHandler(2, 'Undefined variable $ses', 'APPPATH\\Views\\account.php', 18)
 2 SYSTEMPATH\View\View.php(213): include('APPPATH\\Views\\account.php')
 3 SYSTEMPATH\View\View.php(216): CodeIgniter\View\View->CodeIgniter\View\{closure}()
 4 SYSTEMPATH\Common.php(1137): CodeIgniter\View\View->render('account', [], true)
 5 APPPATH\Controllers\Account.php(24): view('account', [...])
 6 SYSTEMPATH\CodeIgniter.php(904): App\Controllers\Account->index()
 7 SYSTEMPATH\CodeIgniter.php(457): CodeIgniter\CodeIgniter->runController(Object(App\Controllers\Account))
 8 SYSTEMPATH\CodeIgniter.php(340): CodeIgniter\CodeIgniter->handleRequest(null, Object(Config\Cache), false)
 9 FCPATH\index.php(67): CodeIgniter\CodeIgniter->run()
