ERROR - 2023-10-05 09:33:49 --> ErrorException: pg_query(): Query failed: ERROR:  null value in column &quot;kategory_barang&quot; of relation &quot;barang&quot; violates not-null constraint
DETAIL:  Failing row contains (33, null, null, null, null, null, 1696473227.png). in C:\xampp\htdocs\app-product\vendor\codeigniter4\framework\system\Database\Postgre\Connection.php:140
Stack trace:
#0 [internal function]: CodeIgniter\Debug\Exceptions->errorHandler(2, 'pg_query(): Que...', 'C:\\xampp\\htdocs...', 140)
#1 C:\xampp\htdocs\app-product\vendor\codeigniter4\framework\system\Database\Postgre\Connection.php(140): pg_query(Object(PgSql\Connection), 'INSERT INTO "ba...')
#2 C:\xampp\htdocs\app-product\vendor\codeigniter4\framework\system\Database\BaseConnection.php(693): CodeIgniter\Database\Postgre\Connection->execute('INSERT INTO "ba...')
#3 C:\xampp\htdocs\app-product\vendor\codeigniter4\framework\system\Database\BaseConnection.php(620): CodeIgniter\Database\BaseConnection->simpleQuery('INSERT INTO "ba...')
#4 C:\xampp\htdocs\app-product\vendor\codeigniter4\framework\system\Database\BaseBuilder.php(1916): CodeIgniter\Database\BaseConnection->query('INSERT INTO "ba...', Array, false)
#5 C:\xampp\htdocs\app-product\vendor\codeigniter4\framework\system\Model.php(278): CodeIgniter\Database\BaseBuilder->insert()
#6 C:\xampp\htdocs\app-product\vendor\codeigniter4\framework\system\BaseModel.php(738): CodeIgniter\Model->doInsert(Array)
#7 C:\xampp\htdocs\app-product\vendor\codeigniter4\framework\system\Model.php(666): CodeIgniter\BaseModel->insert(Array, true)
#8 C:\xampp\htdocs\app-product\app\Controllers\BarangController.php(113): CodeIgniter\Model->insert(Array)
#9 C:\xampp\htdocs\app-product\vendor\codeigniter4\framework\system\CodeIgniter.php(904): App\Controllers\BarangController->createsave()
#10 C:\xampp\htdocs\app-product\vendor\codeigniter4\framework\system\CodeIgniter.php(457): CodeIgniter\CodeIgniter->runController(Object(App\Controllers\BarangController))
#11 C:\xampp\htdocs\app-product\vendor\codeigniter4\framework\system\CodeIgniter.php(340): CodeIgniter\CodeIgniter->handleRequest(NULL, Object(Config\Cache), false)
#12 C:\xampp\htdocs\app-product\public\index.php(67): CodeIgniter\CodeIgniter->run()
#13 {main}
CRITICAL - 2023-10-05 09:33:49 --> pg_query(): Query failed: ERROR:  null value in column &quot;kategory_barang&quot; of relation &quot;barang&quot; violates not-null constraint
DETAIL:  Failing row contains (33, null, null, null, null, null, 1696473227.png).
in SYSTEMPATH\Database\Postgre\Connection.php on line 140.
 1 [internal function]: CodeIgniter\Debug\Exceptions->errorHandler(2, 'pg_query(): Query failed: ERROR:  null value in column &quot;kategory_barang&quot; of relation &quot;barang&quot; violates not-null constraint
DETAIL:  Failing row contains (33, null, null, null, null, null, 1696473227.png).', 'SYSTEMPATH\\Database\\Postgre\\Connection.php', 140)
 2 SYSTEMPATH\Database\Postgre\Connection.php(140): pg_query(Object(PgSql\Connection), 'INSERT INTO "barang" ("image") VALUES (\'1696473227.png\')')
 3 SYSTEMPATH\Database\BaseConnection.php(693): CodeIgniter\Database\Postgre\Connection->execute('INSERT INTO "barang" ("image") VALUES (\'1696473227.png\')')
 4 SYSTEMPATH\Database\BaseConnection.php(620): CodeIgniter\Database\BaseConnection->simpleQuery('INSERT INTO "barang" ("image") VALUES (\'1696473227.png\')')
 5 SYSTEMPATH\Database\BaseBuilder.php(1916): CodeIgniter\Database\BaseConnection->query('INSERT INTO "barang" ("image") VALUES (:image:)', [...], false)
 6 SYSTEMPATH\Model.php(278): CodeIgniter\Database\BaseBuilder->insert()
 7 SYSTEMPATH\BaseModel.php(738): CodeIgniter\Model->doInsert([...])
 8 SYSTEMPATH\Model.php(666): CodeIgniter\BaseModel->insert([...], true)
 9 APPPATH\Controllers\BarangController.php(113): CodeIgniter\Model->insert([...])
10 SYSTEMPATH\CodeIgniter.php(904): App\Controllers\BarangController->createsave()
11 SYSTEMPATH\CodeIgniter.php(457): CodeIgniter\CodeIgniter->runController(Object(App\Controllers\BarangController))
12 SYSTEMPATH\CodeIgniter.php(340): CodeIgniter\CodeIgniter->handleRequest(null, Object(Config\Cache), false)
13 FCPATH\index.php(67): CodeIgniter\CodeIgniter->run()
ERROR - 2023-10-05 09:36:02 --> ErrorException: pg_query(): Query failed: ERROR:  null value in column &quot;kategory_barang&quot; of relation &quot;barang&quot; violates not-null constraint
DETAIL:  Failing row contains (34, null, null, null, null, null, 1696473361.png). in C:\xampp\htdocs\app-product\vendor\codeigniter4\framework\system\Database\Postgre\Connection.php:140
Stack trace:
#0 [internal function]: CodeIgniter\Debug\Exceptions->errorHandler(2, 'pg_query(): Que...', 'C:\\xampp\\htdocs...', 140)
#1 C:\xampp\htdocs\app-product\vendor\codeigniter4\framework\system\Database\Postgre\Connection.php(140): pg_query(Object(PgSql\Connection), 'INSERT INTO "ba...')
#2 C:\xampp\htdocs\app-product\vendor\codeigniter4\framework\system\Database\BaseConnection.php(693): CodeIgniter\Database\Postgre\Connection->execute('INSERT INTO "ba...')
#3 C:\xampp\htdocs\app-product\vendor\codeigniter4\framework\system\Database\BaseConnection.php(620): CodeIgniter\Database\BaseConnection->simpleQuery('INSERT INTO "ba...')
#4 C:\xampp\htdocs\app-product\vendor\codeigniter4\framework\system\Database\BaseBuilder.php(1916): CodeIgniter\Database\BaseConnection->query('INSERT INTO "ba...', Array, false)
#5 C:\xampp\htdocs\app-product\vendor\codeigniter4\framework\system\Model.php(278): CodeIgniter\Database\BaseBuilder->insert()
#6 C:\xampp\htdocs\app-product\vendor\codeigniter4\framework\system\BaseModel.php(738): CodeIgniter\Model->doInsert(Array)
#7 C:\xampp\htdocs\app-product\vendor\codeigniter4\framework\system\Model.php(666): CodeIgniter\BaseModel->insert(Array, true)
#8 C:\xampp\htdocs\app-product\app\Controllers\BarangController.php(113): CodeIgniter\Model->insert(Array)
#9 C:\xampp\htdocs\app-product\vendor\codeigniter4\framework\system\CodeIgniter.php(904): App\Controllers\BarangController->createsave()
#10 C:\xampp\htdocs\app-product\vendor\codeigniter4\framework\system\CodeIgniter.php(457): CodeIgniter\CodeIgniter->runController(Object(App\Controllers\BarangController))
#11 C:\xampp\htdocs\app-product\vendor\codeigniter4\framework\system\CodeIgniter.php(340): CodeIgniter\CodeIgniter->handleRequest(NULL, Object(Config\Cache), false)
#12 C:\xampp\htdocs\app-product\public\index.php(67): CodeIgniter\CodeIgniter->run()
#13 {main}
CRITICAL - 2023-10-05 09:36:02 --> pg_query(): Query failed: ERROR:  null value in column &quot;kategory_barang&quot; of relation &quot;barang&quot; violates not-null constraint
DETAIL:  Failing row contains (34, null, null, null, null, null, 1696473361.png).
in SYSTEMPATH\Database\Postgre\Connection.php on line 140.
 1 [internal function]: CodeIgniter\Debug\Exceptions->errorHandler(2, 'pg_query(): Query failed: ERROR:  null value in column &quot;kategory_barang&quot; of relation &quot;barang&quot; violates not-null constraint
DETAIL:  Failing row contains (34, null, null, null, null, null, 1696473361.png).', 'SYSTEMPATH\\Database\\Postgre\\Connection.php', 140)
 2 SYSTEMPATH\Database\Postgre\Connection.php(140): pg_query(Object(PgSql\Connection), 'INSERT INTO "barang" ("image") VALUES (\'1696473361.png\')')
 3 SYSTEMPATH\Database\BaseConnection.php(693): CodeIgniter\Database\Postgre\Connection->execute('INSERT INTO "barang" ("image") VALUES (\'1696473361.png\')')
 4 SYSTEMPATH\Database\BaseConnection.php(620): CodeIgniter\Database\BaseConnection->simpleQuery('INSERT INTO "barang" ("image") VALUES (\'1696473361.png\')')
 5 SYSTEMPATH\Database\BaseBuilder.php(1916): CodeIgniter\Database\BaseConnection->query('INSERT INTO "barang" ("image") VALUES (:image:)', [...], false)
 6 SYSTEMPATH\Model.php(278): CodeIgniter\Database\BaseBuilder->insert()
 7 SYSTEMPATH\BaseModel.php(738): CodeIgniter\Model->doInsert([...])
 8 SYSTEMPATH\Model.php(666): CodeIgniter\BaseModel->insert([...], true)
 9 APPPATH\Controllers\BarangController.php(113): CodeIgniter\Model->insert([...])
10 SYSTEMPATH\CodeIgniter.php(904): App\Controllers\BarangController->createsave()
11 SYSTEMPATH\CodeIgniter.php(457): CodeIgniter\CodeIgniter->runController(Object(App\Controllers\BarangController))
12 SYSTEMPATH\CodeIgniter.php(340): CodeIgniter\CodeIgniter->handleRequest(null, Object(Config\Cache), false)
13 FCPATH\index.php(67): CodeIgniter\CodeIgniter->run()
ERROR - 2023-10-05 09:36:47 --> ErrorException: pg_query(): Query failed: ERROR:  null value in column &quot;kategory_barang&quot; of relation &quot;barang&quot; violates not-null constraint
DETAIL:  Failing row contains (35, null, null, null, null, null, 1696473407.png). in C:\xampp\htdocs\app-product\vendor\codeigniter4\framework\system\Database\Postgre\Connection.php:140
Stack trace:
#0 [internal function]: CodeIgniter\Debug\Exceptions->errorHandler(2, 'pg_query(): Que...', 'C:\\xampp\\htdocs...', 140)
#1 C:\xampp\htdocs\app-product\vendor\codeigniter4\framework\system\Database\Postgre\Connection.php(140): pg_query(Object(PgSql\Connection), 'INSERT INTO "ba...')
#2 C:\xampp\htdocs\app-product\vendor\codeigniter4\framework\system\Database\BaseConnection.php(693): CodeIgniter\Database\Postgre\Connection->execute('INSERT INTO "ba...')
#3 C:\xampp\htdocs\app-product\vendor\codeigniter4\framework\system\Database\BaseConnection.php(620): CodeIgniter\Database\BaseConnection->simpleQuery('INSERT INTO "ba...')
#4 C:\xampp\htdocs\app-product\vendor\codeigniter4\framework\system\Database\BaseBuilder.php(1916): CodeIgniter\Database\BaseConnection->query('INSERT INTO "ba...', Array, false)
#5 C:\xampp\htdocs\app-product\vendor\codeigniter4\framework\system\Model.php(278): CodeIgniter\Database\BaseBuilder->insert()
#6 C:\xampp\htdocs\app-product\vendor\codeigniter4\framework\system\BaseModel.php(738): CodeIgniter\Model->doInsert(Array)
#7 C:\xampp\htdocs\app-product\vendor\codeigniter4\framework\system\Model.php(666): CodeIgniter\BaseModel->insert(Array, true)
#8 C:\xampp\htdocs\app-product\app\Controllers\BarangController.php(113): CodeIgniter\Model->insert(Array)
#9 C:\xampp\htdocs\app-product\vendor\codeigniter4\framework\system\CodeIgniter.php(904): App\Controllers\BarangController->createsave()
#10 C:\xampp\htdocs\app-product\vendor\codeigniter4\framework\system\CodeIgniter.php(457): CodeIgniter\CodeIgniter->runController(Object(App\Controllers\BarangController))
#11 C:\xampp\htdocs\app-product\vendor\codeigniter4\framework\system\CodeIgniter.php(340): CodeIgniter\CodeIgniter->handleRequest(NULL, Object(Config\Cache), false)
#12 C:\xampp\htdocs\app-product\public\index.php(67): CodeIgniter\CodeIgniter->run()
#13 {main}
CRITICAL - 2023-10-05 09:36:47 --> pg_query(): Query failed: ERROR:  null value in column &quot;kategory_barang&quot; of relation &quot;barang&quot; violates not-null constraint
DETAIL:  Failing row contains (35, null, null, null, null, null, 1696473407.png).
in SYSTEMPATH\Database\Postgre\Connection.php on line 140.
 1 [internal function]: CodeIgniter\Debug\Exceptions->errorHandler(2, 'pg_query(): Query failed: ERROR:  null value in column &quot;kategory_barang&quot; of relation &quot;barang&quot; violates not-null constraint
DETAIL:  Failing row contains (35, null, null, null, null, null, 1696473407.png).', 'SYSTEMPATH\\Database\\Postgre\\Connection.php', 140)
 2 SYSTEMPATH\Database\Postgre\Connection.php(140): pg_query(Object(PgSql\Connection), 'INSERT INTO "barang" ("image") VALUES (\'1696473407.png\')')
 3 SYSTEMPATH\Database\BaseConnection.php(693): CodeIgniter\Database\Postgre\Connection->execute('INSERT INTO "barang" ("image") VALUES (\'1696473407.png\')')
 4 SYSTEMPATH\Database\BaseConnection.php(620): CodeIgniter\Database\BaseConnection->simpleQuery('INSERT INTO "barang" ("image") VALUES (\'1696473407.png\')')
 5 SYSTEMPATH\Database\BaseBuilder.php(1916): CodeIgniter\Database\BaseConnection->query('INSERT INTO "barang" ("image") VALUES (:image:)', [...], false)
 6 SYSTEMPATH\Model.php(278): CodeIgniter\Database\BaseBuilder->insert()
 7 SYSTEMPATH\BaseModel.php(738): CodeIgniter\Model->doInsert([...])
 8 SYSTEMPATH\Model.php(666): CodeIgniter\BaseModel->insert([...], true)
 9 APPPATH\Controllers\BarangController.php(113): CodeIgniter\Model->insert([...])
10 SYSTEMPATH\CodeIgniter.php(904): App\Controllers\BarangController->createsave()
11 SYSTEMPATH\CodeIgniter.php(457): CodeIgniter\CodeIgniter->runController(Object(App\Controllers\BarangController))
12 SYSTEMPATH\CodeIgniter.php(340): CodeIgniter\CodeIgniter->handleRequest(null, Object(Config\Cache), false)
13 FCPATH\index.php(67): CodeIgniter\CodeIgniter->run()
ERROR - 2023-10-05 09:36:53 --> ErrorException: pg_query(): Query failed: ERROR:  null value in column &quot;kategory_barang&quot; of relation &quot;barang&quot; violates not-null constraint
DETAIL:  Failing row contains (36, null, null, null, null, null, 1696473407.png). in C:\xampp\htdocs\app-product\vendor\codeigniter4\framework\system\Database\Postgre\Connection.php:140
Stack trace:
#0 [internal function]: CodeIgniter\Debug\Exceptions->errorHandler(2, 'pg_query(): Que...', 'C:\\xampp\\htdocs...', 140)
#1 C:\xampp\htdocs\app-product\vendor\codeigniter4\framework\system\Database\Postgre\Connection.php(140): pg_query(Object(PgSql\Connection), 'INSERT INTO "ba...')
#2 C:\xampp\htdocs\app-product\vendor\codeigniter4\framework\system\Database\BaseConnection.php(693): CodeIgniter\Database\Postgre\Connection->execute('INSERT INTO "ba...')
#3 C:\xampp\htdocs\app-product\vendor\codeigniter4\framework\system\Database\BaseConnection.php(620): CodeIgniter\Database\BaseConnection->simpleQuery('INSERT INTO "ba...')
#4 C:\xampp\htdocs\app-product\vendor\codeigniter4\framework\system\Database\BaseBuilder.php(1916): CodeIgniter\Database\BaseConnection->query('INSERT INTO "ba...', Array, false)
#5 C:\xampp\htdocs\app-product\vendor\codeigniter4\framework\system\Model.php(278): CodeIgniter\Database\BaseBuilder->insert()
#6 C:\xampp\htdocs\app-product\vendor\codeigniter4\framework\system\BaseModel.php(738): CodeIgniter\Model->doInsert(Array)
#7 C:\xampp\htdocs\app-product\vendor\codeigniter4\framework\system\Model.php(666): CodeIgniter\BaseModel->insert(Array, true)
#8 C:\xampp\htdocs\app-product\app\Controllers\BarangController.php(113): CodeIgniter\Model->insert(Array)
#9 C:\xampp\htdocs\app-product\vendor\codeigniter4\framework\system\CodeIgniter.php(904): App\Controllers\BarangController->createsave()
#10 C:\xampp\htdocs\app-product\vendor\codeigniter4\framework\system\CodeIgniter.php(457): CodeIgniter\CodeIgniter->runController(Object(App\Controllers\BarangController))
#11 C:\xampp\htdocs\app-product\vendor\codeigniter4\framework\system\CodeIgniter.php(340): CodeIgniter\CodeIgniter->handleRequest(NULL, Object(Config\Cache), false)
#12 C:\xampp\htdocs\app-product\public\index.php(67): CodeIgniter\CodeIgniter->run()
#13 {main}
CRITICAL - 2023-10-05 09:36:53 --> pg_query(): Query failed: ERROR:  null value in column &quot;kategory_barang&quot; of relation &quot;barang&quot; violates not-null constraint
DETAIL:  Failing row contains (36, null, null, null, null, null, 1696473407.png).
in SYSTEMPATH\Database\Postgre\Connection.php on line 140.
 1 [internal function]: CodeIgniter\Debug\Exceptions->errorHandler(2, 'pg_query(): Query failed: ERROR:  null value in column &quot;kategory_barang&quot; of relation &quot;barang&quot; violates not-null constraint
DETAIL:  Failing row contains (36, null, null, null, null, null, 1696473407.png).', 'SYSTEMPATH\\Database\\Postgre\\Connection.php', 140)
 2 SYSTEMPATH\Database\Postgre\Connection.php(140): pg_query(Object(PgSql\Connection), 'INSERT INTO "barang" ("image") VALUES (\'1696473407.png\')')
 3 SYSTEMPATH\Database\BaseConnection.php(693): CodeIgniter\Database\Postgre\Connection->execute('INSERT INTO "barang" ("image") VALUES (\'1696473407.png\')')
 4 SYSTEMPATH\Database\BaseConnection.php(620): CodeIgniter\Database\BaseConnection->simpleQuery('INSERT INTO "barang" ("image") VALUES (\'1696473407.png\')')
 5 SYSTEMPATH\Database\BaseBuilder.php(1916): CodeIgniter\Database\BaseConnection->query('INSERT INTO "barang" ("image") VALUES (:image:)', [...], false)
 6 SYSTEMPATH\Model.php(278): CodeIgniter\Database\BaseBuilder->insert()
 7 SYSTEMPATH\BaseModel.php(738): CodeIgniter\Model->doInsert([...])
 8 SYSTEMPATH\Model.php(666): CodeIgniter\BaseModel->insert([...], true)
 9 APPPATH\Controllers\BarangController.php(113): CodeIgniter\Model->insert([...])
10 SYSTEMPATH\CodeIgniter.php(904): App\Controllers\BarangController->createsave()
11 SYSTEMPATH\CodeIgniter.php(457): CodeIgniter\CodeIgniter->runController(Object(App\Controllers\BarangController))
12 SYSTEMPATH\CodeIgniter.php(340): CodeIgniter\CodeIgniter->handleRequest(null, Object(Config\Cache), false)
13 FCPATH\index.php(67): CodeIgniter\CodeIgniter->run()
CRITICAL - 2023-10-05 09:47:22 --> Class "700000910000" not found
in SYSTEMPATH\Database\BaseConnection.php on line 594.
 1 APPPATH\Models\BarangModel.php(55): CodeIgniter\Database\BaseConnection->query('INSERT INTO barang (kategory_barang,nama_barang,harga_beli,harga_jual,stok_barang,image) VALUES 
		(? ,?,?,?,?,?)', 'Alat Olahraga', true, '700000910000', '3', '1696474041.png')
 2 APPPATH\Controllers\BarangController.php(113): App\Models\BarangModel->insertData([...])
 3 SYSTEMPATH\CodeIgniter.php(904): App\Controllers\BarangController->createsave()
 4 SYSTEMPATH\CodeIgniter.php(457): CodeIgniter\CodeIgniter->runController(Object(App\Controllers\BarangController))
 5 SYSTEMPATH\CodeIgniter.php(340): CodeIgniter\CodeIgniter->handleRequest(null, Object(Config\Cache), false)
 6 FCPATH\index.php(67): CodeIgniter\CodeIgniter->run()
CRITICAL - 2023-10-05 09:48:49 --> Class "233000" not found
in SYSTEMPATH\Database\BaseConnection.php on line 594.
 1 APPPATH\Models\BarangModel.php(54): CodeIgniter\Database\BaseConnection->query('INSERT INTO barang (kategory_barang,nama_barang,harga_beli,harga_jual,stok_barang,image) VALUES 
		(?,?,?,?,?,?)', 'Alat Olahraga', true, '233000', '302900', '12', '1696474128.png')
 2 APPPATH\Controllers\BarangController.php(113): App\Models\BarangModel->insertData([...])
 3 SYSTEMPATH\CodeIgniter.php(904): App\Controllers\BarangController->createsave()
 4 SYSTEMPATH\CodeIgniter.php(457): CodeIgniter\CodeIgniter->runController(Object(App\Controllers\BarangController))
 5 SYSTEMPATH\CodeIgniter.php(340): CodeIgniter\CodeIgniter->handleRequest(null, Object(Config\Cache), false)
 6 FCPATH\index.php(67): CodeIgniter\CodeIgniter->run()
CRITICAL - 2023-10-05 09:49:44 --> Class "600000" not found
in SYSTEMPATH\Database\BaseConnection.php on line 594.
 1 APPPATH\Models\BarangModel.php(54): CodeIgniter\Database\BaseConnection->query('INSERT INTO barang (kategory_barang,nama_barang,harga_beli,harga_jual,stok_barang,image) VALUES 
		(?,?,?,?,?,?)', 'Alat Olahraga', true, '600000', '780000', '10', '1696474183.png')
 2 APPPATH\Controllers\BarangController.php(113): App\Models\BarangModel->insertData([...])
 3 SYSTEMPATH\CodeIgniter.php(904): App\Controllers\BarangController->createsave()
 4 SYSTEMPATH\CodeIgniter.php(457): CodeIgniter\CodeIgniter->runController(Object(App\Controllers\BarangController))
 5 SYSTEMPATH\CodeIgniter.php(340): CodeIgniter\CodeIgniter->handleRequest(null, Object(Config\Cache), false)
 6 FCPATH\index.php(67): CodeIgniter\CodeIgniter->run()
CRITICAL - 2023-10-05 09:50:31 --> Class "60000" not found
in SYSTEMPATH\Database\BaseConnection.php on line 594.
 1 APPPATH\Models\BarangModel.php(54): CodeIgniter\Database\BaseConnection->query('INSERT INTO barang (kategory_barang,nama_barang,harga_beli,harga_jual,stok_barang,image) VALUES 
		(?,?,?,?,?,?)', 'Alat Olahraga', true, '60000', '78000', '12', '1696474230.png')
 2 APPPATH\Controllers\BarangController.php(113): App\Models\BarangModel->insertData([...])
 3 SYSTEMPATH\CodeIgniter.php(904): App\Controllers\BarangController->createsave()
 4 SYSTEMPATH\CodeIgniter.php(457): CodeIgniter\CodeIgniter->runController(Object(App\Controllers\BarangController))
 5 SYSTEMPATH\CodeIgniter.php(340): CodeIgniter\CodeIgniter->handleRequest(null, Object(Config\Cache), false)
 6 FCPATH\index.php(67): CodeIgniter\CodeIgniter->run()
CRITICAL - 2023-10-05 09:54:14 --> Class "560000" not found
in SYSTEMPATH\Database\BaseConnection.php on line 594.
 1 APPPATH\Models\BarangModel.php(53): CodeIgniter\Database\BaseConnection->query('INSERT INTO barang (kategory_barang,nama_barang,harga_beli,harga_jual,stok_barang,image) VALUES (?,?,?,?,?,?)', 'Alat Olahraga', true, '560000', '728000', '12', '1696474448.png')
 2 APPPATH\Controllers\BarangController.php(113): App\Models\BarangModel->insertData([...])
 3 SYSTEMPATH\CodeIgniter.php(904): App\Controllers\BarangController->createsave()
 4 SYSTEMPATH\CodeIgniter.php(457): CodeIgniter\CodeIgniter->runController(Object(App\Controllers\BarangController))
 5 SYSTEMPATH\CodeIgniter.php(340): CodeIgniter\CodeIgniter->handleRequest(null, Object(Config\Cache), false)
 6 FCPATH\index.php(67): CodeIgniter\CodeIgniter->run()
ERROR - 2023-10-05 10:03:29 --> ErrorException: pg_query(): Query failed: ERROR:  syntax error at or near &quot;barang&quot;
LINE 1: DELETE barang where = '38' 
               ^ in C:\xampp\htdocs\app-product\vendor\codeigniter4\framework\system\Database\Postgre\Connection.php:140
Stack trace:
#0 [internal function]: CodeIgniter\Debug\Exceptions->errorHandler(2, 'pg_query(): Que...', 'C:\\xampp\\htdocs...', 140)
#1 C:\xampp\htdocs\app-product\vendor\codeigniter4\framework\system\Database\Postgre\Connection.php(140): pg_query(Object(PgSql\Connection), 'DELETE barang w...')
#2 C:\xampp\htdocs\app-product\vendor\codeigniter4\framework\system\Database\BaseConnection.php(693): CodeIgniter\Database\Postgre\Connection->execute('DELETE barang w...')
#3 C:\xampp\htdocs\app-product\vendor\codeigniter4\framework\system\Database\BaseConnection.php(620): CodeIgniter\Database\BaseConnection->simpleQuery('DELETE barang w...')
#4 C:\xampp\htdocs\app-product\app\Models\BarangModel.php(93): CodeIgniter\Database\BaseConnection->query('DELETE barang w...')
#5 C:\xampp\htdocs\app-product\app\Controllers\BarangController.php(138): App\Models\BarangModel->deleteData('38')
#6 C:\xampp\htdocs\app-product\vendor\codeigniter4\framework\system\CodeIgniter.php(904): App\Controllers\BarangController->delete()
#7 C:\xampp\htdocs\app-product\vendor\codeigniter4\framework\system\CodeIgniter.php(457): CodeIgniter\CodeIgniter->runController(Object(App\Controllers\BarangController))
#8 C:\xampp\htdocs\app-product\vendor\codeigniter4\framework\system\CodeIgniter.php(340): CodeIgniter\CodeIgniter->handleRequest(NULL, Object(Config\Cache), false)
#9 C:\xampp\htdocs\app-product\public\index.php(67): CodeIgniter\CodeIgniter->run()
#10 {main}
CRITICAL - 2023-10-05 10:03:29 --> pg_query(): Query failed: ERROR:  syntax error at or near &quot;barang&quot;
LINE 1: DELETE barang where = '38' 
               ^
in SYSTEMPATH\Database\Postgre\Connection.php on line 140.
 1 [internal function]: CodeIgniter\Debug\Exceptions->errorHandler(2, 'pg_query(): Query failed: ERROR:  syntax error at or near &quot;barang&quot;
LINE 1: DELETE barang where = \'38\' 
               ^', 'SYSTEMPATH\\Database\\Postgre\\Connection.php', 140)
 2 SYSTEMPATH\Database\Postgre\Connection.php(140): pg_query(Object(PgSql\Connection), 'DELETE barang where = \'38\' ')
 3 SYSTEMPATH\Database\BaseConnection.php(693): CodeIgniter\Database\Postgre\Connection->execute('DELETE barang where = \'38\' ')
 4 SYSTEMPATH\Database\BaseConnection.php(620): CodeIgniter\Database\BaseConnection->simpleQuery('DELETE barang where = \'38\' ')
 5 APPPATH\Models\BarangModel.php(93): CodeIgniter\Database\BaseConnection->query('DELETE barang where = \'38\' ')
 6 APPPATH\Controllers\BarangController.php(138): App\Models\BarangModel->deleteData('38')
 7 SYSTEMPATH\CodeIgniter.php(904): App\Controllers\BarangController->delete()
 8 SYSTEMPATH\CodeIgniter.php(457): CodeIgniter\CodeIgniter->runController(Object(App\Controllers\BarangController))
 9 SYSTEMPATH\CodeIgniter.php(340): CodeIgniter\CodeIgniter->handleRequest(null, Object(Config\Cache), false)
10 FCPATH\index.php(67): CodeIgniter\CodeIgniter->run()
ERROR - 2023-10-05 10:04:04 --> ErrorException: pg_query(): Query failed: ERROR:  syntax error at or near &quot;=&quot;
LINE 1: DELETE FROM barang where = '38' 
                                 ^ in C:\xampp\htdocs\app-product\vendor\codeigniter4\framework\system\Database\Postgre\Connection.php:140
Stack trace:
#0 [internal function]: CodeIgniter\Debug\Exceptions->errorHandler(2, 'pg_query(): Que...', 'C:\\xampp\\htdocs...', 140)
#1 C:\xampp\htdocs\app-product\vendor\codeigniter4\framework\system\Database\Postgre\Connection.php(140): pg_query(Object(PgSql\Connection), 'DELETE FROM bar...')
#2 C:\xampp\htdocs\app-product\vendor\codeigniter4\framework\system\Database\BaseConnection.php(693): CodeIgniter\Database\Postgre\Connection->execute('DELETE FROM bar...')
#3 C:\xampp\htdocs\app-product\vendor\codeigniter4\framework\system\Database\BaseConnection.php(620): CodeIgniter\Database\BaseConnection->simpleQuery('DELETE FROM bar...')
#4 C:\xampp\htdocs\app-product\app\Models\BarangModel.php(93): CodeIgniter\Database\BaseConnection->query('DELETE FROM bar...')
#5 C:\xampp\htdocs\app-product\app\Controllers\BarangController.php(138): App\Models\BarangModel->deleteData('38')
#6 C:\xampp\htdocs\app-product\vendor\codeigniter4\framework\system\CodeIgniter.php(904): App\Controllers\BarangController->delete()
#7 C:\xampp\htdocs\app-product\vendor\codeigniter4\framework\system\CodeIgniter.php(457): CodeIgniter\CodeIgniter->runController(Object(App\Controllers\BarangController))
#8 C:\xampp\htdocs\app-product\vendor\codeigniter4\framework\system\CodeIgniter.php(340): CodeIgniter\CodeIgniter->handleRequest(NULL, Object(Config\Cache), false)
#9 C:\xampp\htdocs\app-product\public\index.php(67): CodeIgniter\CodeIgniter->run()
#10 {main}
CRITICAL - 2023-10-05 10:04:04 --> pg_query(): Query failed: ERROR:  syntax error at or near &quot;=&quot;
LINE 1: DELETE FROM barang where = '38' 
                                 ^
in SYSTEMPATH\Database\Postgre\Connection.php on line 140.
 1 [internal function]: CodeIgniter\Debug\Exceptions->errorHandler(2, 'pg_query(): Query failed: ERROR:  syntax error at or near &quot;=&quot;
LINE 1: DELETE FROM barang where = \'38\' 
                                 ^', 'SYSTEMPATH\\Database\\Postgre\\Connection.php', 140)
 2 SYSTEMPATH\Database\Postgre\Connection.php(140): pg_query(Object(PgSql\Connection), 'DELETE FROM barang where = \'38\' ')
 3 SYSTEMPATH\Database\BaseConnection.php(693): CodeIgniter\Database\Postgre\Connection->execute('DELETE FROM barang where = \'38\' ')
 4 SYSTEMPATH\Database\BaseConnection.php(620): CodeIgniter\Database\BaseConnection->simpleQuery('DELETE FROM barang where = \'38\' ')
 5 APPPATH\Models\BarangModel.php(93): CodeIgniter\Database\BaseConnection->query('DELETE FROM barang where = \'38\' ')
 6 APPPATH\Controllers\BarangController.php(138): App\Models\BarangModel->deleteData('38')
 7 SYSTEMPATH\CodeIgniter.php(904): App\Controllers\BarangController->delete()
 8 SYSTEMPATH\CodeIgniter.php(457): CodeIgniter\CodeIgniter->runController(Object(App\Controllers\BarangController))
 9 SYSTEMPATH\CodeIgniter.php(340): CodeIgniter\CodeIgniter->handleRequest(null, Object(Config\Cache), false)
10 FCPATH\index.php(67): CodeIgniter\CodeIgniter->run()
ERROR - 2023-10-05 10:04:09 --> ErrorException: pg_query(): Query failed: ERROR:  syntax error at or near &quot;=&quot;
LINE 1: DELETE FROM barang where = '38' 
                                 ^ in C:\xampp\htdocs\app-product\vendor\codeigniter4\framework\system\Database\Postgre\Connection.php:140
Stack trace:
#0 [internal function]: CodeIgniter\Debug\Exceptions->errorHandler(2, 'pg_query(): Que...', 'C:\\xampp\\htdocs...', 140)
#1 C:\xampp\htdocs\app-product\vendor\codeigniter4\framework\system\Database\Postgre\Connection.php(140): pg_query(Object(PgSql\Connection), 'DELETE FROM bar...')
#2 C:\xampp\htdocs\app-product\vendor\codeigniter4\framework\system\Database\BaseConnection.php(693): CodeIgniter\Database\Postgre\Connection->execute('DELETE FROM bar...')
#3 C:\xampp\htdocs\app-product\vendor\codeigniter4\framework\system\Database\BaseConnection.php(620): CodeIgniter\Database\BaseConnection->simpleQuery('DELETE FROM bar...')
#4 C:\xampp\htdocs\app-product\app\Models\BarangModel.php(93): CodeIgniter\Database\BaseConnection->query('DELETE FROM bar...')
#5 C:\xampp\htdocs\app-product\app\Controllers\BarangController.php(138): App\Models\BarangModel->deleteData('38')
#6 C:\xampp\htdocs\app-product\vendor\codeigniter4\framework\system\CodeIgniter.php(904): App\Controllers\BarangController->delete()
#7 C:\xampp\htdocs\app-product\vendor\codeigniter4\framework\system\CodeIgniter.php(457): CodeIgniter\CodeIgniter->runController(Object(App\Controllers\BarangController))
#8 C:\xampp\htdocs\app-product\vendor\codeigniter4\framework\system\CodeIgniter.php(340): CodeIgniter\CodeIgniter->handleRequest(NULL, Object(Config\Cache), false)
#9 C:\xampp\htdocs\app-product\public\index.php(67): CodeIgniter\CodeIgniter->run()
#10 {main}
CRITICAL - 2023-10-05 10:04:09 --> pg_query(): Query failed: ERROR:  syntax error at or near &quot;=&quot;
LINE 1: DELETE FROM barang where = '38' 
                                 ^
in SYSTEMPATH\Database\Postgre\Connection.php on line 140.
 1 [internal function]: CodeIgniter\Debug\Exceptions->errorHandler(2, 'pg_query(): Query failed: ERROR:  syntax error at or near &quot;=&quot;
LINE 1: DELETE FROM barang where = \'38\' 
                                 ^', 'SYSTEMPATH\\Database\\Postgre\\Connection.php', 140)
 2 SYSTEMPATH\Database\Postgre\Connection.php(140): pg_query(Object(PgSql\Connection), 'DELETE FROM barang where = \'38\' ')
 3 SYSTEMPATH\Database\BaseConnection.php(693): CodeIgniter\Database\Postgre\Connection->execute('DELETE FROM barang where = \'38\' ')
 4 SYSTEMPATH\Database\BaseConnection.php(620): CodeIgniter\Database\BaseConnection->simpleQuery('DELETE FROM barang where = \'38\' ')
 5 APPPATH\Models\BarangModel.php(93): CodeIgniter\Database\BaseConnection->query('DELETE FROM barang where = \'38\' ')
 6 APPPATH\Controllers\BarangController.php(138): App\Models\BarangModel->deleteData('38')
 7 SYSTEMPATH\CodeIgniter.php(904): App\Controllers\BarangController->delete()
 8 SYSTEMPATH\CodeIgniter.php(457): CodeIgniter\CodeIgniter->runController(Object(App\Controllers\BarangController))
 9 SYSTEMPATH\CodeIgniter.php(340): CodeIgniter\CodeIgniter->handleRequest(null, Object(Config\Cache), false)
10 FCPATH\index.php(67): CodeIgniter\CodeIgniter->run()
ERROR - 2023-10-05 10:05:06 --> ErrorException: pg_query(): Query failed: ERROR:  syntax error at or near &quot;=&quot;
LINE 1: DELETE FROM barang WHERE = '38' 
                                 ^ in C:\xampp\htdocs\app-product\vendor\codeigniter4\framework\system\Database\Postgre\Connection.php:140
Stack trace:
#0 [internal function]: CodeIgniter\Debug\Exceptions->errorHandler(2, 'pg_query(): Que...', 'C:\\xampp\\htdocs...', 140)
#1 C:\xampp\htdocs\app-product\vendor\codeigniter4\framework\system\Database\Postgre\Connection.php(140): pg_query(Object(PgSql\Connection), 'DELETE FROM bar...')
#2 C:\xampp\htdocs\app-product\vendor\codeigniter4\framework\system\Database\BaseConnection.php(693): CodeIgniter\Database\Postgre\Connection->execute('DELETE FROM bar...')
#3 C:\xampp\htdocs\app-product\vendor\codeigniter4\framework\system\Database\BaseConnection.php(620): CodeIgniter\Database\BaseConnection->simpleQuery('DELETE FROM bar...')
#4 C:\xampp\htdocs\app-product\app\Models\BarangModel.php(93): CodeIgniter\Database\BaseConnection->query('DELETE FROM bar...')
#5 C:\xampp\htdocs\app-product\app\Controllers\BarangController.php(138): App\Models\BarangModel->deleteData('38')
#6 C:\xampp\htdocs\app-product\vendor\codeigniter4\framework\system\CodeIgniter.php(904): App\Controllers\BarangController->delete()
#7 C:\xampp\htdocs\app-product\vendor\codeigniter4\framework\system\CodeIgniter.php(457): CodeIgniter\CodeIgniter->runController(Object(App\Controllers\BarangController))
#8 C:\xampp\htdocs\app-product\vendor\codeigniter4\framework\system\CodeIgniter.php(340): CodeIgniter\CodeIgniter->handleRequest(NULL, Object(Config\Cache), false)
#9 C:\xampp\htdocs\app-product\public\index.php(67): CodeIgniter\CodeIgniter->run()
#10 {main}
CRITICAL - 2023-10-05 10:05:06 --> pg_query(): Query failed: ERROR:  syntax error at or near &quot;=&quot;
LINE 1: DELETE FROM barang WHERE = '38' 
                                 ^
in SYSTEMPATH\Database\Postgre\Connection.php on line 140.
 1 [internal function]: CodeIgniter\Debug\Exceptions->errorHandler(2, 'pg_query(): Query failed: ERROR:  syntax error at or near &quot;=&quot;
LINE 1: DELETE FROM barang WHERE = \'38\' 
                                 ^', 'SYSTEMPATH\\Database\\Postgre\\Connection.php', 140)
 2 SYSTEMPATH\Database\Postgre\Connection.php(140): pg_query(Object(PgSql\Connection), 'DELETE FROM barang WHERE = \'38\' ')
 3 SYSTEMPATH\Database\BaseConnection.php(693): CodeIgniter\Database\Postgre\Connection->execute('DELETE FROM barang WHERE = \'38\' ')
 4 SYSTEMPATH\Database\BaseConnection.php(620): CodeIgniter\Database\BaseConnection->simpleQuery('DELETE FROM barang WHERE = \'38\' ')
 5 APPPATH\Models\BarangModel.php(93): CodeIgniter\Database\BaseConnection->query('DELETE FROM barang WHERE = \'38\' ')
 6 APPPATH\Controllers\BarangController.php(138): App\Models\BarangModel->deleteData('38')
 7 SYSTEMPATH\CodeIgniter.php(904): App\Controllers\BarangController->delete()
 8 SYSTEMPATH\CodeIgniter.php(457): CodeIgniter\CodeIgniter->runController(Object(App\Controllers\BarangController))
 9 SYSTEMPATH\CodeIgniter.php(340): CodeIgniter\CodeIgniter->handleRequest(null, Object(Config\Cache), false)
10 FCPATH\index.php(67): CodeIgniter\CodeIgniter->run()
ERROR - 2023-10-05 10:05:21 --> ErrorException: pg_query(): Query failed: ERROR:  syntax error at or near &quot;=&quot;
LINE 1: DELETE FROM barang WHERE = '38' 
                                 ^ in C:\xampp\htdocs\app-product\vendor\codeigniter4\framework\system\Database\Postgre\Connection.php:140
Stack trace:
#0 [internal function]: CodeIgniter\Debug\Exceptions->errorHandler(2, 'pg_query(): Que...', 'C:\\xampp\\htdocs...', 140)
#1 C:\xampp\htdocs\app-product\vendor\codeigniter4\framework\system\Database\Postgre\Connection.php(140): pg_query(Object(PgSql\Connection), 'DELETE FROM bar...')
#2 C:\xampp\htdocs\app-product\vendor\codeigniter4\framework\system\Database\BaseConnection.php(693): CodeIgniter\Database\Postgre\Connection->execute('DELETE FROM bar...')
#3 C:\xampp\htdocs\app-product\vendor\codeigniter4\framework\system\Database\BaseConnection.php(620): CodeIgniter\Database\BaseConnection->simpleQuery('DELETE FROM bar...')
#4 C:\xampp\htdocs\app-product\app\Models\BarangModel.php(93): CodeIgniter\Database\BaseConnection->query('DELETE FROM bar...')
#5 C:\xampp\htdocs\app-product\app\Controllers\BarangController.php(138): App\Models\BarangModel->deleteData('38')
#6 C:\xampp\htdocs\app-product\vendor\codeigniter4\framework\system\CodeIgniter.php(904): App\Controllers\BarangController->delete()
#7 C:\xampp\htdocs\app-product\vendor\codeigniter4\framework\system\CodeIgniter.php(457): CodeIgniter\CodeIgniter->runController(Object(App\Controllers\BarangController))
#8 C:\xampp\htdocs\app-product\vendor\codeigniter4\framework\system\CodeIgniter.php(340): CodeIgniter\CodeIgniter->handleRequest(NULL, Object(Config\Cache), false)
#9 C:\xampp\htdocs\app-product\public\index.php(67): CodeIgniter\CodeIgniter->run()
#10 {main}
CRITICAL - 2023-10-05 10:05:21 --> pg_query(): Query failed: ERROR:  syntax error at or near &quot;=&quot;
LINE 1: DELETE FROM barang WHERE = '38' 
                                 ^
in SYSTEMPATH\Database\Postgre\Connection.php on line 140.
 1 [internal function]: CodeIgniter\Debug\Exceptions->errorHandler(2, 'pg_query(): Query failed: ERROR:  syntax error at or near &quot;=&quot;
LINE 1: DELETE FROM barang WHERE = \'38\' 
                                 ^', 'SYSTEMPATH\\Database\\Postgre\\Connection.php', 140)
 2 SYSTEMPATH\Database\Postgre\Connection.php(140): pg_query(Object(PgSql\Connection), 'DELETE FROM barang WHERE = \'38\' ')
 3 SYSTEMPATH\Database\BaseConnection.php(693): CodeIgniter\Database\Postgre\Connection->execute('DELETE FROM barang WHERE = \'38\' ')
 4 SYSTEMPATH\Database\BaseConnection.php(620): CodeIgniter\Database\BaseConnection->simpleQuery('DELETE FROM barang WHERE = \'38\' ')
 5 APPPATH\Models\BarangModel.php(93): CodeIgniter\Database\BaseConnection->query('DELETE FROM barang WHERE = \'38\' ')
 6 APPPATH\Controllers\BarangController.php(138): App\Models\BarangModel->deleteData('38')
 7 SYSTEMPATH\CodeIgniter.php(904): App\Controllers\BarangController->delete()
 8 SYSTEMPATH\CodeIgniter.php(457): CodeIgniter\CodeIgniter->runController(Object(App\Controllers\BarangController))
 9 SYSTEMPATH\CodeIgniter.php(340): CodeIgniter\CodeIgniter->handleRequest(null, Object(Config\Cache), false)
10 FCPATH\index.php(67): CodeIgniter\CodeIgniter->run()
ERROR - 2023-10-05 10:05:47 --> ErrorException: pg_query(): Query failed: ERROR:  syntax error at or near &quot;=&quot;
LINE 1: DELETE FROM barang WHERE = '38' 
                                 ^ in C:\xampp\htdocs\app-product\vendor\codeigniter4\framework\system\Database\Postgre\Connection.php:140
Stack trace:
#0 [internal function]: CodeIgniter\Debug\Exceptions->errorHandler(2, 'pg_query(): Que...', 'C:\\xampp\\htdocs...', 140)
#1 C:\xampp\htdocs\app-product\vendor\codeigniter4\framework\system\Database\Postgre\Connection.php(140): pg_query(Object(PgSql\Connection), 'DELETE FROM bar...')
#2 C:\xampp\htdocs\app-product\vendor\codeigniter4\framework\system\Database\BaseConnection.php(693): CodeIgniter\Database\Postgre\Connection->execute('DELETE FROM bar...')
#3 C:\xampp\htdocs\app-product\vendor\codeigniter4\framework\system\Database\BaseConnection.php(620): CodeIgniter\Database\BaseConnection->simpleQuery('DELETE FROM bar...')
#4 C:\xampp\htdocs\app-product\app\Models\BarangModel.php(93): CodeIgniter\Database\BaseConnection->query('DELETE FROM bar...')
#5 C:\xampp\htdocs\app-product\app\Controllers\BarangController.php(138): App\Models\BarangModel->deleteData('38')
#6 C:\xampp\htdocs\app-product\vendor\codeigniter4\framework\system\CodeIgniter.php(904): App\Controllers\BarangController->delete()
#7 C:\xampp\htdocs\app-product\vendor\codeigniter4\framework\system\CodeIgniter.php(457): CodeIgniter\CodeIgniter->runController(Object(App\Controllers\BarangController))
#8 C:\xampp\htdocs\app-product\vendor\codeigniter4\framework\system\CodeIgniter.php(340): CodeIgniter\CodeIgniter->handleRequest(NULL, Object(Config\Cache), false)
#9 C:\xampp\htdocs\app-product\public\index.php(67): CodeIgniter\CodeIgniter->run()
#10 {main}
CRITICAL - 2023-10-05 10:05:47 --> pg_query(): Query failed: ERROR:  syntax error at or near &quot;=&quot;
LINE 1: DELETE FROM barang WHERE = '38' 
                                 ^
in SYSTEMPATH\Database\Postgre\Connection.php on line 140.
 1 [internal function]: CodeIgniter\Debug\Exceptions->errorHandler(2, 'pg_query(): Query failed: ERROR:  syntax error at or near &quot;=&quot;
LINE 1: DELETE FROM barang WHERE = \'38\' 
                                 ^', 'SYSTEMPATH\\Database\\Postgre\\Connection.php', 140)
 2 SYSTEMPATH\Database\Postgre\Connection.php(140): pg_query(Object(PgSql\Connection), 'DELETE FROM barang WHERE = \'38\' ')
 3 SYSTEMPATH\Database\BaseConnection.php(693): CodeIgniter\Database\Postgre\Connection->execute('DELETE FROM barang WHERE = \'38\' ')
 4 SYSTEMPATH\Database\BaseConnection.php(620): CodeIgniter\Database\BaseConnection->simpleQuery('DELETE FROM barang WHERE = \'38\' ')
 5 APPPATH\Models\BarangModel.php(93): CodeIgniter\Database\BaseConnection->query('DELETE FROM barang WHERE = \'38\' ')
 6 APPPATH\Controllers\BarangController.php(138): App\Models\BarangModel->deleteData('38')
 7 SYSTEMPATH\CodeIgniter.php(904): App\Controllers\BarangController->delete()
 8 SYSTEMPATH\CodeIgniter.php(457): CodeIgniter\CodeIgniter->runController(Object(App\Controllers\BarangController))
 9 SYSTEMPATH\CodeIgniter.php(340): CodeIgniter\CodeIgniter->handleRequest(null, Object(Config\Cache), false)
10 FCPATH\index.php(67): CodeIgniter\CodeIgniter->run()
CRITICAL - 2023-10-05 10:06:32 --> Array to string conversion
in APPPATH\Controllers\BarangController.php on line 139.
 1 APPPATH\Controllers\BarangController.php(139): CodeIgniter\Debug\Exceptions->errorHandler(2, 'Array to string conversion', 'APPPATH\\Controllers\\BarangController.php', 139)
 2 SYSTEMPATH\CodeIgniter.php(904): App\Controllers\BarangController->delete()
 3 SYSTEMPATH\CodeIgniter.php(457): CodeIgniter\CodeIgniter->runController(Object(App\Controllers\BarangController))
 4 SYSTEMPATH\CodeIgniter.php(340): CodeIgniter\CodeIgniter->handleRequest(null, Object(Config\Cache), false)
 5 FCPATH\index.php(67): CodeIgniter\CodeIgniter->run()
CRITICAL - 2023-10-05 10:48:21 --> Call to undefined function validation_list_errors()
in APPPATH\Views\Barang\created.php on line 45.
 1 SYSTEMPATH\View\View.php(213): include()
 2 SYSTEMPATH\View\View.php(216): CodeIgniter\View\View->CodeIgniter\View\{closure}()
 3 SYSTEMPATH\Common.php(1137): CodeIgniter\View\View->render('Barang/created', [], true)
 4 APPPATH\Controllers\BarangController.php(48): view('Barang/created', [...])
 5 SYSTEMPATH\CodeIgniter.php(904): App\Controllers\BarangController->createview()
 6 SYSTEMPATH\CodeIgniter.php(457): CodeIgniter\CodeIgniter->runController(Object(App\Controllers\BarangController))
 7 SYSTEMPATH\CodeIgniter.php(340): CodeIgniter\CodeIgniter->handleRequest(null, Object(Config\Cache), false)
 8 FCPATH\index.php(67): CodeIgniter\CodeIgniter->run()
CRITICAL - 2023-10-05 10:48:47 --> Call to undefined function validation_list_errors()
in APPPATH\Views\Barang\created.php on line 45.
 1 SYSTEMPATH\View\View.php(213): include()
 2 SYSTEMPATH\View\View.php(216): CodeIgniter\View\View->CodeIgniter\View\{closure}()
 3 SYSTEMPATH\Common.php(1137): CodeIgniter\View\View->render('Barang/created', [], true)
 4 APPPATH\Controllers\BarangController.php(48): view('Barang/created', [...])
 5 SYSTEMPATH\CodeIgniter.php(904): App\Controllers\BarangController->createview()
 6 SYSTEMPATH\CodeIgniter.php(457): CodeIgniter\CodeIgniter->runController(Object(App\Controllers\BarangController))
 7 SYSTEMPATH\CodeIgniter.php(340): CodeIgniter\CodeIgniter->handleRequest(null, Object(Config\Cache), false)
 8 FCPATH\index.php(67): CodeIgniter\CodeIgniter->run()
CRITICAL - 2023-10-05 11:05:17 --> Undefined property: CodeIgniter\View\View::$session
in APPPATH\Views\Barang\created.php on line 45.
 1 APPPATH\Views\Barang\created.php(45): CodeIgniter\Debug\Exceptions->errorHandler(2, 'Undefined property: CodeIgniter\\View\\View::$session', 'APPPATH\\Views\\Barang\\created.php', 45)
 2 SYSTEMPATH\View\View.php(213): include('APPPATH\\Views\\Barang\\created.php')
 3 SYSTEMPATH\View\View.php(216): CodeIgniter\View\View->CodeIgniter\View\{closure}()
 4 SYSTEMPATH\Common.php(1137): CodeIgniter\View\View->render('Barang/created', [], true)
 5 APPPATH\Controllers\BarangController.php(48): view('Barang/created', [...])
 6 SYSTEMPATH\CodeIgniter.php(904): App\Controllers\BarangController->createview()
 7 SYSTEMPATH\CodeIgniter.php(457): CodeIgniter\CodeIgniter->runController(Object(App\Controllers\BarangController))
 8 SYSTEMPATH\CodeIgniter.php(340): CodeIgniter\CodeIgniter->handleRequest(null, Object(Config\Cache), false)
 9 FCPATH\index.php(67): CodeIgniter\CodeIgniter->run()
CRITICAL - 2023-10-05 11:18:07 --> Call to a member function listErrors() on null
in APPPATH\Views\Barang\created.php on line 45.
 1 SYSTEMPATH\View\View.php(213): include()
 2 SYSTEMPATH\View\View.php(216): CodeIgniter\View\View->CodeIgniter\View\{closure}()
 3 SYSTEMPATH\Common.php(1137): CodeIgniter\View\View->render('Barang/created', [], true)
 4 APPPATH\Controllers\BarangController.php(48): view('Barang/created', [...])
 5 SYSTEMPATH\CodeIgniter.php(904): App\Controllers\BarangController->createview()
 6 SYSTEMPATH\CodeIgniter.php(457): CodeIgniter\CodeIgniter->runController(Object(App\Controllers\BarangController))
 7 SYSTEMPATH\CodeIgniter.php(340): CodeIgniter\CodeIgniter->handleRequest(null, Object(Config\Cache), false)
 8 FCPATH\index.php(67): CodeIgniter\CodeIgniter->run()
CRITICAL - 2023-10-05 11:19:50 --> Undefined variable $validation
in APPPATH\Views\Barang\created.php on line 45.
 1 APPPATH\Views\Barang\created.php(45): CodeIgniter\Debug\Exceptions->errorHandler(2, 'Undefined variable $validation', 'APPPATH\\Views\\Barang\\created.php', 45)
 2 SYSTEMPATH\View\View.php(213): include('APPPATH\\Views\\Barang\\created.php')
 3 SYSTEMPATH\View\View.php(216): CodeIgniter\View\View->CodeIgniter\View\{closure}()
 4 SYSTEMPATH\Common.php(1137): CodeIgniter\View\View->render('Barang/created', [], true)
 5 APPPATH\Controllers\BarangController.php(49): view('Barang/created', [...])
 6 SYSTEMPATH\CodeIgniter.php(904): App\Controllers\BarangController->createview()
 7 SYSTEMPATH\CodeIgniter.php(457): CodeIgniter\CodeIgniter->runController(Object(App\Controllers\BarangController))
 8 SYSTEMPATH\CodeIgniter.php(340): CodeIgniter\CodeIgniter->handleRequest(null, Object(Config\Cache), false)
 9 FCPATH\index.php(67): CodeIgniter\CodeIgniter->run()
CRITICAL - 2023-10-05 11:41:24 --> Undefined variable $validation
in APPPATH\Views\Barang\created.php on line 45.
 1 APPPATH\Views\Barang\created.php(45): CodeIgniter\Debug\Exceptions->errorHandler(2, 'Undefined variable $validation', 'APPPATH\\Views\\Barang\\created.php', 45)
 2 SYSTEMPATH\View\View.php(213): include('APPPATH\\Views\\Barang\\created.php')
 3 SYSTEMPATH\View\View.php(216): CodeIgniter\View\View->CodeIgniter\View\{closure}()
 4 SYSTEMPATH\Common.php(1137): CodeIgniter\View\View->render('Barang/created', [], true)
 5 APPPATH\Controllers\BarangController.php(47): view('Barang/created', [...])
 6 SYSTEMPATH\CodeIgniter.php(904): App\Controllers\BarangController->createview()
 7 SYSTEMPATH\CodeIgniter.php(457): CodeIgniter\CodeIgniter->runController(Object(App\Controllers\BarangController))
 8 SYSTEMPATH\CodeIgniter.php(340): CodeIgniter\CodeIgniter->handleRequest(null, Object(Config\Cache), false)
 9 FCPATH\index.php(67): CodeIgniter\CodeIgniter->run()
