ERROR - 2023-03-30 09:28:03 --> mysqli_sql_exception: MySQL server has gone away in C:\xampp\htdocs\beton\vendor\codeigniter4\framework\system\Database\MySQLi\Connection.php:292
Stack trace:
#0 C:\xampp\htdocs\beton\vendor\codeigniter4\framework\system\Database\MySQLi\Connection.php(292): mysqli->query('SELECT *\nFROM `...', 0)
#1 C:\xampp\htdocs\beton\vendor\codeigniter4\framework\system\Database\BaseConnection.php(693): CodeIgniter\Database\MySQLi\Connection->execute('SELECT *\nFROM `...')
#2 C:\xampp\htdocs\beton\vendor\codeigniter4\framework\system\Database\BaseConnection.php(620): CodeIgniter\Database\BaseConnection->simpleQuery('SELECT *\nFROM `...')
#3 C:\xampp\htdocs\beton\vendor\codeigniter4\framework\system\Database\BaseBuilder.php(1585): CodeIgniter\Database\BaseConnection->query('SELECT *\nFROM `...', Array, false)
#4 C:\xampp\htdocs\beton\vendor\codeigniter4\framework\system\Model.php(249): CodeIgniter\Database\BaseBuilder->get()
#5 C:\xampp\htdocs\beton\vendor\codeigniter4\framework\system\BaseModel.php(622): CodeIgniter\Model->doFirst()
#6 C:\xampp\htdocs\beton\app\Controllers\Auth.php(38): CodeIgniter\BaseModel->first()
#7 C:\xampp\htdocs\beton\vendor\codeigniter4\framework\system\CodeIgniter.php(904): App\Controllers\Auth->login()
#8 C:\xampp\htdocs\beton\vendor\codeigniter4\framework\system\CodeIgniter.php(457): CodeIgniter\CodeIgniter->runController(Object(App\Controllers\Auth))
#9 C:\xampp\htdocs\beton\vendor\codeigniter4\framework\system\CodeIgniter.php(340): CodeIgniter\CodeIgniter->handleRequest(NULL, Object(Config\Cache), false)
#10 C:\xampp\htdocs\beton\public\index.php(67): CodeIgniter\CodeIgniter->run()
#11 {main}
CRITICAL - 2023-03-30 09:28:03 --> MySQL server has gone away
in SYSTEMPATH\Database\MySQLi\Connection.php on line 292.
 1 SYSTEMPATH\Database\MySQLi\Connection.php(292): mysqli->query('SELECT *
FROM `sys_user`
WHERE `username` = \'admin\'
AND `password` = \'21232f297a57a5a743894a0e4a801fc3\'
AND `sys_user`.`user_deleted` IS NULL
 LIMIT 1', 0)
 2 SYSTEMPATH\Database\BaseConnection.php(693): CodeIgniter\Database\MySQLi\Connection->execute('SELECT *
FROM `sys_user`
WHERE `username` = \'admin\'
AND `password` = \'21232f297a57a5a743894a0e4a801fc3\'
AND `sys_user`.`user_deleted` IS NULL
 LIMIT 1')
 3 SYSTEMPATH\Database\BaseConnection.php(620): CodeIgniter\Database\BaseConnection->simpleQuery('SELECT *
FROM `sys_user`
WHERE `username` = \'admin\'
AND `password` = \'21232f297a57a5a743894a0e4a801fc3\'
AND `sys_user`.`user_deleted` IS NULL
 LIMIT 1')
 4 SYSTEMPATH\Database\BaseBuilder.php(1585): CodeIgniter\Database\BaseConnection->query('SELECT *
FROM `sys_user`
WHERE `username` = :username:
AND `password` = :password:
AND `sys_user`.`user_deleted` IS NULL
 LIMIT 1', [...], false)
 5 SYSTEMPATH\Model.php(249): CodeIgniter\Database\BaseBuilder->get()
 6 SYSTEMPATH\BaseModel.php(622): CodeIgniter\Model->doFirst()
 7 APPPATH\Controllers\Auth.php(38): CodeIgniter\BaseModel->first()
 8 SYSTEMPATH\CodeIgniter.php(904): App\Controllers\Auth->login()
 9 SYSTEMPATH\CodeIgniter.php(457): CodeIgniter\CodeIgniter->runController(Object(App\Controllers\Auth))
10 SYSTEMPATH\CodeIgniter.php(340): CodeIgniter\CodeIgniter->handleRequest(null, Object(Config\Cache), false)
11 FCPATH\index.php(67): CodeIgniter\CodeIgniter->run()
ERROR - 2023-03-30 09:28:03 --> mysqli_sql_exception: MySQL server has gone away in C:\xampp\htdocs\beton\vendor\codeigniter4\framework\system\Database\MySQLi\Connection.php:292
Stack trace:
#0 C:\xampp\htdocs\beton\vendor\codeigniter4\framework\system\Database\MySQLi\Connection.php(292): mysqli->query('UPDATE `ci_sess...', 0)
#1 C:\xampp\htdocs\beton\vendor\codeigniter4\framework\system\Database\BaseConnection.php(693): CodeIgniter\Database\MySQLi\Connection->execute('UPDATE `ci_sess...')
#2 C:\xampp\htdocs\beton\vendor\codeigniter4\framework\system\Database\BaseConnection.php(620): CodeIgniter\Database\BaseConnection->simpleQuery('UPDATE `ci_sess...')
#3 C:\xampp\htdocs\beton\vendor\codeigniter4\framework\system\Database\BaseBuilder.php(2078): CodeIgniter\Database\BaseConnection->query('UPDATE `ci_sess...', Array, false)
#4 C:\xampp\htdocs\beton\vendor\codeigniter4\framework\system\Session\Handlers\DatabaseHandler.php(212): CodeIgniter\Database\BaseBuilder->update(Array)
#5 [internal function]: CodeIgniter\Session\Handlers\DatabaseHandler->write('siiv0oqm6m5ll1a...', '__ci_last_regen...')
#6 [internal function]: session_write_close()
#7 {main}
CRITICAL - 2023-03-30 09:33:01 --> Undefined array key "sampletype"
in APPPATH\Controllers\RestApi.php on line 13.
 1 APPPATH\Controllers\RestApi.php(13): CodeIgniter\Debug\Exceptions->errorHandler(2, 'Undefined array key "sampletype"', 'APPPATH\\Controllers\\RestApi.php', 13)
 2 SYSTEMPATH\CodeIgniter.php(904): App\Controllers\RestApi->bendingpost()
 3 SYSTEMPATH\CodeIgniter.php(457): CodeIgniter\CodeIgniter->runController(Object(App\Controllers\RestApi))
 4 SYSTEMPATH\CodeIgniter.php(340): CodeIgniter\CodeIgniter->handleRequest(null, Object(Config\Cache), false)
 5 FCPATH\index.php(67): CodeIgniter\CodeIgniter->run()
