ERROR - 2023-03-15 10:03:15 --> mysqli_sql_exception: Unknown column 'batcht_size' in 'field list' in C:\xampp\htdocs\beton\vendor\codeigniter4\framework\system\Database\MySQLi\Connection.php:292
Stack trace:
#0 C:\xampp\htdocs\beton\vendor\codeigniter4\framework\system\Database\MySQLi\Connection.php(292): mysqli->query('UPDATE `sys_bat...', 0)
#1 C:\xampp\htdocs\beton\vendor\codeigniter4\framework\system\Database\BaseConnection.php(693): CodeIgniter\Database\MySQLi\Connection->execute('UPDATE `sys_bat...')
#2 C:\xampp\htdocs\beton\vendor\codeigniter4\framework\system\Database\BaseConnection.php(620): CodeIgniter\Database\BaseConnection->simpleQuery('UPDATE `sys_bat...')
#3 C:\xampp\htdocs\beton\vendor\codeigniter4\framework\system\Database\BaseBuilder.php(2078): CodeIgniter\Database\BaseConnection->query('UPDATE `sys_bat...', Array, false)
#4 C:\xampp\htdocs\beton\vendor\codeigniter4\framework\system\Model.php(337): CodeIgniter\Database\BaseBuilder->update()
#5 C:\xampp\htdocs\beton\vendor\codeigniter4\framework\system\BaseModel.php(865): CodeIgniter\Model->doUpdate(Array, Array)
#6 C:\xampp\htdocs\beton\vendor\codeigniter4\framework\system\Model.php(692): CodeIgniter\BaseModel->update(Array, Array)
#7 C:\xampp\htdocs\beton\app\Models\TensileModel.php(59): CodeIgniter\Model->update('6', Array)
#8 C:\xampp\htdocs\beton\app\Controllers\ReportTensile.php(97): App\Models\TensileModel->updateData('6', Array)
#9 C:\xampp\htdocs\beton\vendor\codeigniter4\framework\system\CodeIgniter.php(904): App\Controllers\ReportTensile->edit()
#10 C:\xampp\htdocs\beton\vendor\codeigniter4\framework\system\CodeIgniter.php(457): CodeIgniter\CodeIgniter->runController(Object(App\Controllers\ReportTensile))
#11 C:\xampp\htdocs\beton\vendor\codeigniter4\framework\system\CodeIgniter.php(340): CodeIgniter\CodeIgniter->handleRequest(NULL, Object(Config\Cache), false)
#12 C:\xampp\htdocs\beton\public\index.php(67): CodeIgniter\CodeIgniter->run()
#13 {main}
CRITICAL - 2023-03-15 10:03:15 --> Unknown column 'batcht_size' in 'field list'
in SYSTEMPATH\Database\MySQLi\Connection.php on line 292.
 1 SYSTEMPATH\Database\MySQLi\Connection.php(292): mysqli->query('UPDATE `sys_batch_tensile` SET `batcht_no` = \'T230315\', `batcht_spesifikasi` = \'TS 320\', `batcht_size` = \'40\', `batcht_lo` = \'30\', `batcht_lu` = \'45\', `batcht_fm` = \'0\', `batcht_rm` = \'0\', `batcht_feh` = \'0\', `batcht_reh` = \'0\', `batcht_fel` = \'0\', `batcht_rel` = \'0\', `batcht_a` = \'0\', `batcht_z` = \'0\', `batcht_updated` = \'2023-03-15 10:03:15\'
WHERE `sys_batch_tensile`.`batcht_id` IN (\'6\')', 0)
 2 SYSTEMPATH\Database\BaseConnection.php(693): CodeIgniter\Database\MySQLi\Connection->execute('UPDATE `sys_batch_tensile` SET `batcht_no` = \'T230315\', `batcht_spesifikasi` = \'TS 320\', `batcht_size` = \'40\', `batcht_lo` = \'30\', `batcht_lu` = \'45\', `batcht_fm` = \'0\', `batcht_rm` = \'0\', `batcht_feh` = \'0\', `batcht_reh` = \'0\', `batcht_fel` = \'0\', `batcht_rel` = \'0\', `batcht_a` = \'0\', `batcht_z` = \'0\', `batcht_updated` = \'2023-03-15 10:03:15\'
WHERE `sys_batch_tensile`.`batcht_id` IN (\'6\')')
 3 SYSTEMPATH\Database\BaseConnection.php(620): CodeIgniter\Database\BaseConnection->simpleQuery('UPDATE `sys_batch_tensile` SET `batcht_no` = \'T230315\', `batcht_spesifikasi` = \'TS 320\', `batcht_size` = \'40\', `batcht_lo` = \'30\', `batcht_lu` = \'45\', `batcht_fm` = \'0\', `batcht_rm` = \'0\', `batcht_feh` = \'0\', `batcht_reh` = \'0\', `batcht_fel` = \'0\', `batcht_rel` = \'0\', `batcht_a` = \'0\', `batcht_z` = \'0\', `batcht_updated` = \'2023-03-15 10:03:15\'
WHERE `sys_batch_tensile`.`batcht_id` IN (\'6\')')
 4 SYSTEMPATH\Database\BaseBuilder.php(2078): CodeIgniter\Database\BaseConnection->query('UPDATE `sys_batch_tensile` SET `batcht_no` = :batcht_no:, `batcht_spesifikasi` = :batcht_spesifikasi:, `batcht_size` = :batcht_size:, `batcht_lo` = :batcht_lo:, `batcht_lu` = :batcht_lu:, `batcht_fm` = :batcht_fm:, `batcht_rm` = :batcht_rm:, `batcht_feh` = :batcht_feh:, `batcht_reh` = :batcht_reh:, `batcht_fel` = :batcht_fel:, `batcht_rel` = :batcht_rel:, `batcht_a` = :batcht_a:, `batcht_z` = :batcht_z:, `batcht_updated` = :batcht_updated:
WHERE `sys_batch_tensile`.`batcht_id` IN :sys_batch_tensile.batcht_id:', [...], false)
 5 SYSTEMPATH\Model.php(337): CodeIgniter\Database\BaseBuilder->update()
 6 SYSTEMPATH\BaseModel.php(865): CodeIgniter\Model->doUpdate([...], [...])
 7 SYSTEMPATH\Model.php(692): CodeIgniter\BaseModel->update([...], [...])
 8 APPPATH\Models\TensileModel.php(59): CodeIgniter\Model->update('6', [...])
 9 APPPATH\Controllers\ReportTensile.php(97): App\Models\TensileModel->updateData('6', [...])
10 SYSTEMPATH\CodeIgniter.php(904): App\Controllers\ReportTensile->edit()
11 SYSTEMPATH\CodeIgniter.php(457): CodeIgniter\CodeIgniter->runController(Object(App\Controllers\ReportTensile))
12 SYSTEMPATH\CodeIgniter.php(340): CodeIgniter\CodeIgniter->handleRequest(null, Object(Config\Cache), false)
13 FCPATH\index.php(67): CodeIgniter\CodeIgniter->run()
ERROR - 2023-03-15 10:03:43 --> mysqli_sql_exception: Unknown column 'batcht_size' in 'field list' in C:\xampp\htdocs\beton\vendor\codeigniter4\framework\system\Database\MySQLi\Connection.php:292
Stack trace:
#0 C:\xampp\htdocs\beton\vendor\codeigniter4\framework\system\Database\MySQLi\Connection.php(292): mysqli->query('UPDATE `sys_bat...', 0)
#1 C:\xampp\htdocs\beton\vendor\codeigniter4\framework\system\Database\BaseConnection.php(693): CodeIgniter\Database\MySQLi\Connection->execute('UPDATE `sys_bat...')
#2 C:\xampp\htdocs\beton\vendor\codeigniter4\framework\system\Database\BaseConnection.php(620): CodeIgniter\Database\BaseConnection->simpleQuery('UPDATE `sys_bat...')
#3 C:\xampp\htdocs\beton\vendor\codeigniter4\framework\system\Database\BaseBuilder.php(2078): CodeIgniter\Database\BaseConnection->query('UPDATE `sys_bat...', Array, false)
#4 C:\xampp\htdocs\beton\vendor\codeigniter4\framework\system\Model.php(337): CodeIgniter\Database\BaseBuilder->update()
#5 C:\xampp\htdocs\beton\vendor\codeigniter4\framework\system\BaseModel.php(865): CodeIgniter\Model->doUpdate(Array, Array)
#6 C:\xampp\htdocs\beton\vendor\codeigniter4\framework\system\Model.php(692): CodeIgniter\BaseModel->update(Array, Array)
#7 C:\xampp\htdocs\beton\app\Models\TensileModel.php(59): CodeIgniter\Model->update('6', Array)
#8 C:\xampp\htdocs\beton\app\Controllers\ReportTensile.php(97): App\Models\TensileModel->updateData('6', Array)
#9 C:\xampp\htdocs\beton\vendor\codeigniter4\framework\system\CodeIgniter.php(904): App\Controllers\ReportTensile->edit()
#10 C:\xampp\htdocs\beton\vendor\codeigniter4\framework\system\CodeIgniter.php(457): CodeIgniter\CodeIgniter->runController(Object(App\Controllers\ReportTensile))
#11 C:\xampp\htdocs\beton\vendor\codeigniter4\framework\system\CodeIgniter.php(340): CodeIgniter\CodeIgniter->handleRequest(NULL, Object(Config\Cache), false)
#12 C:\xampp\htdocs\beton\public\index.php(67): CodeIgniter\CodeIgniter->run()
#13 {main}
CRITICAL - 2023-03-15 10:03:43 --> Unknown column 'batcht_size' in 'field list'
in SYSTEMPATH\Database\MySQLi\Connection.php on line 292.
 1 SYSTEMPATH\Database\MySQLi\Connection.php(292): mysqli->query('UPDATE `sys_batch_tensile` SET `batcht_no` = \'T230315\', `batcht_spesifikasi` = \'TS 320\', `batcht_size` = \'40\', `batcht_lo` = \'30\', `batcht_lu` = \'45\', `batcht_fm` = \'0\', `batcht_rm` = \'0\', `batcht_feh` = \'0\', `batcht_reh` = \'0\', `batcht_fel` = \'0\', `batcht_rel` = \'0\', `batcht_a` = \'0\', `batcht_z` = \'0\', `batcht_updated` = \'2023-03-15 10:03:43\'
WHERE `sys_batch_tensile`.`batcht_id` IN (\'6\')', 0)
 2 SYSTEMPATH\Database\BaseConnection.php(693): CodeIgniter\Database\MySQLi\Connection->execute('UPDATE `sys_batch_tensile` SET `batcht_no` = \'T230315\', `batcht_spesifikasi` = \'TS 320\', `batcht_size` = \'40\', `batcht_lo` = \'30\', `batcht_lu` = \'45\', `batcht_fm` = \'0\', `batcht_rm` = \'0\', `batcht_feh` = \'0\', `batcht_reh` = \'0\', `batcht_fel` = \'0\', `batcht_rel` = \'0\', `batcht_a` = \'0\', `batcht_z` = \'0\', `batcht_updated` = \'2023-03-15 10:03:43\'
WHERE `sys_batch_tensile`.`batcht_id` IN (\'6\')')
 3 SYSTEMPATH\Database\BaseConnection.php(620): CodeIgniter\Database\BaseConnection->simpleQuery('UPDATE `sys_batch_tensile` SET `batcht_no` = \'T230315\', `batcht_spesifikasi` = \'TS 320\', `batcht_size` = \'40\', `batcht_lo` = \'30\', `batcht_lu` = \'45\', `batcht_fm` = \'0\', `batcht_rm` = \'0\', `batcht_feh` = \'0\', `batcht_reh` = \'0\', `batcht_fel` = \'0\', `batcht_rel` = \'0\', `batcht_a` = \'0\', `batcht_z` = \'0\', `batcht_updated` = \'2023-03-15 10:03:43\'
WHERE `sys_batch_tensile`.`batcht_id` IN (\'6\')')
 4 SYSTEMPATH\Database\BaseBuilder.php(2078): CodeIgniter\Database\BaseConnection->query('UPDATE `sys_batch_tensile` SET `batcht_no` = :batcht_no:, `batcht_spesifikasi` = :batcht_spesifikasi:, `batcht_size` = :batcht_size:, `batcht_lo` = :batcht_lo:, `batcht_lu` = :batcht_lu:, `batcht_fm` = :batcht_fm:, `batcht_rm` = :batcht_rm:, `batcht_feh` = :batcht_feh:, `batcht_reh` = :batcht_reh:, `batcht_fel` = :batcht_fel:, `batcht_rel` = :batcht_rel:, `batcht_a` = :batcht_a:, `batcht_z` = :batcht_z:, `batcht_updated` = :batcht_updated:
WHERE `sys_batch_tensile`.`batcht_id` IN :sys_batch_tensile.batcht_id:', [...], false)
 5 SYSTEMPATH\Model.php(337): CodeIgniter\Database\BaseBuilder->update()
 6 SYSTEMPATH\BaseModel.php(865): CodeIgniter\Model->doUpdate([...], [...])
 7 SYSTEMPATH\Model.php(692): CodeIgniter\BaseModel->update([...], [...])
 8 APPPATH\Models\TensileModel.php(59): CodeIgniter\Model->update('6', [...])
 9 APPPATH\Controllers\ReportTensile.php(97): App\Models\TensileModel->updateData('6', [...])
10 SYSTEMPATH\CodeIgniter.php(904): App\Controllers\ReportTensile->edit()
11 SYSTEMPATH\CodeIgniter.php(457): CodeIgniter\CodeIgniter->runController(Object(App\Controllers\ReportTensile))
12 SYSTEMPATH\CodeIgniter.php(340): CodeIgniter\CodeIgniter->handleRequest(null, Object(Config\Cache), false)
13 FCPATH\index.php(67): CodeIgniter\CodeIgniter->run()
ERROR - 2023-03-15 10:05:06 --> mysqli_sql_exception: Unknown column 'batcht_size' in 'field list' in C:\xampp\htdocs\beton\vendor\codeigniter4\framework\system\Database\MySQLi\Connection.php:292
Stack trace:
#0 C:\xampp\htdocs\beton\vendor\codeigniter4\framework\system\Database\MySQLi\Connection.php(292): mysqli->query('UPDATE `sys_bat...', 0)
#1 C:\xampp\htdocs\beton\vendor\codeigniter4\framework\system\Database\BaseConnection.php(693): CodeIgniter\Database\MySQLi\Connection->execute('UPDATE `sys_bat...')
#2 C:\xampp\htdocs\beton\vendor\codeigniter4\framework\system\Database\BaseConnection.php(620): CodeIgniter\Database\BaseConnection->simpleQuery('UPDATE `sys_bat...')
#3 C:\xampp\htdocs\beton\vendor\codeigniter4\framework\system\Database\BaseBuilder.php(2078): CodeIgniter\Database\BaseConnection->query('UPDATE `sys_bat...', Array, false)
#4 C:\xampp\htdocs\beton\vendor\codeigniter4\framework\system\Model.php(337): CodeIgniter\Database\BaseBuilder->update()
#5 C:\xampp\htdocs\beton\vendor\codeigniter4\framework\system\BaseModel.php(865): CodeIgniter\Model->doUpdate(Array, Array)
#6 C:\xampp\htdocs\beton\vendor\codeigniter4\framework\system\Model.php(692): CodeIgniter\BaseModel->update(Array, Array)
#7 C:\xampp\htdocs\beton\app\Models\TensileModel.php(59): CodeIgniter\Model->update('6', Array)
#8 C:\xampp\htdocs\beton\app\Controllers\ReportTensile.php(97): App\Models\TensileModel->updateData('6', Array)
#9 C:\xampp\htdocs\beton\vendor\codeigniter4\framework\system\CodeIgniter.php(904): App\Controllers\ReportTensile->edit()
#10 C:\xampp\htdocs\beton\vendor\codeigniter4\framework\system\CodeIgniter.php(457): CodeIgniter\CodeIgniter->runController(Object(App\Controllers\ReportTensile))
#11 C:\xampp\htdocs\beton\vendor\codeigniter4\framework\system\CodeIgniter.php(340): CodeIgniter\CodeIgniter->handleRequest(NULL, Object(Config\Cache), false)
#12 C:\xampp\htdocs\beton\public\index.php(67): CodeIgniter\CodeIgniter->run()
#13 {main}
CRITICAL - 2023-03-15 10:05:06 --> Unknown column 'batcht_size' in 'field list'
in SYSTEMPATH\Database\MySQLi\Connection.php on line 292.
 1 SYSTEMPATH\Database\MySQLi\Connection.php(292): mysqli->query('UPDATE `sys_batch_tensile` SET `batcht_no` = \'T230315\', `batcht_spesifikasi` = \'TS 320\', `batcht_size` = NULL, `batcht_lo` = \'50\', `batcht_lu` = \'15\', `batcht_fm` = \'0\', `batcht_rm` = \'0\', `batcht_feh` = \'0\', `batcht_reh` = \'0\', `batcht_fel` = \'0\', `batcht_rel` = \'0\', `batcht_a` = \'0\', `batcht_z` = \'0\', `batcht_updated` = \'2023-03-15 10:05:06\'
WHERE `sys_batch_tensile`.`batcht_id` IN (\'6\')', 0)
 2 SYSTEMPATH\Database\BaseConnection.php(693): CodeIgniter\Database\MySQLi\Connection->execute('UPDATE `sys_batch_tensile` SET `batcht_no` = \'T230315\', `batcht_spesifikasi` = \'TS 320\', `batcht_size` = NULL, `batcht_lo` = \'50\', `batcht_lu` = \'15\', `batcht_fm` = \'0\', `batcht_rm` = \'0\', `batcht_feh` = \'0\', `batcht_reh` = \'0\', `batcht_fel` = \'0\', `batcht_rel` = \'0\', `batcht_a` = \'0\', `batcht_z` = \'0\', `batcht_updated` = \'2023-03-15 10:05:06\'
WHERE `sys_batch_tensile`.`batcht_id` IN (\'6\')')
 3 SYSTEMPATH\Database\BaseConnection.php(620): CodeIgniter\Database\BaseConnection->simpleQuery('UPDATE `sys_batch_tensile` SET `batcht_no` = \'T230315\', `batcht_spesifikasi` = \'TS 320\', `batcht_size` = NULL, `batcht_lo` = \'50\', `batcht_lu` = \'15\', `batcht_fm` = \'0\', `batcht_rm` = \'0\', `batcht_feh` = \'0\', `batcht_reh` = \'0\', `batcht_fel` = \'0\', `batcht_rel` = \'0\', `batcht_a` = \'0\', `batcht_z` = \'0\', `batcht_updated` = \'2023-03-15 10:05:06\'
WHERE `sys_batch_tensile`.`batcht_id` IN (\'6\')')
 4 SYSTEMPATH\Database\BaseBuilder.php(2078): CodeIgniter\Database\BaseConnection->query('UPDATE `sys_batch_tensile` SET `batcht_no` = :batcht_no:, `batcht_spesifikasi` = :batcht_spesifikasi:, `batcht_size` = :batcht_size:, `batcht_lo` = :batcht_lo:, `batcht_lu` = :batcht_lu:, `batcht_fm` = :batcht_fm:, `batcht_rm` = :batcht_rm:, `batcht_feh` = :batcht_feh:, `batcht_reh` = :batcht_reh:, `batcht_fel` = :batcht_fel:, `batcht_rel` = :batcht_rel:, `batcht_a` = :batcht_a:, `batcht_z` = :batcht_z:, `batcht_updated` = :batcht_updated:
WHERE `sys_batch_tensile`.`batcht_id` IN :sys_batch_tensile.batcht_id:', [...], false)
 5 SYSTEMPATH\Model.php(337): CodeIgniter\Database\BaseBuilder->update()
 6 SYSTEMPATH\BaseModel.php(865): CodeIgniter\Model->doUpdate([...], [...])
 7 SYSTEMPATH\Model.php(692): CodeIgniter\BaseModel->update([...], [...])
 8 APPPATH\Models\TensileModel.php(59): CodeIgniter\Model->update('6', [...])
 9 APPPATH\Controllers\ReportTensile.php(97): App\Models\TensileModel->updateData('6', [...])
10 SYSTEMPATH\CodeIgniter.php(904): App\Controllers\ReportTensile->edit()
11 SYSTEMPATH\CodeIgniter.php(457): CodeIgniter\CodeIgniter->runController(Object(App\Controllers\ReportTensile))
12 SYSTEMPATH\CodeIgniter.php(340): CodeIgniter\CodeIgniter->handleRequest(null, Object(Config\Cache), false)
13 FCPATH\index.php(67): CodeIgniter\CodeIgniter->run()
CRITICAL - 2023-03-15 14:30:56 --> Unsupported operand types: string - string
in APPPATH\Controllers\ReportTensile.php on line 122.
 1 SYSTEMPATH\CodeIgniter.php(904): App\Controllers\ReportTensile->inputdata()
 2 SYSTEMPATH\CodeIgniter.php(457): CodeIgniter\CodeIgniter->runController(Object(App\Controllers\ReportTensile))
 3 SYSTEMPATH\CodeIgniter.php(340): CodeIgniter\CodeIgniter->handleRequest(null, Object(Config\Cache), false)
 4 FCPATH\index.php(67): CodeIgniter\CodeIgniter->run()
CRITICAL - 2023-03-15 14:32:20 --> Unsupported operand types: string - string
in APPPATH\Controllers\ReportTensile.php on line 122.
 1 SYSTEMPATH\CodeIgniter.php(904): App\Controllers\ReportTensile->inputdata()
 2 SYSTEMPATH\CodeIgniter.php(457): CodeIgniter\CodeIgniter->runController(Object(App\Controllers\ReportTensile))
 3 SYSTEMPATH\CodeIgniter.php(340): CodeIgniter\CodeIgniter->handleRequest(null, Object(Config\Cache), false)
 4 FCPATH\index.php(67): CodeIgniter\CodeIgniter->run()
CRITICAL - 2023-03-15 15:43:41 --> Division by zero
in APPPATH\Controllers\ReportTensile.php on line 130.
 1 SYSTEMPATH\CodeIgniter.php(904): App\Controllers\ReportTensile->inputdata()
 2 SYSTEMPATH\CodeIgniter.php(457): CodeIgniter\CodeIgniter->runController(Object(App\Controllers\ReportTensile))
 3 SYSTEMPATH\CodeIgniter.php(340): CodeIgniter\CodeIgniter->handleRequest(null, Object(Config\Cache), false)
 4 FCPATH\index.php(67): CodeIgniter\CodeIgniter->run()
CRITICAL - 2023-03-15 15:44:05 --> Division by zero
in APPPATH\Controllers\ReportTensile.php on line 130.
 1 SYSTEMPATH\CodeIgniter.php(904): App\Controllers\ReportTensile->inputdata()
 2 SYSTEMPATH\CodeIgniter.php(457): CodeIgniter\CodeIgniter->runController(Object(App\Controllers\ReportTensile))
 3 SYSTEMPATH\CodeIgniter.php(340): CodeIgniter\CodeIgniter->handleRequest(null, Object(Config\Cache), false)
 4 FCPATH\index.php(67): CodeIgniter\CodeIgniter->run()
