ERROR - 2022-08-29 21:31:14 --> mysqli_sql_exception: Table 'regs2858_igni660.5eci_sessions' doesn't exist in /home/regs2858/public_html/lltdemo/vendor/codeigniter4/framework/system/Database/MySQLi/Connection.php:292
Stack trace:
#0 /home/regs2858/public_html/lltdemo/vendor/codeigniter4/framework/system/Database/MySQLi/Connection.php(292): mysqli->query('SELECT `data`\nF...', 0)
#1 /home/regs2858/public_html/lltdemo/vendor/codeigniter4/framework/system/Database/BaseConnection.php(693): CodeIgniter\Database\MySQLi\Connection->execute('SELECT `data`\nF...')
#2 /home/regs2858/public_html/lltdemo/vendor/codeigniter4/framework/system/Database/BaseConnection.php(620): CodeIgniter\Database\BaseConnection->simpleQuery('SELECT `data`\nF...')
#3 /home/regs2858/public_html/lltdemo/vendor/codeigniter4/framework/system/Database/BaseBuilder.php(1585): CodeIgniter\Database\BaseConnection->query('SELECT `data`\nF...', Array, false)
#4 /home/regs2858/public_html/lltdemo/vendor/codeigniter4/framework/system/Session/Handlers/DatabaseHandler.php(126): CodeIgniter\Database\BaseBuilder->get()
#5 [internal function]: CodeIgniter\Session\Handlers\DatabaseHandler->read('8f7f93d140de5c8...')
#6 /home/regs2858/public_html/lltdemo/vendor/codeigniter4/framework/system/Session/Session.php(918): session_start()
#7 /home/regs2858/public_html/lltdemo/vendor/codeigniter4/framework/system/Session/Session.php(240): CodeIgniter\Session\Session->startSession()
#8 /home/regs2858/public_html/lltdemo/vendor/codeigniter4/framework/system/Config/Services.php(665): CodeIgniter\Session\Session->start()
#9 /home/regs2858/public_html/lltdemo/vendor/codeigniter4/framework/system/Config/BaseService.php(253): CodeIgniter\Config\Services::session(Object(Config\App), false)
#10 /home/regs2858/public_html/lltdemo/vendor/codeigniter4/framework/system/Config/BaseService.php(194): CodeIgniter\Config\BaseService::__callStatic('session', Array)
#11 /home/regs2858/public_html/lltdemo/vendor/codeigniter4/framework/system/Config/Services.php(637): CodeIgniter\Config\BaseService::getSharedInstance('session', NULL)
#12 /home/regs2858/public_html/lltdemo/vendor/codeigniter4/framework/system/Config/BaseService.php(253): CodeIgniter\Config\Services::session(NULL)
#13 /home/regs2858/public_html/lltdemo/app/Controllers/Home.php(9): CodeIgniter\Config\BaseService::__callStatic('session', Array)
#14 /home/regs2858/public_html/lltdemo/vendor/codeigniter4/framework/system/CodeIgniter.php(866): App\Controllers\Home->__construct()
#15 /home/regs2858/public_html/lltdemo/vendor/codeigniter4/framework/system/CodeIgniter.php(448): CodeIgniter\CodeIgniter->createController()
#16 /home/regs2858/public_html/lltdemo/vendor/codeigniter4/framework/system/CodeIgniter.php(340): CodeIgniter\CodeIgniter->handleRequest(NULL, Object(Config\Cache), false)
#17 /home/regs2858/public_html/lltdemo/public/index.php(67): CodeIgniter\CodeIgniter->run()
#18 {main}
CRITICAL - 2022-08-29 21:31:14 --> Call to a member function getRow() on bool
in SYSTEMPATH/Session/Handlers/DatabaseHandler.php on line 126.
 1 [internal function]: CodeIgniter\Session\Handlers\DatabaseHandler->read('8f7f93d140de5c8d10edf2ba2e5b0dcd9025827c')
 2 SYSTEMPATH/Session/Session.php(918): session_start()
 3 SYSTEMPATH/Session/Session.php(240): CodeIgniter\Session\Session->startSession()
 4 SYSTEMPATH/Config/Services.php(665): CodeIgniter\Session\Session->start()
 5 SYSTEMPATH/Config/BaseService.php(253): CodeIgniter\Config\Services::session(Object(Config\App), false)
 6 SYSTEMPATH/Config/BaseService.php(194): CodeIgniter\Config\BaseService::__callStatic('session', [...])
 7 SYSTEMPATH/Config/Services.php(637): CodeIgniter\Config\BaseService::getSharedInstance('session', null)
 8 SYSTEMPATH/Config/BaseService.php(253): CodeIgniter\Config\Services::session(null)
 9 APPPATH/Controllers/Home.php(9): CodeIgniter\Config\BaseService::__callStatic('session', [...])
10 SYSTEMPATH/CodeIgniter.php(866): App\Controllers\Home->__construct()
11 SYSTEMPATH/CodeIgniter.php(448): CodeIgniter\CodeIgniter->createController()
12 SYSTEMPATH/CodeIgniter.php(340): CodeIgniter\CodeIgniter->handleRequest(null, Object(Config\Cache), false)
13 FCPATH/index.php(67): CodeIgniter\CodeIgniter->run()
ERROR - 2022-08-29 21:31:18 --> mysqli_sql_exception: Table 'regs2858_igni660.5eci_sessions' doesn't exist in /home/regs2858/public_html/lltdemo/vendor/codeigniter4/framework/system/Database/MySQLi/Connection.php:292
Stack trace:
#0 /home/regs2858/public_html/lltdemo/vendor/codeigniter4/framework/system/Database/MySQLi/Connection.php(292): mysqli->query('SELECT `data`\nF...', 0)
#1 /home/regs2858/public_html/lltdemo/vendor/codeigniter4/framework/system/Database/BaseConnection.php(693): CodeIgniter\Database\MySQLi\Connection->execute('SELECT `data`\nF...')
#2 /home/regs2858/public_html/lltdemo/vendor/codeigniter4/framework/system/Database/BaseConnection.php(620): CodeIgniter\Database\BaseConnection->simpleQuery('SELECT `data`\nF...')
#3 /home/regs2858/public_html/lltdemo/vendor/codeigniter4/framework/system/Database/BaseBuilder.php(1585): CodeIgniter\Database\BaseConnection->query('SELECT `data`\nF...', Array, false)
#4 /home/regs2858/public_html/lltdemo/vendor/codeigniter4/framework/system/Session/Handlers/DatabaseHandler.php(126): CodeIgniter\Database\BaseBuilder->get()
#5 [internal function]: CodeIgniter\Session\Handlers\DatabaseHandler->read('8f7f93d140de5c8...')
#6 /home/regs2858/public_html/lltdemo/vendor/codeigniter4/framework/system/Session/Session.php(918): session_start()
#7 /home/regs2858/public_html/lltdemo/vendor/codeigniter4/framework/system/Session/Session.php(240): CodeIgniter\Session\Session->startSession()
#8 /home/regs2858/public_html/lltdemo/vendor/codeigniter4/framework/system/Config/Services.php(665): CodeIgniter\Session\Session->start()
#9 /home/regs2858/public_html/lltdemo/vendor/codeigniter4/framework/system/Config/BaseService.php(253): CodeIgniter\Config\Services::session(Object(Config\App), false)
#10 /home/regs2858/public_html/lltdemo/vendor/codeigniter4/framework/system/Config/BaseService.php(194): CodeIgniter\Config\BaseService::__callStatic('session', Array)
#11 /home/regs2858/public_html/lltdemo/vendor/codeigniter4/framework/system/Config/Services.php(637): CodeIgniter\Config\BaseService::getSharedInstance('session', NULL)
#12 /home/regs2858/public_html/lltdemo/vendor/codeigniter4/framework/system/Config/BaseService.php(253): CodeIgniter\Config\Services::session(NULL)
#13 /home/regs2858/public_html/lltdemo/app/Controllers/Home.php(9): CodeIgniter\Config\BaseService::__callStatic('session', Array)
#14 /home/regs2858/public_html/lltdemo/vendor/codeigniter4/framework/system/CodeIgniter.php(866): App\Controllers\Home->__construct()
#15 /home/regs2858/public_html/lltdemo/vendor/codeigniter4/framework/system/CodeIgniter.php(448): CodeIgniter\CodeIgniter->createController()
#16 /home/regs2858/public_html/lltdemo/vendor/codeigniter4/framework/system/CodeIgniter.php(340): CodeIgniter\CodeIgniter->handleRequest(NULL, Object(Config\Cache), false)
#17 /home/regs2858/public_html/lltdemo/public/index.php(67): CodeIgniter\CodeIgniter->run()
#18 {main}
CRITICAL - 2022-08-29 21:31:18 --> Call to a member function getRow() on bool
in SYSTEMPATH/Session/Handlers/DatabaseHandler.php on line 126.
 1 [internal function]: CodeIgniter\Session\Handlers\DatabaseHandler->read('8f7f93d140de5c8d10edf2ba2e5b0dcd9025827c')
 2 SYSTEMPATH/Session/Session.php(918): session_start()
 3 SYSTEMPATH/Session/Session.php(240): CodeIgniter\Session\Session->startSession()
 4 SYSTEMPATH/Config/Services.php(665): CodeIgniter\Session\Session->start()
 5 SYSTEMPATH/Config/BaseService.php(253): CodeIgniter\Config\Services::session(Object(Config\App), false)
 6 SYSTEMPATH/Config/BaseService.php(194): CodeIgniter\Config\BaseService::__callStatic('session', [...])
 7 SYSTEMPATH/Config/Services.php(637): CodeIgniter\Config\BaseService::getSharedInstance('session', null)
 8 SYSTEMPATH/Config/BaseService.php(253): CodeIgniter\Config\Services::session(null)
 9 APPPATH/Controllers/Home.php(9): CodeIgniter\Config\BaseService::__callStatic('session', [...])
10 SYSTEMPATH/CodeIgniter.php(866): App\Controllers\Home->__construct()
11 SYSTEMPATH/CodeIgniter.php(448): CodeIgniter\CodeIgniter->createController()
12 SYSTEMPATH/CodeIgniter.php(340): CodeIgniter\CodeIgniter->handleRequest(null, Object(Config\Cache), false)
13 FCPATH/index.php(67): CodeIgniter\CodeIgniter->run()
ERROR - 2022-08-29 21:31:18 --> mysqli_sql_exception: Table 'regs2858_igni660.5eci_sessions' doesn't exist in /home/regs2858/public_html/lltdemo/vendor/codeigniter4/framework/system/Database/MySQLi/Connection.php:292
Stack trace:
#0 /home/regs2858/public_html/lltdemo/vendor/codeigniter4/framework/system/Database/MySQLi/Connection.php(292): mysqli->query('SELECT `data`\nF...', 0)
#1 /home/regs2858/public_html/lltdemo/vendor/codeigniter4/framework/system/Database/BaseConnection.php(693): CodeIgniter\Database\MySQLi\Connection->execute('SELECT `data`\nF...')
#2 /home/regs2858/public_html/lltdemo/vendor/codeigniter4/framework/system/Database/BaseConnection.php(620): CodeIgniter\Database\BaseConnection->simpleQuery('SELECT `data`\nF...')
#3 /home/regs2858/public_html/lltdemo/vendor/codeigniter4/framework/system/Database/BaseBuilder.php(1585): CodeIgniter\Database\BaseConnection->query('SELECT `data`\nF...', Array, false)
#4 /home/regs2858/public_html/lltdemo/vendor/codeigniter4/framework/system/Session/Handlers/DatabaseHandler.php(126): CodeIgniter\Database\BaseBuilder->get()
#5 [internal function]: CodeIgniter\Session\Handlers\DatabaseHandler->read('8f7f93d140de5c8...')
#6 /home/regs2858/public_html/lltdemo/vendor/codeigniter4/framework/system/Session/Session.php(918): session_start()
#7 /home/regs2858/public_html/lltdemo/vendor/codeigniter4/framework/system/Session/Session.php(240): CodeIgniter\Session\Session->startSession()
#8 /home/regs2858/public_html/lltdemo/vendor/codeigniter4/framework/system/Config/Services.php(665): CodeIgniter\Session\Session->start()
#9 /home/regs2858/public_html/lltdemo/vendor/codeigniter4/framework/system/Config/BaseService.php(253): CodeIgniter\Config\Services::session(Object(Config\App), false)
#10 /home/regs2858/public_html/lltdemo/vendor/codeigniter4/framework/system/Config/BaseService.php(194): CodeIgniter\Config\BaseService::__callStatic('session', Array)
#11 /home/regs2858/public_html/lltdemo/vendor/codeigniter4/framework/system/Config/Services.php(637): CodeIgniter\Config\BaseService::getSharedInstance('session', NULL)
#12 /home/regs2858/public_html/lltdemo/vendor/codeigniter4/framework/system/Config/BaseService.php(253): CodeIgniter\Config\Services::session(NULL)
#13 /home/regs2858/public_html/lltdemo/app/Controllers/Home.php(9): CodeIgniter\Config\BaseService::__callStatic('session', Array)
#14 /home/regs2858/public_html/lltdemo/vendor/codeigniter4/framework/system/CodeIgniter.php(866): App\Controllers\Home->__construct()
#15 /home/regs2858/public_html/lltdemo/vendor/codeigniter4/framework/system/CodeIgniter.php(448): CodeIgniter\CodeIgniter->createController()
#16 /home/regs2858/public_html/lltdemo/vendor/codeigniter4/framework/system/CodeIgniter.php(340): CodeIgniter\CodeIgniter->handleRequest(NULL, Object(Config\Cache), false)
#17 /home/regs2858/public_html/lltdemo/public/index.php(67): CodeIgniter\CodeIgniter->run()
#18 {main}
CRITICAL - 2022-08-29 21:31:18 --> Call to a member function getRow() on bool
in SYSTEMPATH/Session/Handlers/DatabaseHandler.php on line 126.
 1 [internal function]: CodeIgniter\Session\Handlers\DatabaseHandler->read('8f7f93d140de5c8d10edf2ba2e5b0dcd9025827c')
 2 SYSTEMPATH/Session/Session.php(918): session_start()
 3 SYSTEMPATH/Session/Session.php(240): CodeIgniter\Session\Session->startSession()
 4 SYSTEMPATH/Config/Services.php(665): CodeIgniter\Session\Session->start()
 5 SYSTEMPATH/Config/BaseService.php(253): CodeIgniter\Config\Services::session(Object(Config\App), false)
 6 SYSTEMPATH/Config/BaseService.php(194): CodeIgniter\Config\BaseService::__callStatic('session', [...])
 7 SYSTEMPATH/Config/Services.php(637): CodeIgniter\Config\BaseService::getSharedInstance('session', null)
 8 SYSTEMPATH/Config/BaseService.php(253): CodeIgniter\Config\Services::session(null)
 9 APPPATH/Controllers/Home.php(9): CodeIgniter\Config\BaseService::__callStatic('session', [...])
10 SYSTEMPATH/CodeIgniter.php(866): App\Controllers\Home->__construct()
11 SYSTEMPATH/CodeIgniter.php(448): CodeIgniter\CodeIgniter->createController()
12 SYSTEMPATH/CodeIgniter.php(340): CodeIgniter\CodeIgniter->handleRequest(null, Object(Config\Cache), false)
13 FCPATH/index.php(67): CodeIgniter\CodeIgniter->run()
ERROR - 2022-08-29 21:31:19 --> mysqli_sql_exception: Table 'regs2858_igni660.5eci_sessions' doesn't exist in /home/regs2858/public_html/lltdemo/vendor/codeigniter4/framework/system/Database/MySQLi/Connection.php:292
Stack trace:
#0 /home/regs2858/public_html/lltdemo/vendor/codeigniter4/framework/system/Database/MySQLi/Connection.php(292): mysqli->query('SELECT `data`\nF...', 0)
#1 /home/regs2858/public_html/lltdemo/vendor/codeigniter4/framework/system/Database/BaseConnection.php(693): CodeIgniter\Database\MySQLi\Connection->execute('SELECT `data`\nF...')
#2 /home/regs2858/public_html/lltdemo/vendor/codeigniter4/framework/system/Database/BaseConnection.php(620): CodeIgniter\Database\BaseConnection->simpleQuery('SELECT `data`\nF...')
#3 /home/regs2858/public_html/lltdemo/vendor/codeigniter4/framework/system/Database/BaseBuilder.php(1585): CodeIgniter\Database\BaseConnection->query('SELECT `data`\nF...', Array, false)
#4 /home/regs2858/public_html/lltdemo/vendor/codeigniter4/framework/system/Session/Handlers/DatabaseHandler.php(126): CodeIgniter\Database\BaseBuilder->get()
#5 [internal function]: CodeIgniter\Session\Handlers\DatabaseHandler->read('8f7f93d140de5c8...')
#6 /home/regs2858/public_html/lltdemo/vendor/codeigniter4/framework/system/Session/Session.php(918): session_start()
#7 /home/regs2858/public_html/lltdemo/vendor/codeigniter4/framework/system/Session/Session.php(240): CodeIgniter\Session\Session->startSession()
#8 /home/regs2858/public_html/lltdemo/vendor/codeigniter4/framework/system/Config/Services.php(665): CodeIgniter\Session\Session->start()
#9 /home/regs2858/public_html/lltdemo/vendor/codeigniter4/framework/system/Config/BaseService.php(253): CodeIgniter\Config\Services::session(Object(Config\App), false)
#10 /home/regs2858/public_html/lltdemo/vendor/codeigniter4/framework/system/Config/BaseService.php(194): CodeIgniter\Config\BaseService::__callStatic('session', Array)
#11 /home/regs2858/public_html/lltdemo/vendor/codeigniter4/framework/system/Config/Services.php(637): CodeIgniter\Config\BaseService::getSharedInstance('session', NULL)
#12 /home/regs2858/public_html/lltdemo/vendor/codeigniter4/framework/system/Config/BaseService.php(253): CodeIgniter\Config\Services::session(NULL)
#13 /home/regs2858/public_html/lltdemo/app/Controllers/Home.php(9): CodeIgniter\Config\BaseService::__callStatic('session', Array)
#14 /home/regs2858/public_html/lltdemo/vendor/codeigniter4/framework/system/CodeIgniter.php(866): App\Controllers\Home->__construct()
#15 /home/regs2858/public_html/lltdemo/vendor/codeigniter4/framework/system/CodeIgniter.php(448): CodeIgniter\CodeIgniter->createController()
#16 /home/regs2858/public_html/lltdemo/vendor/codeigniter4/framework/system/CodeIgniter.php(340): CodeIgniter\CodeIgniter->handleRequest(NULL, Object(Config\Cache), false)
#17 /home/regs2858/public_html/lltdemo/public/index.php(67): CodeIgniter\CodeIgniter->run()
#18 {main}
CRITICAL - 2022-08-29 21:31:19 --> Call to a member function getRow() on bool
in SYSTEMPATH/Session/Handlers/DatabaseHandler.php on line 126.
 1 [internal function]: CodeIgniter\Session\Handlers\DatabaseHandler->read('8f7f93d140de5c8d10edf2ba2e5b0dcd9025827c')
 2 SYSTEMPATH/Session/Session.php(918): session_start()
 3 SYSTEMPATH/Session/Session.php(240): CodeIgniter\Session\Session->startSession()
 4 SYSTEMPATH/Config/Services.php(665): CodeIgniter\Session\Session->start()
 5 SYSTEMPATH/Config/BaseService.php(253): CodeIgniter\Config\Services::session(Object(Config\App), false)
 6 SYSTEMPATH/Config/BaseService.php(194): CodeIgniter\Config\BaseService::__callStatic('session', [...])
 7 SYSTEMPATH/Config/Services.php(637): CodeIgniter\Config\BaseService::getSharedInstance('session', null)
 8 SYSTEMPATH/Config/BaseService.php(253): CodeIgniter\Config\Services::session(null)
 9 APPPATH/Controllers/Home.php(9): CodeIgniter\Config\BaseService::__callStatic('session', [...])
10 SYSTEMPATH/CodeIgniter.php(866): App\Controllers\Home->__construct()
11 SYSTEMPATH/CodeIgniter.php(448): CodeIgniter\CodeIgniter->createController()
12 SYSTEMPATH/CodeIgniter.php(340): CodeIgniter\CodeIgniter->handleRequest(null, Object(Config\Cache), false)
13 FCPATH/index.php(67): CodeIgniter\CodeIgniter->run()
