CRITICAL - 2023-03-21 10:05:43 --> number_format(): Passing null to parameter #1 ($num) of type float is deprecated
in APPPATH\Views\Report-Bending\index.php on line 84.
 1 [internal function]: CodeIgniter\Debug\Exceptions->errorHandler(8192, 'number_format(): Passing null to parameter #1 ($num) of type float is deprecated', 'APPPATH\\Views\\Report-Bending\\index.php', 84)
 2 APPPATH\Views\Report-Bending\index.php(84): number_format(null)
 3 SYSTEMPATH\View\View.php(213): include('APPPATH\\Views\\Report-Bending\\index.php')
 4 SYSTEMPATH\View\View.php(216): CodeIgniter\View\View->CodeIgniter\View\{closure}()
 5 SYSTEMPATH\Common.php(1137): CodeIgniter\View\View->render('report-bending/index', [], true)
 6 APPPATH\Controllers\ReportBending.php(47): view('report-bending/index', [...])
 7 SYSTEMPATH\CodeIgniter.php(904): App\Controllers\ReportBending->index()
 8 SYSTEMPATH\CodeIgniter.php(457): CodeIgniter\CodeIgniter->runController(Object(App\Controllers\ReportBending))
 9 SYSTEMPATH\CodeIgniter.php(340): CodeIgniter\CodeIgniter->handleRequest(null, Object(Config\Cache), false)
10 FCPATH\index.php(67): CodeIgniter\CodeIgniter->run()
CRITICAL - 2023-03-21 10:05:46 --> number_format(): Passing null to parameter #1 ($num) of type float is deprecated
in APPPATH\Views\Report-Bending\index.php on line 84.
 1 [internal function]: CodeIgniter\Debug\Exceptions->errorHandler(8192, 'number_format(): Passing null to parameter #1 ($num) of type float is deprecated', 'APPPATH\\Views\\Report-Bending\\index.php', 84)
 2 APPPATH\Views\Report-Bending\index.php(84): number_format(null)
 3 SYSTEMPATH\View\View.php(213): include('APPPATH\\Views\\Report-Bending\\index.php')
 4 SYSTEMPATH\View\View.php(216): CodeIgniter\View\View->CodeIgniter\View\{closure}()
 5 SYSTEMPATH\Common.php(1137): CodeIgniter\View\View->render('report-bending/index', [], true)
 6 APPPATH\Controllers\ReportBending.php(47): view('report-bending/index', [...])
 7 SYSTEMPATH\CodeIgniter.php(904): App\Controllers\ReportBending->index()
 8 SYSTEMPATH\CodeIgniter.php(457): CodeIgniter\CodeIgniter->runController(Object(App\Controllers\ReportBending))
 9 SYSTEMPATH\CodeIgniter.php(340): CodeIgniter\CodeIgniter->handleRequest(null, Object(Config\Cache), false)
10 FCPATH\index.php(67): CodeIgniter\CodeIgniter->run()
CRITICAL - 2023-03-21 10:05:50 --> number_format(): Passing null to parameter #1 ($num) of type float is deprecated
in APPPATH\Views\Report-Bending\index.php on line 84.
 1 [internal function]: CodeIgniter\Debug\Exceptions->errorHandler(8192, 'number_format(): Passing null to parameter #1 ($num) of type float is deprecated', 'APPPATH\\Views\\Report-Bending\\index.php', 84)
 2 APPPATH\Views\Report-Bending\index.php(84): number_format(null)
 3 SYSTEMPATH\View\View.php(213): include('APPPATH\\Views\\Report-Bending\\index.php')
 4 SYSTEMPATH\View\View.php(216): CodeIgniter\View\View->CodeIgniter\View\{closure}()
 5 SYSTEMPATH\Common.php(1137): CodeIgniter\View\View->render('report-bending/index', [], true)
 6 APPPATH\Controllers\ReportBending.php(47): view('report-bending/index', [...])
 7 SYSTEMPATH\CodeIgniter.php(904): App\Controllers\ReportBending->index()
 8 SYSTEMPATH\CodeIgniter.php(457): CodeIgniter\CodeIgniter->runController(Object(App\Controllers\ReportBending))
 9 SYSTEMPATH\CodeIgniter.php(340): CodeIgniter\CodeIgniter->handleRequest(null, Object(Config\Cache), false)
10 FCPATH\index.php(67): CodeIgniter\CodeIgniter->run()
CRITICAL - 2023-03-21 10:23:36 --> Undefined property: CodeIgniter\View\View::$session
in APPPATH\Views\Auth\login.php on line 18.
 1 APPPATH\Views\Auth\login.php(18): CodeIgniter\Debug\Exceptions->errorHandler(2, 'Undefined property: CodeIgniter\\View\\View::$session', 'APPPATH\\Views\\Auth\\login.php', 18)
 2 SYSTEMPATH\View\View.php(213): include('APPPATH\\Views\\Auth\\login.php')
 3 SYSTEMPATH\View\View.php(216): CodeIgniter\View\View->CodeIgniter\View\{closure}()
 4 SYSTEMPATH\Common.php(1137): CodeIgniter\View\View->render('Auth/login', [], true)
 5 APPPATH\Controllers\Auth.php(21): view('Auth/login')
 6 SYSTEMPATH\CodeIgniter.php(904): App\Controllers\Auth->index()
 7 SYSTEMPATH\CodeIgniter.php(457): CodeIgniter\CodeIgniter->runController(Object(App\Controllers\Auth))
 8 SYSTEMPATH\CodeIgniter.php(340): CodeIgniter\CodeIgniter->handleRequest(null, Object(Config\Cache), false)
 9 FCPATH\index.php(67): CodeIgniter\CodeIgniter->run()
CRITICAL - 2023-03-21 10:24:11 --> Undefined array key "message"
in APPPATH\Views\Auth\login.php on line 18.
 1 APPPATH\Views\Auth\login.php(18): CodeIgniter\Debug\Exceptions->errorHandler(2, 'Undefined array key "message"', 'APPPATH\\Views\\Auth\\login.php', 18)
 2 SYSTEMPATH\View\View.php(213): include('APPPATH\\Views\\Auth\\login.php')
 3 SYSTEMPATH\View\View.php(216): CodeIgniter\View\View->CodeIgniter\View\{closure}()
 4 SYSTEMPATH\Common.php(1137): CodeIgniter\View\View->render('Auth/login', [], true)
 5 APPPATH\Controllers\Auth.php(21): view('Auth/login')
 6 SYSTEMPATH\CodeIgniter.php(904): App\Controllers\Auth->index()
 7 SYSTEMPATH\CodeIgniter.php(457): CodeIgniter\CodeIgniter->runController(Object(App\Controllers\Auth))
 8 SYSTEMPATH\CodeIgniter.php(340): CodeIgniter\CodeIgniter->handleRequest(null, Object(Config\Cache), false)
 9 FCPATH\index.php(67): CodeIgniter\CodeIgniter->run()
CRITICAL - 2023-03-21 10:24:12 --> Undefined array key "message"
in APPPATH\Views\Auth\login.php on line 18.
 1 APPPATH\Views\Auth\login.php(18): CodeIgniter\Debug\Exceptions->errorHandler(2, 'Undefined array key "message"', 'APPPATH\\Views\\Auth\\login.php', 18)
 2 SYSTEMPATH\View\View.php(213): include('APPPATH\\Views\\Auth\\login.php')
 3 SYSTEMPATH\View\View.php(216): CodeIgniter\View\View->CodeIgniter\View\{closure}()
 4 SYSTEMPATH\Common.php(1137): CodeIgniter\View\View->render('Auth/login', [], true)
 5 APPPATH\Controllers\Auth.php(21): view('Auth/login')
 6 SYSTEMPATH\CodeIgniter.php(904): App\Controllers\Auth->index()
 7 SYSTEMPATH\CodeIgniter.php(457): CodeIgniter\CodeIgniter->runController(Object(App\Controllers\Auth))
 8 SYSTEMPATH\CodeIgniter.php(340): CodeIgniter\CodeIgniter->handleRequest(null, Object(Config\Cache), false)
 9 FCPATH\index.php(67): CodeIgniter\CodeIgniter->run()
CRITICAL - 2023-03-21 10:24:34 --> Undefined variable $session
in APPPATH\Views\Auth\login.php on line 18.
 1 APPPATH\Views\Auth\login.php(18): CodeIgniter\Debug\Exceptions->errorHandler(2, 'Undefined variable $session', 'APPPATH\\Views\\Auth\\login.php', 18)
 2 SYSTEMPATH\View\View.php(213): include('APPPATH\\Views\\Auth\\login.php')
 3 SYSTEMPATH\View\View.php(216): CodeIgniter\View\View->CodeIgniter\View\{closure}()
 4 SYSTEMPATH\Common.php(1137): CodeIgniter\View\View->render('Auth/login', [], true)
 5 APPPATH\Controllers\Auth.php(21): view('Auth/login')
 6 SYSTEMPATH\CodeIgniter.php(904): App\Controllers\Auth->index()
 7 SYSTEMPATH\CodeIgniter.php(457): CodeIgniter\CodeIgniter->runController(Object(App\Controllers\Auth))
 8 SYSTEMPATH\CodeIgniter.php(340): CodeIgniter\CodeIgniter->handleRequest(null, Object(Config\Cache), false)
 9 FCPATH\index.php(67): CodeIgniter\CodeIgniter->run()
CRITICAL - 2023-03-21 10:24:35 --> Undefined variable $session
in APPPATH\Views\Auth\login.php on line 18.
 1 APPPATH\Views\Auth\login.php(18): CodeIgniter\Debug\Exceptions->errorHandler(2, 'Undefined variable $session', 'APPPATH\\Views\\Auth\\login.php', 18)
 2 SYSTEMPATH\View\View.php(213): include('APPPATH\\Views\\Auth\\login.php')
 3 SYSTEMPATH\View\View.php(216): CodeIgniter\View\View->CodeIgniter\View\{closure}()
 4 SYSTEMPATH\Common.php(1137): CodeIgniter\View\View->render('Auth/login', [], true)
 5 APPPATH\Controllers\Auth.php(21): view('Auth/login')
 6 SYSTEMPATH\CodeIgniter.php(904): App\Controllers\Auth->index()
 7 SYSTEMPATH\CodeIgniter.php(457): CodeIgniter\CodeIgniter->runController(Object(App\Controllers\Auth))
 8 SYSTEMPATH\CodeIgniter.php(340): CodeIgniter\CodeIgniter->handleRequest(null, Object(Config\Cache), false)
 9 FCPATH\index.php(67): CodeIgniter\CodeIgniter->run()
CRITICAL - 2023-03-21 10:24:39 --> Undefined variable $session
in APPPATH\Views\Auth\login.php on line 18.
 1 APPPATH\Views\Auth\login.php(18): CodeIgniter\Debug\Exceptions->errorHandler(2, 'Undefined variable $session', 'APPPATH\\Views\\Auth\\login.php', 18)
 2 SYSTEMPATH\View\View.php(213): include('APPPATH\\Views\\Auth\\login.php')
 3 SYSTEMPATH\View\View.php(216): CodeIgniter\View\View->CodeIgniter\View\{closure}()
 4 SYSTEMPATH\Common.php(1137): CodeIgniter\View\View->render('Auth/login', [], true)
 5 APPPATH\Controllers\Auth.php(21): view('Auth/login')
 6 SYSTEMPATH\CodeIgniter.php(904): App\Controllers\Auth->index()
 7 SYSTEMPATH\CodeIgniter.php(457): CodeIgniter\CodeIgniter->runController(Object(App\Controllers\Auth))
 8 SYSTEMPATH\CodeIgniter.php(340): CodeIgniter\CodeIgniter->handleRequest(null, Object(Config\Cache), false)
 9 FCPATH\index.php(67): CodeIgniter\CodeIgniter->run()
CRITICAL - 2023-03-21 10:24:40 --> Undefined variable $session
in APPPATH\Views\Auth\login.php on line 18.
 1 APPPATH\Views\Auth\login.php(18): CodeIgniter\Debug\Exceptions->errorHandler(2, 'Undefined variable $session', 'APPPATH\\Views\\Auth\\login.php', 18)
 2 SYSTEMPATH\View\View.php(213): include('APPPATH\\Views\\Auth\\login.php')
 3 SYSTEMPATH\View\View.php(216): CodeIgniter\View\View->CodeIgniter\View\{closure}()
 4 SYSTEMPATH\Common.php(1137): CodeIgniter\View\View->render('Auth/login', [], true)
 5 APPPATH\Controllers\Auth.php(21): view('Auth/login')
 6 SYSTEMPATH\CodeIgniter.php(904): App\Controllers\Auth->index()
 7 SYSTEMPATH\CodeIgniter.php(457): CodeIgniter\CodeIgniter->runController(Object(App\Controllers\Auth))
 8 SYSTEMPATH\CodeIgniter.php(340): CodeIgniter\CodeIgniter->handleRequest(null, Object(Config\Cache), false)
 9 FCPATH\index.php(67): CodeIgniter\CodeIgniter->run()
CRITICAL - 2023-03-21 10:25:11 --> Undefined variable $session
in APPPATH\Views\Auth\login.php on line 18.
 1 APPPATH\Views\Auth\login.php(18): CodeIgniter\Debug\Exceptions->errorHandler(2, 'Undefined variable $session', 'APPPATH\\Views\\Auth\\login.php', 18)
 2 SYSTEMPATH\View\View.php(213): include('APPPATH\\Views\\Auth\\login.php')
 3 SYSTEMPATH\View\View.php(216): CodeIgniter\View\View->CodeIgniter\View\{closure}()
 4 SYSTEMPATH\Common.php(1137): CodeIgniter\View\View->render('Auth/login', [], true)
 5 APPPATH\Controllers\Auth.php(21): view('Auth/login')
 6 SYSTEMPATH\CodeIgniter.php(904): App\Controllers\Auth->index()
 7 SYSTEMPATH\CodeIgniter.php(457): CodeIgniter\CodeIgniter->runController(Object(App\Controllers\Auth))
 8 SYSTEMPATH\CodeIgniter.php(340): CodeIgniter\CodeIgniter->handleRequest(null, Object(Config\Cache), false)
 9 FCPATH\index.php(67): CodeIgniter\CodeIgniter->run()
CRITICAL - 2023-03-21 10:26:53 --> Undefined property: CodeIgniter\View\View::$session
in APPPATH\Views\Auth\login.php on line 18.
 1 APPPATH\Views\Auth\login.php(18): CodeIgniter\Debug\Exceptions->errorHandler(2, 'Undefined property: CodeIgniter\\View\\View::$session', 'APPPATH\\Views\\Auth\\login.php', 18)
 2 SYSTEMPATH\View\View.php(213): include('APPPATH\\Views\\Auth\\login.php')
 3 SYSTEMPATH\View\View.php(216): CodeIgniter\View\View->CodeIgniter\View\{closure}()
 4 SYSTEMPATH\Common.php(1137): CodeIgniter\View\View->render('Auth/login', [], true)
 5 APPPATH\Controllers\Auth.php(21): view('Auth/login')
 6 SYSTEMPATH\CodeIgniter.php(904): App\Controllers\Auth->index()
 7 SYSTEMPATH\CodeIgniter.php(457): CodeIgniter\CodeIgniter->runController(Object(App\Controllers\Auth))
 8 SYSTEMPATH\CodeIgniter.php(340): CodeIgniter\CodeIgniter->handleRequest(null, Object(Config\Cache), false)
 9 FCPATH\index.php(67): CodeIgniter\CodeIgniter->run()
CRITICAL - 2023-03-21 10:27:59 --> Undefined property: CodeIgniter\View\View::$session
in APPPATH\Views\Auth\login.php on line 18.
 1 APPPATH\Views\Auth\login.php(18): CodeIgniter\Debug\Exceptions->errorHandler(2, 'Undefined property: CodeIgniter\\View\\View::$session', 'APPPATH\\Views\\Auth\\login.php', 18)
 2 SYSTEMPATH\View\View.php(213): include('APPPATH\\Views\\Auth\\login.php')
 3 SYSTEMPATH\View\View.php(216): CodeIgniter\View\View->CodeIgniter\View\{closure}()
 4 SYSTEMPATH\Common.php(1137): CodeIgniter\View\View->render('Auth/login', [], true)
 5 APPPATH\Controllers\Auth.php(21): view('Auth/login')
 6 SYSTEMPATH\CodeIgniter.php(904): App\Controllers\Auth->index()
 7 SYSTEMPATH\CodeIgniter.php(457): CodeIgniter\CodeIgniter->runController(Object(App\Controllers\Auth))
 8 SYSTEMPATH\CodeIgniter.php(340): CodeIgniter\CodeIgniter->handleRequest(null, Object(Config\Cache), false)
 9 FCPATH\index.php(67): CodeIgniter\CodeIgniter->run()
CRITICAL - 2023-03-21 10:29:04 --> Undefined array key "message"
in APPPATH\Views\Auth\login.php on line 18.
 1 APPPATH\Views\Auth\login.php(18): CodeIgniter\Debug\Exceptions->errorHandler(2, 'Undefined array key "message"', 'APPPATH\\Views\\Auth\\login.php', 18)
 2 SYSTEMPATH\View\View.php(213): include('APPPATH\\Views\\Auth\\login.php')
 3 SYSTEMPATH\View\View.php(216): CodeIgniter\View\View->CodeIgniter\View\{closure}()
 4 SYSTEMPATH\Common.php(1137): CodeIgniter\View\View->render('Auth/login', [], true)
 5 APPPATH\Controllers\Auth.php(21): view('Auth/login')
 6 SYSTEMPATH\CodeIgniter.php(904): App\Controllers\Auth->index()
 7 SYSTEMPATH\CodeIgniter.php(457): CodeIgniter\CodeIgniter->runController(Object(App\Controllers\Auth))
 8 SYSTEMPATH\CodeIgniter.php(340): CodeIgniter\CodeIgniter->handleRequest(null, Object(Config\Cache), false)
 9 FCPATH\index.php(67): CodeIgniter\CodeIgniter->run()
CRITICAL - 2023-03-21 10:29:05 --> Undefined array key "message"
in APPPATH\Views\Auth\login.php on line 18.
 1 APPPATH\Views\Auth\login.php(18): CodeIgniter\Debug\Exceptions->errorHandler(2, 'Undefined array key "message"', 'APPPATH\\Views\\Auth\\login.php', 18)
 2 SYSTEMPATH\View\View.php(213): include('APPPATH\\Views\\Auth\\login.php')
 3 SYSTEMPATH\View\View.php(216): CodeIgniter\View\View->CodeIgniter\View\{closure}()
 4 SYSTEMPATH\Common.php(1137): CodeIgniter\View\View->render('Auth/login', [], true)
 5 APPPATH\Controllers\Auth.php(21): view('Auth/login')
 6 SYSTEMPATH\CodeIgniter.php(904): App\Controllers\Auth->index()
 7 SYSTEMPATH\CodeIgniter.php(457): CodeIgniter\CodeIgniter->runController(Object(App\Controllers\Auth))
 8 SYSTEMPATH\CodeIgniter.php(340): CodeIgniter\CodeIgniter->handleRequest(null, Object(Config\Cache), false)
 9 FCPATH\index.php(67): CodeIgniter\CodeIgniter->run()
CRITICAL - 2023-03-21 10:29:31 --> Undefined array key "message"
in APPPATH\Views\Auth\login.php on line 18.
 1 APPPATH\Views\Auth\login.php(18): CodeIgniter\Debug\Exceptions->errorHandler(2, 'Undefined array key "message"', 'APPPATH\\Views\\Auth\\login.php', 18)
 2 SYSTEMPATH\View\View.php(213): include('APPPATH\\Views\\Auth\\login.php')
 3 SYSTEMPATH\View\View.php(216): CodeIgniter\View\View->CodeIgniter\View\{closure}()
 4 SYSTEMPATH\Common.php(1137): CodeIgniter\View\View->render('Auth/login', [], true)
 5 APPPATH\Controllers\Auth.php(21): view('Auth/login')
 6 SYSTEMPATH\CodeIgniter.php(904): App\Controllers\Auth->index()
 7 SYSTEMPATH\CodeIgniter.php(457): CodeIgniter\CodeIgniter->runController(Object(App\Controllers\Auth))
 8 SYSTEMPATH\CodeIgniter.php(340): CodeIgniter\CodeIgniter->handleRequest(null, Object(Config\Cache), false)
 9 FCPATH\index.php(67): CodeIgniter\CodeIgniter->run()
CRITICAL - 2023-03-21 10:29:32 --> Undefined array key "message"
in APPPATH\Views\Auth\login.php on line 18.
 1 APPPATH\Views\Auth\login.php(18): CodeIgniter\Debug\Exceptions->errorHandler(2, 'Undefined array key "message"', 'APPPATH\\Views\\Auth\\login.php', 18)
 2 SYSTEMPATH\View\View.php(213): include('APPPATH\\Views\\Auth\\login.php')
 3 SYSTEMPATH\View\View.php(216): CodeIgniter\View\View->CodeIgniter\View\{closure}()
 4 SYSTEMPATH\Common.php(1137): CodeIgniter\View\View->render('Auth/login', [], true)
 5 APPPATH\Controllers\Auth.php(21): view('Auth/login')
 6 SYSTEMPATH\CodeIgniter.php(904): App\Controllers\Auth->index()
 7 SYSTEMPATH\CodeIgniter.php(457): CodeIgniter\CodeIgniter->runController(Object(App\Controllers\Auth))
 8 SYSTEMPATH\CodeIgniter.php(340): CodeIgniter\CodeIgniter->handleRequest(null, Object(Config\Cache), false)
 9 FCPATH\index.php(67): CodeIgniter\CodeIgniter->run()
CRITICAL - 2023-03-21 10:29:33 --> Undefined array key "message"
in APPPATH\Views\Auth\login.php on line 18.
 1 APPPATH\Views\Auth\login.php(18): CodeIgniter\Debug\Exceptions->errorHandler(2, 'Undefined array key "message"', 'APPPATH\\Views\\Auth\\login.php', 18)
 2 SYSTEMPATH\View\View.php(213): include('APPPATH\\Views\\Auth\\login.php')
 3 SYSTEMPATH\View\View.php(216): CodeIgniter\View\View->CodeIgniter\View\{closure}()
 4 SYSTEMPATH\Common.php(1137): CodeIgniter\View\View->render('Auth/login', [], true)
 5 APPPATH\Controllers\Auth.php(21): view('Auth/login')
 6 SYSTEMPATH\CodeIgniter.php(904): App\Controllers\Auth->index()
 7 SYSTEMPATH\CodeIgniter.php(457): CodeIgniter\CodeIgniter->runController(Object(App\Controllers\Auth))
 8 SYSTEMPATH\CodeIgniter.php(340): CodeIgniter\CodeIgniter->handleRequest(null, Object(Config\Cache), false)
 9 FCPATH\index.php(67): CodeIgniter\CodeIgniter->run()
CRITICAL - 2023-03-21 10:29:33 --> Undefined array key "message"
in APPPATH\Views\Auth\login.php on line 18.
 1 APPPATH\Views\Auth\login.php(18): CodeIgniter\Debug\Exceptions->errorHandler(2, 'Undefined array key "message"', 'APPPATH\\Views\\Auth\\login.php', 18)
 2 SYSTEMPATH\View\View.php(213): include('APPPATH\\Views\\Auth\\login.php')
 3 SYSTEMPATH\View\View.php(216): CodeIgniter\View\View->CodeIgniter\View\{closure}()
 4 SYSTEMPATH\Common.php(1137): CodeIgniter\View\View->render('Auth/login', [], true)
 5 APPPATH\Controllers\Auth.php(21): view('Auth/login')
 6 SYSTEMPATH\CodeIgniter.php(904): App\Controllers\Auth->index()
 7 SYSTEMPATH\CodeIgniter.php(457): CodeIgniter\CodeIgniter->runController(Object(App\Controllers\Auth))
 8 SYSTEMPATH\CodeIgniter.php(340): CodeIgniter\CodeIgniter->handleRequest(null, Object(Config\Cache), false)
 9 FCPATH\index.php(67): CodeIgniter\CodeIgniter->run()
CRITICAL - 2023-03-21 10:29:34 --> Undefined array key "message"
in APPPATH\Views\Auth\login.php on line 18.
 1 APPPATH\Views\Auth\login.php(18): CodeIgniter\Debug\Exceptions->errorHandler(2, 'Undefined array key "message"', 'APPPATH\\Views\\Auth\\login.php', 18)
 2 SYSTEMPATH\View\View.php(213): include('APPPATH\\Views\\Auth\\login.php')
 3 SYSTEMPATH\View\View.php(216): CodeIgniter\View\View->CodeIgniter\View\{closure}()
 4 SYSTEMPATH\Common.php(1137): CodeIgniter\View\View->render('Auth/login', [], true)
 5 APPPATH\Controllers\Auth.php(21): view('Auth/login')
 6 SYSTEMPATH\CodeIgniter.php(904): App\Controllers\Auth->index()
 7 SYSTEMPATH\CodeIgniter.php(457): CodeIgniter\CodeIgniter->runController(Object(App\Controllers\Auth))
 8 SYSTEMPATH\CodeIgniter.php(340): CodeIgniter\CodeIgniter->handleRequest(null, Object(Config\Cache), false)
 9 FCPATH\index.php(67): CodeIgniter\CodeIgniter->run()
CRITICAL - 2023-03-21 10:29:34 --> Undefined array key "message"
in APPPATH\Views\Auth\login.php on line 18.
 1 APPPATH\Views\Auth\login.php(18): CodeIgniter\Debug\Exceptions->errorHandler(2, 'Undefined array key "message"', 'APPPATH\\Views\\Auth\\login.php', 18)
 2 SYSTEMPATH\View\View.php(213): include('APPPATH\\Views\\Auth\\login.php')
 3 SYSTEMPATH\View\View.php(216): CodeIgniter\View\View->CodeIgniter\View\{closure}()
 4 SYSTEMPATH\Common.php(1137): CodeIgniter\View\View->render('Auth/login', [], true)
 5 APPPATH\Controllers\Auth.php(21): view('Auth/login')
 6 SYSTEMPATH\CodeIgniter.php(904): App\Controllers\Auth->index()
 7 SYSTEMPATH\CodeIgniter.php(457): CodeIgniter\CodeIgniter->runController(Object(App\Controllers\Auth))
 8 SYSTEMPATH\CodeIgniter.php(340): CodeIgniter\CodeIgniter->handleRequest(null, Object(Config\Cache), false)
 9 FCPATH\index.php(67): CodeIgniter\CodeIgniter->run()
CRITICAL - 2023-03-21 10:29:39 --> Undefined array key "message"
in APPPATH\Views\Auth\login.php on line 18.
 1 APPPATH\Views\Auth\login.php(18): CodeIgniter\Debug\Exceptions->errorHandler(2, 'Undefined array key "message"', 'APPPATH\\Views\\Auth\\login.php', 18)
 2 SYSTEMPATH\View\View.php(213): include('APPPATH\\Views\\Auth\\login.php')
 3 SYSTEMPATH\View\View.php(216): CodeIgniter\View\View->CodeIgniter\View\{closure}()
 4 SYSTEMPATH\Common.php(1137): CodeIgniter\View\View->render('Auth/login', [], true)
 5 APPPATH\Controllers\Auth.php(21): view('Auth/login')
 6 SYSTEMPATH\CodeIgniter.php(904): App\Controllers\Auth->index()
 7 SYSTEMPATH\CodeIgniter.php(457): CodeIgniter\CodeIgniter->runController(Object(App\Controllers\Auth))
 8 SYSTEMPATH\CodeIgniter.php(340): CodeIgniter\CodeIgniter->handleRequest(null, Object(Config\Cache), false)
 9 FCPATH\index.php(67): CodeIgniter\CodeIgniter->run()
CRITICAL - 2023-03-21 10:30:19 --> number_format(): Passing null to parameter #1 ($num) of type float is deprecated
in APPPATH\Views\Report-Bending\index.php on line 84.
 1 [internal function]: CodeIgniter\Debug\Exceptions->errorHandler(8192, 'number_format(): Passing null to parameter #1 ($num) of type float is deprecated', 'APPPATH\\Views\\Report-Bending\\index.php', 84)
 2 APPPATH\Views\Report-Bending\index.php(84): number_format(null)
 3 SYSTEMPATH\View\View.php(213): include('APPPATH\\Views\\Report-Bending\\index.php')
 4 SYSTEMPATH\View\View.php(216): CodeIgniter\View\View->CodeIgniter\View\{closure}()
 5 SYSTEMPATH\Common.php(1137): CodeIgniter\View\View->render('report-bending/index', [], true)
 6 APPPATH\Controllers\ReportBending.php(47): view('report-bending/index', [...])
 7 SYSTEMPATH\CodeIgniter.php(904): App\Controllers\ReportBending->index()
 8 SYSTEMPATH\CodeIgniter.php(457): CodeIgniter\CodeIgniter->runController(Object(App\Controllers\ReportBending))
 9 SYSTEMPATH\CodeIgniter.php(340): CodeIgniter\CodeIgniter->handleRequest(null, Object(Config\Cache), false)
10 FCPATH\index.php(67): CodeIgniter\CodeIgniter->run()
CRITICAL - 2023-03-21 10:41:49 --> number_format(): Passing null to parameter #1 ($num) of type float is deprecated
in APPPATH\Views\Report-Bending\index.php on line 84.
 1 [internal function]: CodeIgniter\Debug\Exceptions->errorHandler(8192, 'number_format(): Passing null to parameter #1 ($num) of type float is deprecated', 'APPPATH\\Views\\Report-Bending\\index.php', 84)
 2 APPPATH\Views\Report-Bending\index.php(84): number_format(null)
 3 SYSTEMPATH\View\View.php(213): include('APPPATH\\Views\\Report-Bending\\index.php')
 4 SYSTEMPATH\View\View.php(216): CodeIgniter\View\View->CodeIgniter\View\{closure}()
 5 SYSTEMPATH\Common.php(1137): CodeIgniter\View\View->render('report-bending/index', [], true)
 6 APPPATH\Controllers\ReportBending.php(47): view('report-bending/index', [...])
 7 SYSTEMPATH\CodeIgniter.php(904): App\Controllers\ReportBending->index()
 8 SYSTEMPATH\CodeIgniter.php(457): CodeIgniter\CodeIgniter->runController(Object(App\Controllers\ReportBending))
 9 SYSTEMPATH\CodeIgniter.php(340): CodeIgniter\CodeIgniter->handleRequest(null, Object(Config\Cache), false)
10 FCPATH\index.php(67): CodeIgniter\CodeIgniter->run()
CRITICAL - 2023-03-21 10:41:52 --> number_format(): Passing null to parameter #1 ($num) of type float is deprecated
in APPPATH\Views\Report-Bending\index.php on line 84.
 1 [internal function]: CodeIgniter\Debug\Exceptions->errorHandler(8192, 'number_format(): Passing null to parameter #1 ($num) of type float is deprecated', 'APPPATH\\Views\\Report-Bending\\index.php', 84)
 2 APPPATH\Views\Report-Bending\index.php(84): number_format(null)
 3 SYSTEMPATH\View\View.php(213): include('APPPATH\\Views\\Report-Bending\\index.php')
 4 SYSTEMPATH\View\View.php(216): CodeIgniter\View\View->CodeIgniter\View\{closure}()
 5 SYSTEMPATH\Common.php(1137): CodeIgniter\View\View->render('report-bending/index', [], true)
 6 APPPATH\Controllers\ReportBending.php(47): view('report-bending/index', [...])
 7 SYSTEMPATH\CodeIgniter.php(904): App\Controllers\ReportBending->index()
 8 SYSTEMPATH\CodeIgniter.php(457): CodeIgniter\CodeIgniter->runController(Object(App\Controllers\ReportBending))
 9 SYSTEMPATH\CodeIgniter.php(340): CodeIgniter\CodeIgniter->handleRequest(null, Object(Config\Cache), false)
10 FCPATH\index.php(67): CodeIgniter\CodeIgniter->run()
CRITICAL - 2023-03-21 10:41:54 --> number_format(): Passing null to parameter #1 ($num) of type float is deprecated
in APPPATH\Views\Report-Bending\index.php on line 84.
 1 [internal function]: CodeIgniter\Debug\Exceptions->errorHandler(8192, 'number_format(): Passing null to parameter #1 ($num) of type float is deprecated', 'APPPATH\\Views\\Report-Bending\\index.php', 84)
 2 APPPATH\Views\Report-Bending\index.php(84): number_format(null)
 3 SYSTEMPATH\View\View.php(213): include('APPPATH\\Views\\Report-Bending\\index.php')
 4 SYSTEMPATH\View\View.php(216): CodeIgniter\View\View->CodeIgniter\View\{closure}()
 5 SYSTEMPATH\Common.php(1137): CodeIgniter\View\View->render('report-bending/index', [], true)
 6 APPPATH\Controllers\ReportBending.php(47): view('report-bending/index', [...])
 7 SYSTEMPATH\CodeIgniter.php(904): App\Controllers\ReportBending->index()
 8 SYSTEMPATH\CodeIgniter.php(457): CodeIgniter\CodeIgniter->runController(Object(App\Controllers\ReportBending))
 9 SYSTEMPATH\CodeIgniter.php(340): CodeIgniter\CodeIgniter->handleRequest(null, Object(Config\Cache), false)
10 FCPATH\index.php(67): CodeIgniter\CodeIgniter->run()
CRITICAL - 2023-03-21 10:41:59 --> number_format(): Passing null to parameter #1 ($num) of type float is deprecated
in APPPATH\Views\Report-Bending\index.php on line 84.
 1 [internal function]: CodeIgniter\Debug\Exceptions->errorHandler(8192, 'number_format(): Passing null to parameter #1 ($num) of type float is deprecated', 'APPPATH\\Views\\Report-Bending\\index.php', 84)
 2 APPPATH\Views\Report-Bending\index.php(84): number_format(null)
 3 SYSTEMPATH\View\View.php(213): include('APPPATH\\Views\\Report-Bending\\index.php')
 4 SYSTEMPATH\View\View.php(216): CodeIgniter\View\View->CodeIgniter\View\{closure}()
 5 SYSTEMPATH\Common.php(1137): CodeIgniter\View\View->render('report-bending/index', [], true)
 6 APPPATH\Controllers\ReportBending.php(47): view('report-bending/index', [...])
 7 SYSTEMPATH\CodeIgniter.php(904): App\Controllers\ReportBending->index()
 8 SYSTEMPATH\CodeIgniter.php(457): CodeIgniter\CodeIgniter->runController(Object(App\Controllers\ReportBending))
 9 SYSTEMPATH\CodeIgniter.php(340): CodeIgniter\CodeIgniter->handleRequest(null, Object(Config\Cache), false)
10 FCPATH\index.php(67): CodeIgniter\CodeIgniter->run()
CRITICAL - 2023-03-21 10:42:58 --> number_format(): Passing null to parameter #1 ($num) of type float is deprecated
in APPPATH\Views\Report-Bending\index.php on line 84.
 1 [internal function]: CodeIgniter\Debug\Exceptions->errorHandler(8192, 'number_format(): Passing null to parameter #1 ($num) of type float is deprecated', 'APPPATH\\Views\\Report-Bending\\index.php', 84)
 2 APPPATH\Views\Report-Bending\index.php(84): number_format(null)
 3 SYSTEMPATH\View\View.php(213): include('APPPATH\\Views\\Report-Bending\\index.php')
 4 SYSTEMPATH\View\View.php(216): CodeIgniter\View\View->CodeIgniter\View\{closure}()
 5 SYSTEMPATH\Common.php(1137): CodeIgniter\View\View->render('report-bending/index', [], true)
 6 APPPATH\Controllers\ReportBending.php(47): view('report-bending/index', [...])
 7 SYSTEMPATH\CodeIgniter.php(904): App\Controllers\ReportBending->index()
 8 SYSTEMPATH\CodeIgniter.php(457): CodeIgniter\CodeIgniter->runController(Object(App\Controllers\ReportBending))
 9 SYSTEMPATH\CodeIgniter.php(340): CodeIgniter\CodeIgniter->handleRequest(null, Object(Config\Cache), false)
10 FCPATH\index.php(67): CodeIgniter\CodeIgniter->run()
CRITICAL - 2023-03-21 10:43:05 --> number_format(): Passing null to parameter #1 ($num) of type float is deprecated
in APPPATH\Views\Report-Bending\index.php on line 84.
 1 [internal function]: CodeIgniter\Debug\Exceptions->errorHandler(8192, 'number_format(): Passing null to parameter #1 ($num) of type float is deprecated', 'APPPATH\\Views\\Report-Bending\\index.php', 84)
 2 APPPATH\Views\Report-Bending\index.php(84): number_format(null)
 3 SYSTEMPATH\View\View.php(213): include('APPPATH\\Views\\Report-Bending\\index.php')
 4 SYSTEMPATH\View\View.php(216): CodeIgniter\View\View->CodeIgniter\View\{closure}()
 5 SYSTEMPATH\Common.php(1137): CodeIgniter\View\View->render('report-bending/index', [], true)
 6 APPPATH\Controllers\ReportBending.php(47): view('report-bending/index', [...])
 7 SYSTEMPATH\CodeIgniter.php(904): App\Controllers\ReportBending->index()
 8 SYSTEMPATH\CodeIgniter.php(457): CodeIgniter\CodeIgniter->runController(Object(App\Controllers\ReportBending))
 9 SYSTEMPATH\CodeIgniter.php(340): CodeIgniter\CodeIgniter->handleRequest(null, Object(Config\Cache), false)
10 FCPATH\index.php(67): CodeIgniter\CodeIgniter->run()
CRITICAL - 2023-03-21 10:44:05 --> number_format(): Passing null to parameter #1 ($num) of type float is deprecated
in APPPATH\Views\Report-Bending\index.php on line 151.
 1 [internal function]: CodeIgniter\Debug\Exceptions->errorHandler(8192, 'number_format(): Passing null to parameter #1 ($num) of type float is deprecated', 'APPPATH\\Views\\Report-Bending\\index.php', 151)
 2 APPPATH\Views\Report-Bending\index.php(151): number_format(null)
 3 SYSTEMPATH\View\View.php(213): include('APPPATH\\Views\\Report-Bending\\index.php')
 4 SYSTEMPATH\View\View.php(216): CodeIgniter\View\View->CodeIgniter\View\{closure}()
 5 SYSTEMPATH\Common.php(1137): CodeIgniter\View\View->render('report-bending/index', [], true)
 6 APPPATH\Controllers\ReportBending.php(47): view('report-bending/index', [...])
 7 SYSTEMPATH\CodeIgniter.php(904): App\Controllers\ReportBending->index()
 8 SYSTEMPATH\CodeIgniter.php(457): CodeIgniter\CodeIgniter->runController(Object(App\Controllers\ReportBending))
 9 SYSTEMPATH\CodeIgniter.php(340): CodeIgniter\CodeIgniter->handleRequest(null, Object(Config\Cache), false)
10 FCPATH\index.php(67): CodeIgniter\CodeIgniter->run()
