ERROR - 2023-02-28 09:37:55 --> mysqli_sql_exception: MySQL server has gone away in C:\xampp\htdocs\beton\vendor\codeigniter4\framework\system\Database\MySQLi\Connection.php:292
Stack trace:
#0 C:\xampp\htdocs\beton\vendor\codeigniter4\framework\system\Database\MySQLi\Connection.php(292): mysqli->query('SELECT GET_LOCK...', 0)
#1 C:\xampp\htdocs\beton\vendor\codeigniter4\framework\system\Database\BaseConnection.php(693): CodeIgniter\Database\MySQLi\Connection->execute('SELECT GET_LOCK...')
#2 C:\xampp\htdocs\beton\vendor\codeigniter4\framework\system\Database\BaseConnection.php(620): CodeIgniter\Database\BaseConnection->simpleQuery('SELECT GET_LOCK...')
#3 C:\xampp\htdocs\beton\vendor\codeigniter4\framework\system\Session\Handlers\Database\MySQLiHandler.php(27): CodeIgniter\Database\BaseConnection->query('SELECT GET_LOCK...')
#4 C:\xampp\htdocs\beton\vendor\codeigniter4\framework\system\Session\Handlers\DatabaseHandler.php(108): CodeIgniter\Session\Handlers\Database\MySQLiHandler->lockSession('gr823tlu2nnt4di...')
#5 [internal function]: CodeIgniter\Session\Handlers\DatabaseHandler->read('gr823tlu2nnt4di...')
#6 C:\xampp\htdocs\beton\vendor\codeigniter4\framework\system\Session\Session.php(918): session_start()
#7 C:\xampp\htdocs\beton\vendor\codeigniter4\framework\system\Session\Session.php(240): CodeIgniter\Session\Session->startSession()
#8 C:\xampp\htdocs\beton\vendor\codeigniter4\framework\system\Config\Services.php(665): CodeIgniter\Session\Session->start()
#9 C:\xampp\htdocs\beton\vendor\codeigniter4\framework\system\Config\BaseService.php(253): CodeIgniter\Config\Services::session(Object(Config\App), false)
#10 C:\xampp\htdocs\beton\vendor\codeigniter4\framework\system\Config\BaseService.php(194): CodeIgniter\Config\BaseService::__callStatic('session', Array)
#11 C:\xampp\htdocs\beton\vendor\codeigniter4\framework\system\Config\Services.php(637): CodeIgniter\Config\BaseService::getSharedInstance('session', NULL)
#12 C:\xampp\htdocs\beton\vendor\codeigniter4\framework\system\Config\BaseService.php(253): CodeIgniter\Config\Services::session()
#13 C:\xampp\htdocs\beton\app\Controllers\BaseController.php(51): CodeIgniter\Config\BaseService::__callStatic('session', Array)
#14 C:\xampp\htdocs\beton\vendor\codeigniter4\framework\system\CodeIgniter.php(867): App\Controllers\BaseController->initController(Object(CodeIgniter\HTTP\IncomingRequest), Object(CodeIgniter\HTTP\Response), Object(CodeIgniter\Log\Logger))
#15 C:\xampp\htdocs\beton\vendor\codeigniter4\framework\system\CodeIgniter.php(448): CodeIgniter\CodeIgniter->createController()
#16 C:\xampp\htdocs\beton\vendor\codeigniter4\framework\system\CodeIgniter.php(340): CodeIgniter\CodeIgniter->handleRequest(NULL, Object(Config\Cache), false)
#17 C:\xampp\htdocs\beton\public\index.php(67): CodeIgniter\CodeIgniter->run()
#18 {main}
ERROR - 2023-02-28 09:37:55 --> mysqli_sql_exception: MySQL server has gone away in C:\xampp\htdocs\beton\vendor\codeigniter4\framework\system\Database\MySQLi\Connection.php:292
Stack trace:
#0 C:\xampp\htdocs\beton\vendor\codeigniter4\framework\system\Database\MySQLi\Connection.php(292): mysqli->query('SELECT GET_LOCK...', 0)
#1 C:\xampp\htdocs\beton\vendor\codeigniter4\framework\system\Database\BaseConnection.php(693): CodeIgniter\Database\MySQLi\Connection->execute('SELECT GET_LOCK...')
#2 C:\xampp\htdocs\beton\vendor\codeigniter4\framework\system\Database\BaseConnection.php(620): CodeIgniter\Database\BaseConnection->simpleQuery('SELECT GET_LOCK...')
#3 C:\xampp\htdocs\beton\vendor\codeigniter4\framework\system\Session\Handlers\Database\MySQLiHandler.php(27): CodeIgniter\Database\BaseConnection->query('SELECT GET_LOCK...')
#4 C:\xampp\htdocs\beton\vendor\codeigniter4\framework\system\Session\Handlers\DatabaseHandler.php(108): CodeIgniter\Session\Handlers\Database\MySQLiHandler->lockSession('gr823tlu2nnt4di...')
#5 [internal function]: CodeIgniter\Session\Handlers\DatabaseHandler->read('gr823tlu2nnt4di...')
#6 C:\xampp\htdocs\beton\vendor\codeigniter4\framework\system\Session\Session.php(918): session_start()
#7 C:\xampp\htdocs\beton\vendor\codeigniter4\framework\system\Session\Session.php(240): CodeIgniter\Session\Session->startSession()
#8 C:\xampp\htdocs\beton\vendor\codeigniter4\framework\system\Config\Services.php(665): CodeIgniter\Session\Session->start()
#9 C:\xampp\htdocs\beton\vendor\codeigniter4\framework\system\Config\BaseService.php(253): CodeIgniter\Config\Services::session(Object(Config\App), false)
#10 C:\xampp\htdocs\beton\vendor\codeigniter4\framework\system\Config\BaseService.php(194): CodeIgniter\Config\BaseService::__callStatic('session', Array)
#11 C:\xampp\htdocs\beton\vendor\codeigniter4\framework\system\Config\Services.php(637): CodeIgniter\Config\BaseService::getSharedInstance('session', NULL)
#12 C:\xampp\htdocs\beton\vendor\codeigniter4\framework\system\Config\BaseService.php(253): CodeIgniter\Config\Services::session()
#13 C:\xampp\htdocs\beton\app\Controllers\BaseController.php(51): CodeIgniter\Config\BaseService::__callStatic('session', Array)
#14 C:\xampp\htdocs\beton\vendor\codeigniter4\framework\system\CodeIgniter.php(867): App\Controllers\BaseController->initController(Object(CodeIgniter\HTTP\IncomingRequest), Object(CodeIgniter\HTTP\Response), Object(CodeIgniter\Log\Logger))
#15 C:\xampp\htdocs\beton\vendor\codeigniter4\framework\system\CodeIgniter.php(448): CodeIgniter\CodeIgniter->createController()
#16 C:\xampp\htdocs\beton\vendor\codeigniter4\framework\system\CodeIgniter.php(340): CodeIgniter\CodeIgniter->handleRequest(NULL, Object(Config\Cache), false)
#17 C:\xampp\htdocs\beton\public\index.php(67): CodeIgniter\CodeIgniter->run()
#18 {main}
ERROR - 2023-02-28 09:37:55 --> mysqli_sql_exception: MySQL server has gone away in C:\xampp\htdocs\beton\vendor\codeigniter4\framework\system\Database\MySQLi\Connection.php:292
Stack trace:
#0 C:\xampp\htdocs\beton\vendor\codeigniter4\framework\system\Database\MySQLi\Connection.php(292): mysqli->query('SELECT GET_LOCK...', 0)
#1 C:\xampp\htdocs\beton\vendor\codeigniter4\framework\system\Database\BaseConnection.php(693): CodeIgniter\Database\MySQLi\Connection->execute('SELECT GET_LOCK...')
#2 C:\xampp\htdocs\beton\vendor\codeigniter4\framework\system\Database\BaseConnection.php(620): CodeIgniter\Database\BaseConnection->simpleQuery('SELECT GET_LOCK...')
#3 C:\xampp\htdocs\beton\vendor\codeigniter4\framework\system\Session\Handlers\Database\MySQLiHandler.php(27): CodeIgniter\Database\BaseConnection->query('SELECT GET_LOCK...')
#4 C:\xampp\htdocs\beton\vendor\codeigniter4\framework\system\Session\Handlers\DatabaseHandler.php(108): CodeIgniter\Session\Handlers\Database\MySQLiHandler->lockSession('gr823tlu2nnt4di...')
#5 [internal function]: CodeIgniter\Session\Handlers\DatabaseHandler->read('gr823tlu2nnt4di...')
#6 C:\xampp\htdocs\beton\vendor\codeigniter4\framework\system\Session\Session.php(918): session_start()
#7 C:\xampp\htdocs\beton\vendor\codeigniter4\framework\system\Session\Session.php(240): CodeIgniter\Session\Session->startSession()
#8 C:\xampp\htdocs\beton\vendor\codeigniter4\framework\system\Config\Services.php(665): CodeIgniter\Session\Session->start()
#9 C:\xampp\htdocs\beton\vendor\codeigniter4\framework\system\Config\BaseService.php(253): CodeIgniter\Config\Services::session(Object(Config\App), false)
#10 C:\xampp\htdocs\beton\vendor\codeigniter4\framework\system\Config\BaseService.php(194): CodeIgniter\Config\BaseService::__callStatic('session', Array)
#11 C:\xampp\htdocs\beton\vendor\codeigniter4\framework\system\Config\Services.php(637): CodeIgniter\Config\BaseService::getSharedInstance('session', NULL)
#12 C:\xampp\htdocs\beton\vendor\codeigniter4\framework\system\Config\BaseService.php(253): CodeIgniter\Config\Services::session()
#13 C:\xampp\htdocs\beton\app\Controllers\BaseController.php(51): CodeIgniter\Config\BaseService::__callStatic('session', Array)
#14 C:\xampp\htdocs\beton\vendor\codeigniter4\framework\system\CodeIgniter.php(867): App\Controllers\BaseController->initController(Object(CodeIgniter\HTTP\IncomingRequest), Object(CodeIgniter\HTTP\Response), Object(CodeIgniter\Log\Logger))
#15 C:\xampp\htdocs\beton\vendor\codeigniter4\framework\system\CodeIgniter.php(448): CodeIgniter\CodeIgniter->createController()
#16 C:\xampp\htdocs\beton\vendor\codeigniter4\framework\system\CodeIgniter.php(340): CodeIgniter\CodeIgniter->handleRequest(NULL, Object(Config\Cache), false)
#17 C:\xampp\htdocs\beton\public\index.php(67): CodeIgniter\CodeIgniter->run()
#18 {main}
CRITICAL - 2023-02-28 09:37:55 --> MySQL server has gone away
in SYSTEMPATH\Database\MySQLi\Connection.php on line 292.
 1 SYSTEMPATH\Database\MySQLi\Connection.php(292): mysqli->query('SELECT GET_LOCK(\'d77334dc3aed426357baffcf731c0230\', 300) AS ci_session_lock', 0)
 2 SYSTEMPATH\Database\BaseConnection.php(693): CodeIgniter\Database\MySQLi\Connection->execute('SELECT GET_LOCK(\'d77334dc3aed426357baffcf731c0230\', 300) AS ci_session_lock')
 3 SYSTEMPATH\Database\BaseConnection.php(620): CodeIgniter\Database\BaseConnection->simpleQuery('SELECT GET_LOCK(\'d77334dc3aed426357baffcf731c0230\', 300) AS ci_session_lock')
 4 SYSTEMPATH\Session\Handlers\Database\MySQLiHandler.php(27): CodeIgniter\Database\BaseConnection->query('SELECT GET_LOCK(\'d77334dc3aed426357baffcf731c0230\', 300) AS ci_session_lock')
 5 SYSTEMPATH\Session\Handlers\DatabaseHandler.php(108): CodeIgniter\Session\Handlers\Database\MySQLiHandler->lockSession('gr823tlu2nnt4diq7mh32nrok2lkns6p')
 6 [internal function]: CodeIgniter\Session\Handlers\DatabaseHandler->read('gr823tlu2nnt4diq7mh32nrok2lkns6p')
 7 SYSTEMPATH\Session\Session.php(918): session_start()
 8 SYSTEMPATH\Session\Session.php(240): CodeIgniter\Session\Session->startSession()
 9 SYSTEMPATH\Config\Services.php(665): CodeIgniter\Session\Session->start()
10 SYSTEMPATH\Config\BaseService.php(253): CodeIgniter\Config\Services::session(Object(Config\App), false)
11 SYSTEMPATH\Config\BaseService.php(194): CodeIgniter\Config\BaseService::__callStatic('session', [...])
12 SYSTEMPATH\Config\Services.php(637): CodeIgniter\Config\BaseService::getSharedInstance('session', null)
13 SYSTEMPATH\Config\BaseService.php(253): CodeIgniter\Config\Services::session()
14 APPPATH\Controllers\BaseController.php(51): CodeIgniter\Config\BaseService::__callStatic('session', [])
15 SYSTEMPATH\CodeIgniter.php(867): App\Controllers\BaseController->initController(Object(CodeIgniter\HTTP\IncomingRequest), Object(CodeIgniter\HTTP\Response), Object(CodeIgniter\Log\Logger))
16 SYSTEMPATH\CodeIgniter.php(448): CodeIgniter\CodeIgniter->createController()
17 SYSTEMPATH\CodeIgniter.php(340): CodeIgniter\CodeIgniter->handleRequest(null, Object(Config\Cache), false)
18 FCPATH\index.php(67): CodeIgniter\CodeIgniter->run()
ERROR - 2023-02-28 09:37:55 --> mysqli_sql_exception: MySQL server has gone away in C:\xampp\htdocs\beton\vendor\codeigniter4\framework\system\Database\MySQLi\Connection.php:292
Stack trace:
#0 C:\xampp\htdocs\beton\vendor\codeigniter4\framework\system\Database\MySQLi\Connection.php(292): mysqli->query('SELECT RELEASE_...', 0)
#1 C:\xampp\htdocs\beton\vendor\codeigniter4\framework\system\Database\BaseConnection.php(693): CodeIgniter\Database\MySQLi\Connection->execute('SELECT RELEASE_...')
#2 C:\xampp\htdocs\beton\vendor\codeigniter4\framework\system\Database\BaseConnection.php(620): CodeIgniter\Database\BaseConnection->simpleQuery('SELECT RELEASE_...')
#3 C:\xampp\htdocs\beton\vendor\codeigniter4\framework\system\Session\Handlers\Database\MySQLiHandler.php(45): CodeIgniter\Database\BaseConnection->query('SELECT RELEASE_...')
#4 C:\xampp\htdocs\beton\vendor\codeigniter4\framework\system\Session\Handlers\DatabaseHandler.php(234): CodeIgniter\Session\Handlers\Database\MySQLiHandler->releaseLock()
#5 [internal function]: CodeIgniter\Session\Handlers\DatabaseHandler->close()
#6 {main}
CRITICAL - 2023-02-28 09:37:55 --> MySQL server has gone away
in SYSTEMPATH\Database\MySQLi\Connection.php on line 292.
 1 SYSTEMPATH\Database\MySQLi\Connection.php(292): mysqli->query('SELECT GET_LOCK(\'d77334dc3aed426357baffcf731c0230\', 300) AS ci_session_lock', 0)
 2 SYSTEMPATH\Database\BaseConnection.php(693): CodeIgniter\Database\MySQLi\Connection->execute('SELECT GET_LOCK(\'d77334dc3aed426357baffcf731c0230\', 300) AS ci_session_lock')
 3 SYSTEMPATH\Database\BaseConnection.php(620): CodeIgniter\Database\BaseConnection->simpleQuery('SELECT GET_LOCK(\'d77334dc3aed426357baffcf731c0230\', 300) AS ci_session_lock')
 4 SYSTEMPATH\Session\Handlers\Database\MySQLiHandler.php(27): CodeIgniter\Database\BaseConnection->query('SELECT GET_LOCK(\'d77334dc3aed426357baffcf731c0230\', 300) AS ci_session_lock')
 5 SYSTEMPATH\Session\Handlers\DatabaseHandler.php(108): CodeIgniter\Session\Handlers\Database\MySQLiHandler->lockSession('gr823tlu2nnt4diq7mh32nrok2lkns6p')
 6 [internal function]: CodeIgniter\Session\Handlers\DatabaseHandler->read('gr823tlu2nnt4diq7mh32nrok2lkns6p')
 7 SYSTEMPATH\Session\Session.php(918): session_start()
 8 SYSTEMPATH\Session\Session.php(240): CodeIgniter\Session\Session->startSession()
 9 SYSTEMPATH\Config\Services.php(665): CodeIgniter\Session\Session->start()
10 SYSTEMPATH\Config\BaseService.php(253): CodeIgniter\Config\Services::session(Object(Config\App), false)
11 SYSTEMPATH\Config\BaseService.php(194): CodeIgniter\Config\BaseService::__callStatic('session', [...])
12 SYSTEMPATH\Config\Services.php(637): CodeIgniter\Config\BaseService::getSharedInstance('session', null)
13 SYSTEMPATH\Config\BaseService.php(253): CodeIgniter\Config\Services::session()
14 APPPATH\Controllers\BaseController.php(51): CodeIgniter\Config\BaseService::__callStatic('session', [])
15 SYSTEMPATH\CodeIgniter.php(867): App\Controllers\BaseController->initController(Object(CodeIgniter\HTTP\IncomingRequest), Object(CodeIgniter\HTTP\Response), Object(CodeIgniter\Log\Logger))
16 SYSTEMPATH\CodeIgniter.php(448): CodeIgniter\CodeIgniter->createController()
17 SYSTEMPATH\CodeIgniter.php(340): CodeIgniter\CodeIgniter->handleRequest(null, Object(Config\Cache), false)
18 FCPATH\index.php(67): CodeIgniter\CodeIgniter->run()
CRITICAL - 2023-02-28 09:37:55 --> MySQL server has gone away
in SYSTEMPATH\Database\MySQLi\Connection.php on line 292.
 1 SYSTEMPATH\Database\MySQLi\Connection.php(292): mysqli->query('SELECT GET_LOCK(\'d77334dc3aed426357baffcf731c0230\', 300) AS ci_session_lock', 0)
 2 SYSTEMPATH\Database\BaseConnection.php(693): CodeIgniter\Database\MySQLi\Connection->execute('SELECT GET_LOCK(\'d77334dc3aed426357baffcf731c0230\', 300) AS ci_session_lock')
 3 SYSTEMPATH\Database\BaseConnection.php(620): CodeIgniter\Database\BaseConnection->simpleQuery('SELECT GET_LOCK(\'d77334dc3aed426357baffcf731c0230\', 300) AS ci_session_lock')
 4 SYSTEMPATH\Session\Handlers\Database\MySQLiHandler.php(27): CodeIgniter\Database\BaseConnection->query('SELECT GET_LOCK(\'d77334dc3aed426357baffcf731c0230\', 300) AS ci_session_lock')
 5 SYSTEMPATH\Session\Handlers\DatabaseHandler.php(108): CodeIgniter\Session\Handlers\Database\MySQLiHandler->lockSession('gr823tlu2nnt4diq7mh32nrok2lkns6p')
 6 [internal function]: CodeIgniter\Session\Handlers\DatabaseHandler->read('gr823tlu2nnt4diq7mh32nrok2lkns6p')
 7 SYSTEMPATH\Session\Session.php(918): session_start()
 8 SYSTEMPATH\Session\Session.php(240): CodeIgniter\Session\Session->startSession()
 9 SYSTEMPATH\Config\Services.php(665): CodeIgniter\Session\Session->start()
10 SYSTEMPATH\Config\BaseService.php(253): CodeIgniter\Config\Services::session(Object(Config\App), false)
11 SYSTEMPATH\Config\BaseService.php(194): CodeIgniter\Config\BaseService::__callStatic('session', [...])
12 SYSTEMPATH\Config\Services.php(637): CodeIgniter\Config\BaseService::getSharedInstance('session', null)
13 SYSTEMPATH\Config\BaseService.php(253): CodeIgniter\Config\Services::session()
14 APPPATH\Controllers\BaseController.php(51): CodeIgniter\Config\BaseService::__callStatic('session', [])
15 SYSTEMPATH\CodeIgniter.php(867): App\Controllers\BaseController->initController(Object(CodeIgniter\HTTP\IncomingRequest), Object(CodeIgniter\HTTP\Response), Object(CodeIgniter\Log\Logger))
16 SYSTEMPATH\CodeIgniter.php(448): CodeIgniter\CodeIgniter->createController()
17 SYSTEMPATH\CodeIgniter.php(340): CodeIgniter\CodeIgniter->handleRequest(null, Object(Config\Cache), false)
18 FCPATH\index.php(67): CodeIgniter\CodeIgniter->run()
CRITICAL - 2023-02-28 09:53:13 --> Undefined array key "batchb_sempelno"
in APPPATH\Views\Report-Bending\print_report.php on line 184.
 1 APPPATH\Views\Report-Bending\print_report.php(184): CodeIgniter\Debug\Exceptions->errorHandler(2, 'Undefined array key "batchb_sempelno"', 'APPPATH\\Views\\Report-Bending\\print_report.php', 184)
 2 SYSTEMPATH\View\View.php(213): include('APPPATH\\Views\\Report-Bending\\print_report.php')
 3 SYSTEMPATH\View\View.php(216): CodeIgniter\View\View->CodeIgniter\View\{closure}()
 4 SYSTEMPATH\Common.php(1137): CodeIgniter\View\View->render('Report-Bending/print_report', [], true)
 5 APPPATH\Controllers\ReportBending.php(75): view('Report-Bending/print_report', [...])
 6 SYSTEMPATH\CodeIgniter.php(904): App\Controllers\ReportBending->printReportData('2')
 7 SYSTEMPATH\CodeIgniter.php(457): CodeIgniter\CodeIgniter->runController(Object(App\Controllers\ReportBending))
 8 SYSTEMPATH\CodeIgniter.php(340): CodeIgniter\CodeIgniter->handleRequest(null, Object(Config\Cache), false)
 9 FCPATH\index.php(67): CodeIgniter\CodeIgniter->run()
CRITICAL - 2023-02-28 10:02:10 --> syntax error, unexpected variable "$routes"
in APPPATH\Config\Routes.php on line 57.
 1 SYSTEMPATH\CodeIgniter.php(406): CodeIgniter\CodeIgniter->tryToRouteIt(null)
 2 SYSTEMPATH\CodeIgniter.php(340): CodeIgniter\CodeIgniter->handleRequest(null, Object(Config\Cache), false)
 3 FCPATH\index.php(67): CodeIgniter\CodeIgniter->run()
CRITICAL - 2023-02-28 10:02:38 --> Undefined constant "App\Controllers\bending"
in APPPATH\Controllers\ReportBending.php on line 89.
 1 SYSTEMPATH\CodeIgniter.php(904): App\Controllers\ReportBending->edit()
 2 SYSTEMPATH\CodeIgniter.php(457): CodeIgniter\CodeIgniter->runController(Object(App\Controllers\ReportBending))
 3 SYSTEMPATH\CodeIgniter.php(340): CodeIgniter\CodeIgniter->handleRequest(null, Object(Config\Cache), false)
 4 FCPATH\index.php(67): CodeIgniter\CodeIgniter->run()
CRITICAL - 2023-02-28 10:24:34 --> number_format(): Passing null to parameter #1 ($num) of type float is deprecated
in APPPATH\Views\Report-Bending\index.php on line 84.
 1 [internal function]: CodeIgniter\Debug\Exceptions->errorHandler(8192, 'number_format(): Passing null to parameter #1 ($num) of type float is deprecated', 'APPPATH\\Views\\Report-Bending\\index.php', 84)
 2 APPPATH\Views\Report-Bending\index.php(84): number_format(null)
 3 SYSTEMPATH\View\View.php(213): include('APPPATH\\Views\\Report-Bending\\index.php')
 4 SYSTEMPATH\View\View.php(216): CodeIgniter\View\View->CodeIgniter\View\{closure}()
 5 SYSTEMPATH\Common.php(1137): CodeIgniter\View\View->render('report-bending/index', [], true)
 6 APPPATH\Controllers\ReportBending.php(47): view('report-bending/index', [...])
 7 SYSTEMPATH\CodeIgniter.php(904): App\Controllers\ReportBending->index()
 8 SYSTEMPATH\CodeIgniter.php(457): CodeIgniter\CodeIgniter->runController(Object(App\Controllers\ReportBending))
 9 SYSTEMPATH\CodeIgniter.php(340): CodeIgniter\CodeIgniter->handleRequest(null, Object(Config\Cache), false)
10 FCPATH\index.php(67): CodeIgniter\CodeIgniter->run()
CRITICAL - 2023-02-28 10:24:42 --> number_format(): Passing null to parameter #1 ($num) of type float is deprecated
in APPPATH\Views\Report-Bending\index.php on line 84.
 1 [internal function]: CodeIgniter\Debug\Exceptions->errorHandler(8192, 'number_format(): Passing null to parameter #1 ($num) of type float is deprecated', 'APPPATH\\Views\\Report-Bending\\index.php', 84)
 2 APPPATH\Views\Report-Bending\index.php(84): number_format(null)
 3 SYSTEMPATH\View\View.php(213): include('APPPATH\\Views\\Report-Bending\\index.php')
 4 SYSTEMPATH\View\View.php(216): CodeIgniter\View\View->CodeIgniter\View\{closure}()
 5 SYSTEMPATH\Common.php(1137): CodeIgniter\View\View->render('report-bending/index', [], true)
 6 APPPATH\Controllers\ReportBending.php(47): view('report-bending/index', [...])
 7 SYSTEMPATH\CodeIgniter.php(904): App\Controllers\ReportBending->index()
 8 SYSTEMPATH\CodeIgniter.php(457): CodeIgniter\CodeIgniter->runController(Object(App\Controllers\ReportBending))
 9 SYSTEMPATH\CodeIgniter.php(340): CodeIgniter\CodeIgniter->handleRequest(null, Object(Config\Cache), false)
10 FCPATH\index.php(67): CodeIgniter\CodeIgniter->run()
CRITICAL - 2023-02-28 10:24:44 --> number_format(): Passing null to parameter #1 ($num) of type float is deprecated
in APPPATH\Views\Report-Bending\index.php on line 84.
 1 [internal function]: CodeIgniter\Debug\Exceptions->errorHandler(8192, 'number_format(): Passing null to parameter #1 ($num) of type float is deprecated', 'APPPATH\\Views\\Report-Bending\\index.php', 84)
 2 APPPATH\Views\Report-Bending\index.php(84): number_format(null)
 3 SYSTEMPATH\View\View.php(213): include('APPPATH\\Views\\Report-Bending\\index.php')
 4 SYSTEMPATH\View\View.php(216): CodeIgniter\View\View->CodeIgniter\View\{closure}()
 5 SYSTEMPATH\Common.php(1137): CodeIgniter\View\View->render('report-bending/index', [], true)
 6 APPPATH\Controllers\ReportBending.php(47): view('report-bending/index', [...])
 7 SYSTEMPATH\CodeIgniter.php(904): App\Controllers\ReportBending->index()
 8 SYSTEMPATH\CodeIgniter.php(457): CodeIgniter\CodeIgniter->runController(Object(App\Controllers\ReportBending))
 9 SYSTEMPATH\CodeIgniter.php(340): CodeIgniter\CodeIgniter->handleRequest(null, Object(Config\Cache), false)
10 FCPATH\index.php(67): CodeIgniter\CodeIgniter->run()
CRITICAL - 2023-02-28 10:26:58 --> Call to undefined function App\Controllers\updateData()
in APPPATH\Controllers\ReportTensile.php on line 96.
 1 SYSTEMPATH\CodeIgniter.php(904): App\Controllers\ReportTensile->edit()
 2 SYSTEMPATH\CodeIgniter.php(457): CodeIgniter\CodeIgniter->runController(Object(App\Controllers\ReportTensile))
 3 SYSTEMPATH\CodeIgniter.php(340): CodeIgniter\CodeIgniter->handleRequest(null, Object(Config\Cache), false)
 4 FCPATH\index.php(67): CodeIgniter\CodeIgniter->run()
CRITICAL - 2023-02-28 10:29:03 --> syntax error, unexpected single-quoted string "batcht_a", expecting "]"
in APPPATH\Models\TensileModel.php on line 16.
 1 SYSTEMPATH\Autoloader\Autoloader.php(259): CodeIgniter\Autoloader\Autoloader->includeFile('APPPATH\\Models\\TensileModel.php')
 2 SYSTEMPATH\Autoloader\Autoloader.php(237): CodeIgniter\Autoloader\Autoloader->loadInNamespace('App\\Models\\TensileModel')
 3 APPPATH\Controllers\BaseController.php(57): CodeIgniter\Autoloader\Autoloader->loadClass('App\\Models\\TensileModel')
 4 SYSTEMPATH\CodeIgniter.php(867): App\Controllers\BaseController->initController(Object(CodeIgniter\HTTP\IncomingRequest), Object(CodeIgniter\HTTP\Response), Object(CodeIgniter\Log\Logger))
 5 SYSTEMPATH\CodeIgniter.php(448): CodeIgniter\CodeIgniter->createController()
 6 SYSTEMPATH\CodeIgniter.php(340): CodeIgniter\CodeIgniter->handleRequest(null, Object(Config\Cache), false)
 7 FCPATH\index.php(67): CodeIgniter\CodeIgniter->run()
CRITICAL - 2023-02-28 11:08:11 --> syntax error, unexpected token "endforeach", expecting end of file
in APPPATH\Views\Report-Tensile\index.php on line 237.
 1 SYSTEMPATH\View\View.php(216): CodeIgniter\View\View->CodeIgniter\View\{closure}()
 2 SYSTEMPATH\Common.php(1137): CodeIgniter\View\View->render('report-tensile/index', [], true)
 3 APPPATH\Controllers\ReportTensile.php(47): view('report-tensile/index', [...])
 4 SYSTEMPATH\CodeIgniter.php(904): App\Controllers\ReportTensile->index('2023-01-30', '2023-02-28')
 5 SYSTEMPATH\CodeIgniter.php(457): CodeIgniter\CodeIgniter->runController(Object(App\Controllers\ReportTensile))
 6 SYSTEMPATH\CodeIgniter.php(340): CodeIgniter\CodeIgniter->handleRequest(null, Object(Config\Cache), false)
 7 FCPATH\index.php(67): CodeIgniter\CodeIgniter->run()
CRITICAL - 2023-02-28 11:08:24 --> Undefined variable $index
in APPPATH\Views\Report-Tensile\index.php on line 126.
 1 APPPATH\Views\Report-Tensile\index.php(126): CodeIgniter\Debug\Exceptions->errorHandler(2, 'Undefined variable $index', 'APPPATH\\Views\\Report-Tensile\\index.php', 126)
 2 SYSTEMPATH\View\View.php(213): include('APPPATH\\Views\\Report-Tensile\\index.php')
 3 SYSTEMPATH\View\View.php(216): CodeIgniter\View\View->CodeIgniter\View\{closure}()
 4 SYSTEMPATH\Common.php(1137): CodeIgniter\View\View->render('report-tensile/index', [], true)
 5 APPPATH\Controllers\ReportTensile.php(47): view('report-tensile/index', [...])
 6 SYSTEMPATH\CodeIgniter.php(904): App\Controllers\ReportTensile->index('2023-01-30', '2023-02-28')
 7 SYSTEMPATH\CodeIgniter.php(457): CodeIgniter\CodeIgniter->runController(Object(App\Controllers\ReportTensile))
 8 SYSTEMPATH\CodeIgniter.php(340): CodeIgniter\CodeIgniter->handleRequest(null, Object(Config\Cache), false)
 9 FCPATH\index.php(67): CodeIgniter\CodeIgniter->run()
CRITICAL - 2023-02-28 11:10:15 --> Undefined variable $total
in APPPATH\Views\Report-Tensile\index.php on line 88.
 1 APPPATH\Views\Report-Tensile\index.php(88): CodeIgniter\Debug\Exceptions->errorHandler(2, 'Undefined variable $total', 'APPPATH\\Views\\Report-Tensile\\index.php', 88)
 2 SYSTEMPATH\View\View.php(213): include('APPPATH\\Views\\Report-Tensile\\index.php')
 3 SYSTEMPATH\View\View.php(216): CodeIgniter\View\View->CodeIgniter\View\{closure}()
 4 SYSTEMPATH\Common.php(1137): CodeIgniter\View\View->render('report-tensile/index', [], true)
 5 APPPATH\Controllers\ReportTensile.php(47): view('report-tensile/index', [...])
 6 SYSTEMPATH\CodeIgniter.php(904): App\Controllers\ReportTensile->index('2023-01-30', '2023-02-28')
 7 SYSTEMPATH\CodeIgniter.php(457): CodeIgniter\CodeIgniter->runController(Object(App\Controllers\ReportTensile))
 8 SYSTEMPATH\CodeIgniter.php(340): CodeIgniter\CodeIgniter->handleRequest(null, Object(Config\Cache), false)
 9 FCPATH\index.php(67): CodeIgniter\CodeIgniter->run()
CRITICAL - 2023-02-28 11:10:23 --> Undefined array key 2
in APPPATH\Views\Report-Tensile\index.php on line 154.
 1 APPPATH\Views\Report-Tensile\index.php(154): CodeIgniter\Debug\Exceptions->errorHandler(2, 'Undefined array key 2', 'APPPATH\\Views\\Report-Tensile\\index.php', 154)
 2 SYSTEMPATH\View\View.php(213): include('APPPATH\\Views\\Report-Tensile\\index.php')
 3 SYSTEMPATH\View\View.php(216): CodeIgniter\View\View->CodeIgniter\View\{closure}()
 4 SYSTEMPATH\Common.php(1137): CodeIgniter\View\View->render('report-tensile/index', [], true)
 5 APPPATH\Controllers\ReportTensile.php(47): view('report-tensile/index', [...])
 6 SYSTEMPATH\CodeIgniter.php(904): App\Controllers\ReportTensile->index('2023-01-30', '2023-02-28')
 7 SYSTEMPATH\CodeIgniter.php(457): CodeIgniter\CodeIgniter->runController(Object(App\Controllers\ReportTensile))
 8 SYSTEMPATH\CodeIgniter.php(340): CodeIgniter\CodeIgniter->handleRequest(null, Object(Config\Cache), false)
 9 FCPATH\index.php(67): CodeIgniter\CodeIgniter->run()
CRITICAL - 2023-02-28 11:11:38 --> Undefined array key 2
in APPPATH\Views\Report-Tensile\index.php on line 154.
 1 APPPATH\Views\Report-Tensile\index.php(154): CodeIgniter\Debug\Exceptions->errorHandler(2, 'Undefined array key 2', 'APPPATH\\Views\\Report-Tensile\\index.php', 154)
 2 SYSTEMPATH\View\View.php(213): include('APPPATH\\Views\\Report-Tensile\\index.php')
 3 SYSTEMPATH\View\View.php(216): CodeIgniter\View\View->CodeIgniter\View\{closure}()
 4 SYSTEMPATH\Common.php(1137): CodeIgniter\View\View->render('report-tensile/index', [], true)
 5 APPPATH\Controllers\ReportTensile.php(47): view('report-tensile/index', [...])
 6 SYSTEMPATH\CodeIgniter.php(904): App\Controllers\ReportTensile->index('2023-01-30', '2023-02-28')
 7 SYSTEMPATH\CodeIgniter.php(457): CodeIgniter\CodeIgniter->runController(Object(App\Controllers\ReportTensile))
 8 SYSTEMPATH\CodeIgniter.php(340): CodeIgniter\CodeIgniter->handleRequest(null, Object(Config\Cache), false)
 9 FCPATH\index.php(67): CodeIgniter\CodeIgniter->run()
CRITICAL - 2023-02-28 11:11:39 --> Undefined array key 2
in APPPATH\Views\Report-Tensile\index.php on line 154.
 1 APPPATH\Views\Report-Tensile\index.php(154): CodeIgniter\Debug\Exceptions->errorHandler(2, 'Undefined array key 2', 'APPPATH\\Views\\Report-Tensile\\index.php', 154)
 2 SYSTEMPATH\View\View.php(213): include('APPPATH\\Views\\Report-Tensile\\index.php')
 3 SYSTEMPATH\View\View.php(216): CodeIgniter\View\View->CodeIgniter\View\{closure}()
 4 SYSTEMPATH\Common.php(1137): CodeIgniter\View\View->render('report-tensile/index', [], true)
 5 APPPATH\Controllers\ReportTensile.php(47): view('report-tensile/index', [...])
 6 SYSTEMPATH\CodeIgniter.php(904): App\Controllers\ReportTensile->index('2023-01-30', '2023-02-28')
 7 SYSTEMPATH\CodeIgniter.php(457): CodeIgniter\CodeIgniter->runController(Object(App\Controllers\ReportTensile))
 8 SYSTEMPATH\CodeIgniter.php(340): CodeIgniter\CodeIgniter->handleRequest(null, Object(Config\Cache), false)
 9 FCPATH\index.php(67): CodeIgniter\CodeIgniter->run()
CRITICAL - 2023-02-28 11:11:39 --> Undefined array key 2
in APPPATH\Views\Report-Tensile\index.php on line 154.
 1 APPPATH\Views\Report-Tensile\index.php(154): CodeIgniter\Debug\Exceptions->errorHandler(2, 'Undefined array key 2', 'APPPATH\\Views\\Report-Tensile\\index.php', 154)
 2 SYSTEMPATH\View\View.php(213): include('APPPATH\\Views\\Report-Tensile\\index.php')
 3 SYSTEMPATH\View\View.php(216): CodeIgniter\View\View->CodeIgniter\View\{closure}()
 4 SYSTEMPATH\Common.php(1137): CodeIgniter\View\View->render('report-tensile/index', [], true)
 5 APPPATH\Controllers\ReportTensile.php(47): view('report-tensile/index', [...])
 6 SYSTEMPATH\CodeIgniter.php(904): App\Controllers\ReportTensile->index('2023-01-30', '2023-02-28')
 7 SYSTEMPATH\CodeIgniter.php(457): CodeIgniter\CodeIgniter->runController(Object(App\Controllers\ReportTensile))
 8 SYSTEMPATH\CodeIgniter.php(340): CodeIgniter\CodeIgniter->handleRequest(null, Object(Config\Cache), false)
 9 FCPATH\index.php(67): CodeIgniter\CodeIgniter->run()
CRITICAL - 2023-02-28 11:11:40 --> Undefined array key 2
in APPPATH\Views\Report-Tensile\index.php on line 154.
 1 APPPATH\Views\Report-Tensile\index.php(154): CodeIgniter\Debug\Exceptions->errorHandler(2, 'Undefined array key 2', 'APPPATH\\Views\\Report-Tensile\\index.php', 154)
 2 SYSTEMPATH\View\View.php(213): include('APPPATH\\Views\\Report-Tensile\\index.php')
 3 SYSTEMPATH\View\View.php(216): CodeIgniter\View\View->CodeIgniter\View\{closure}()
 4 SYSTEMPATH\Common.php(1137): CodeIgniter\View\View->render('report-tensile/index', [], true)
 5 APPPATH\Controllers\ReportTensile.php(47): view('report-tensile/index', [...])
 6 SYSTEMPATH\CodeIgniter.php(904): App\Controllers\ReportTensile->index('2023-01-30', '2023-02-28')
 7 SYSTEMPATH\CodeIgniter.php(457): CodeIgniter\CodeIgniter->runController(Object(App\Controllers\ReportTensile))
 8 SYSTEMPATH\CodeIgniter.php(340): CodeIgniter\CodeIgniter->handleRequest(null, Object(Config\Cache), false)
 9 FCPATH\index.php(67): CodeIgniter\CodeIgniter->run()
CRITICAL - 2023-02-28 11:18:58 --> Undefined variable $index
in APPPATH\Views\Report-Tensile\index.php on line 106.
 1 APPPATH\Views\Report-Tensile\index.php(106): CodeIgniter\Debug\Exceptions->errorHandler(2, 'Undefined variable $index', 'APPPATH\\Views\\Report-Tensile\\index.php', 106)
 2 SYSTEMPATH\View\View.php(213): include('APPPATH\\Views\\Report-Tensile\\index.php')
 3 SYSTEMPATH\View\View.php(216): CodeIgniter\View\View->CodeIgniter\View\{closure}()
 4 SYSTEMPATH\Common.php(1137): CodeIgniter\View\View->render('report-tensile/index', [], true)
 5 APPPATH\Controllers\ReportTensile.php(47): view('report-tensile/index', [...])
 6 SYSTEMPATH\CodeIgniter.php(904): App\Controllers\ReportTensile->index('2023-01-30', '2023-02-28')
 7 SYSTEMPATH\CodeIgniter.php(457): CodeIgniter\CodeIgniter->runController(Object(App\Controllers\ReportTensile))
 8 SYSTEMPATH\CodeIgniter.php(340): CodeIgniter\CodeIgniter->handleRequest(null, Object(Config\Cache), false)
 9 FCPATH\index.php(67): CodeIgniter\CodeIgniter->run()
CRITICAL - 2023-02-28 11:19:08 --> Undefined constant "index"
in APPPATH\Views\Report-Tensile\index.php on line 106.
 1 SYSTEMPATH\View\View.php(213): include()
 2 SYSTEMPATH\View\View.php(216): CodeIgniter\View\View->CodeIgniter\View\{closure}()
 3 SYSTEMPATH\Common.php(1137): CodeIgniter\View\View->render('report-tensile/index', [], true)
 4 APPPATH\Controllers\ReportTensile.php(47): view('report-tensile/index', [...])
 5 SYSTEMPATH\CodeIgniter.php(904): App\Controllers\ReportTensile->index('2023-01-30', '2023-02-28')
 6 SYSTEMPATH\CodeIgniter.php(457): CodeIgniter\CodeIgniter->runController(Object(App\Controllers\ReportTensile))
 7 SYSTEMPATH\CodeIgniter.php(340): CodeIgniter\CodeIgniter->handleRequest(null, Object(Config\Cache), false)
 8 FCPATH\index.php(67): CodeIgniter\CodeIgniter->run()
CRITICAL - 2023-02-28 11:27:56 --> Undefined array key "batcht_fe"
in APPPATH\Views\Report-Tensile\index.php on line 228.
 1 APPPATH\Views\Report-Tensile\index.php(228): CodeIgniter\Debug\Exceptions->errorHandler(2, 'Undefined array key "batcht_fe"', 'APPPATH\\Views\\Report-Tensile\\index.php', 228)
 2 SYSTEMPATH\View\View.php(213): include('APPPATH\\Views\\Report-Tensile\\index.php')
 3 SYSTEMPATH\View\View.php(216): CodeIgniter\View\View->CodeIgniter\View\{closure}()
 4 SYSTEMPATH\Common.php(1137): CodeIgniter\View\View->render('report-tensile/index', [], true)
 5 APPPATH\Controllers\ReportTensile.php(47): view('report-tensile/index', [...])
 6 SYSTEMPATH\CodeIgniter.php(904): App\Controllers\ReportTensile->index('2023-01-30', '2023-02-28')
 7 SYSTEMPATH\CodeIgniter.php(457): CodeIgniter\CodeIgniter->runController(Object(App\Controllers\ReportTensile))
 8 SYSTEMPATH\CodeIgniter.php(340): CodeIgniter\CodeIgniter->handleRequest(null, Object(Config\Cache), false)
 9 FCPATH\index.php(67): CodeIgniter\CodeIgniter->run()
CRITICAL - 2023-02-28 13:25:06 --> Undefined array key "batchb_id"
in APPPATH\Views\Report-Tensile\index.php on line 224.
 1 APPPATH\Views\Report-Tensile\index.php(224): CodeIgniter\Debug\Exceptions->errorHandler(2, 'Undefined array key "batchb_id"', 'APPPATH\\Views\\Report-Tensile\\index.php', 224)
 2 SYSTEMPATH\View\View.php(213): include('APPPATH\\Views\\Report-Tensile\\index.php')
 3 SYSTEMPATH\View\View.php(216): CodeIgniter\View\View->CodeIgniter\View\{closure}()
 4 SYSTEMPATH\Common.php(1137): CodeIgniter\View\View->render('report-tensile/index', [], true)
 5 APPPATH\Controllers\ReportTensile.php(47): view('report-tensile/index', [...])
 6 SYSTEMPATH\CodeIgniter.php(904): App\Controllers\ReportTensile->index('2023-01-30', '2023-02-28')
 7 SYSTEMPATH\CodeIgniter.php(457): CodeIgniter\CodeIgniter->runController(Object(App\Controllers\ReportTensile))
 8 SYSTEMPATH\CodeIgniter.php(340): CodeIgniter\CodeIgniter->handleRequest(null, Object(Config\Cache), false)
 9 FCPATH\index.php(67): CodeIgniter\CodeIgniter->run()
CRITICAL - 2023-02-28 13:33:21 --> syntax error, unexpected token "endforeach"
in APPPATH\Views\Report-Tensile\index.php on line 237.
 1 SYSTEMPATH\View\View.php(216): CodeIgniter\View\View->CodeIgniter\View\{closure}()
 2 SYSTEMPATH\Common.php(1137): CodeIgniter\View\View->render('report-tensile/index', [], true)
 3 APPPATH\Controllers\ReportTensile.php(47): view('report-tensile/index', [...])
 4 SYSTEMPATH\CodeIgniter.php(904): App\Controllers\ReportTensile->index('2023-01-30', '2023-02-28')
 5 SYSTEMPATH\CodeIgniter.php(457): CodeIgniter\CodeIgniter->runController(Object(App\Controllers\ReportTensile))
 6 SYSTEMPATH\CodeIgniter.php(340): CodeIgniter\CodeIgniter->handleRequest(null, Object(Config\Cache), false)
 7 FCPATH\index.php(67): CodeIgniter\CodeIgniter->run()
CRITICAL - 2023-02-28 13:34:15 --> syntax error, unexpected token "endforeach"
in APPPATH\Views\Report-Tensile\index.php on line 237.
 1 SYSTEMPATH\View\View.php(216): CodeIgniter\View\View->CodeIgniter\View\{closure}()
 2 SYSTEMPATH\Common.php(1137): CodeIgniter\View\View->render('report-tensile/index', [], true)
 3 APPPATH\Controllers\ReportTensile.php(47): view('report-tensile/index', [...])
 4 SYSTEMPATH\CodeIgniter.php(904): App\Controllers\ReportTensile->index()
 5 SYSTEMPATH\CodeIgniter.php(457): CodeIgniter\CodeIgniter->runController(Object(App\Controllers\ReportTensile))
 6 SYSTEMPATH\CodeIgniter.php(340): CodeIgniter\CodeIgniter->handleRequest(null, Object(Config\Cache), false)
 7 FCPATH\index.php(67): CodeIgniter\CodeIgniter->run()
CRITICAL - 2023-02-28 13:35:39 --> syntax error, unexpected token "endforeach"
in APPPATH\Views\Report-Tensile\index.php on line 237.
 1 SYSTEMPATH\View\View.php(216): CodeIgniter\View\View->CodeIgniter\View\{closure}()
 2 SYSTEMPATH\Common.php(1137): CodeIgniter\View\View->render('report-tensile/index', [], true)
 3 APPPATH\Controllers\ReportTensile.php(47): view('report-tensile/index', [...])
 4 SYSTEMPATH\CodeIgniter.php(904): App\Controllers\ReportTensile->index()
 5 SYSTEMPATH\CodeIgniter.php(457): CodeIgniter\CodeIgniter->runController(Object(App\Controllers\ReportTensile))
 6 SYSTEMPATH\CodeIgniter.php(340): CodeIgniter\CodeIgniter->handleRequest(null, Object(Config\Cache), false)
 7 FCPATH\index.php(67): CodeIgniter\CodeIgniter->run()
CRITICAL - 2023-02-28 13:36:31 --> syntax error, unexpected token "endforeach"
in APPPATH\Views\Report-Tensile\index.php on line 237.
 1 SYSTEMPATH\View\View.php(216): CodeIgniter\View\View->CodeIgniter\View\{closure}()
 2 SYSTEMPATH\Common.php(1137): CodeIgniter\View\View->render('report-tensile/index', [], true)
 3 APPPATH\Controllers\ReportTensile.php(47): view('report-tensile/index', [...])
 4 SYSTEMPATH\CodeIgniter.php(904): App\Controllers\ReportTensile->index()
 5 SYSTEMPATH\CodeIgniter.php(457): CodeIgniter\CodeIgniter->runController(Object(App\Controllers\ReportTensile))
 6 SYSTEMPATH\CodeIgniter.php(340): CodeIgniter\CodeIgniter->handleRequest(null, Object(Config\Cache), false)
 7 FCPATH\index.php(67): CodeIgniter\CodeIgniter->run()
CRITICAL - 2023-02-28 13:37:05 --> syntax error, unexpected token "endforeach"
in APPPATH\Views\Report-Tensile\index.php on line 237.
 1 SYSTEMPATH\View\View.php(216): CodeIgniter\View\View->CodeIgniter\View\{closure}()
 2 SYSTEMPATH\Common.php(1137): CodeIgniter\View\View->render('report-tensile/index', [], true)
 3 APPPATH\Controllers\ReportTensile.php(47): view('report-tensile/index', [...])
 4 SYSTEMPATH\CodeIgniter.php(904): App\Controllers\ReportTensile->index()
 5 SYSTEMPATH\CodeIgniter.php(457): CodeIgniter\CodeIgniter->runController(Object(App\Controllers\ReportTensile))
 6 SYSTEMPATH\CodeIgniter.php(340): CodeIgniter\CodeIgniter->handleRequest(null, Object(Config\Cache), false)
 7 FCPATH\index.php(67): CodeIgniter\CodeIgniter->run()
CRITICAL - 2023-02-28 13:37:06 --> syntax error, unexpected token "endforeach"
in APPPATH\Views\Report-Tensile\index.php on line 237.
 1 SYSTEMPATH\View\View.php(216): CodeIgniter\View\View->CodeIgniter\View\{closure}()
 2 SYSTEMPATH\Common.php(1137): CodeIgniter\View\View->render('report-tensile/index', [], true)
 3 APPPATH\Controllers\ReportTensile.php(47): view('report-tensile/index', [...])
 4 SYSTEMPATH\CodeIgniter.php(904): App\Controllers\ReportTensile->index()
 5 SYSTEMPATH\CodeIgniter.php(457): CodeIgniter\CodeIgniter->runController(Object(App\Controllers\ReportTensile))
 6 SYSTEMPATH\CodeIgniter.php(340): CodeIgniter\CodeIgniter->handleRequest(null, Object(Config\Cache), false)
 7 FCPATH\index.php(67): CodeIgniter\CodeIgniter->run()
CRITICAL - 2023-02-28 13:37:06 --> syntax error, unexpected token "endforeach"
in APPPATH\Views\Report-Tensile\index.php on line 237.
 1 SYSTEMPATH\View\View.php(216): CodeIgniter\View\View->CodeIgniter\View\{closure}()
 2 SYSTEMPATH\Common.php(1137): CodeIgniter\View\View->render('report-tensile/index', [], true)
 3 APPPATH\Controllers\ReportTensile.php(47): view('report-tensile/index', [...])
 4 SYSTEMPATH\CodeIgniter.php(904): App\Controllers\ReportTensile->index()
 5 SYSTEMPATH\CodeIgniter.php(457): CodeIgniter\CodeIgniter->runController(Object(App\Controllers\ReportTensile))
 6 SYSTEMPATH\CodeIgniter.php(340): CodeIgniter\CodeIgniter->handleRequest(null, Object(Config\Cache), false)
 7 FCPATH\index.php(67): CodeIgniter\CodeIgniter->run()
CRITICAL - 2023-02-28 13:37:07 --> syntax error, unexpected token "endforeach"
in APPPATH\Views\Report-Tensile\index.php on line 237.
 1 SYSTEMPATH\View\View.php(216): CodeIgniter\View\View->CodeIgniter\View\{closure}()
 2 SYSTEMPATH\Common.php(1137): CodeIgniter\View\View->render('report-tensile/index', [], true)
 3 APPPATH\Controllers\ReportTensile.php(47): view('report-tensile/index', [...])
 4 SYSTEMPATH\CodeIgniter.php(904): App\Controllers\ReportTensile->index()
 5 SYSTEMPATH\CodeIgniter.php(457): CodeIgniter\CodeIgniter->runController(Object(App\Controllers\ReportTensile))
 6 SYSTEMPATH\CodeIgniter.php(340): CodeIgniter\CodeIgniter->handleRequest(null, Object(Config\Cache), false)
 7 FCPATH\index.php(67): CodeIgniter\CodeIgniter->run()
CRITICAL - 2023-02-28 13:37:07 --> syntax error, unexpected token "endforeach"
in APPPATH\Views\Report-Tensile\index.php on line 237.
 1 SYSTEMPATH\View\View.php(216): CodeIgniter\View\View->CodeIgniter\View\{closure}()
 2 SYSTEMPATH\Common.php(1137): CodeIgniter\View\View->render('report-tensile/index', [], true)
 3 APPPATH\Controllers\ReportTensile.php(47): view('report-tensile/index', [...])
 4 SYSTEMPATH\CodeIgniter.php(904): App\Controllers\ReportTensile->index()
 5 SYSTEMPATH\CodeIgniter.php(457): CodeIgniter\CodeIgniter->runController(Object(App\Controllers\ReportTensile))
 6 SYSTEMPATH\CodeIgniter.php(340): CodeIgniter\CodeIgniter->handleRequest(null, Object(Config\Cache), false)
 7 FCPATH\index.php(67): CodeIgniter\CodeIgniter->run()
CRITICAL - 2023-02-28 13:38:08 --> syntax error, unexpected token "endforeach"
in APPPATH\Views\Report-Tensile\index.php on line 239.
 1 SYSTEMPATH\View\View.php(216): CodeIgniter\View\View->CodeIgniter\View\{closure}()
 2 SYSTEMPATH\Common.php(1137): CodeIgniter\View\View->render('report-tensile/index', [], true)
 3 APPPATH\Controllers\ReportTensile.php(47): view('report-tensile/index', [...])
 4 SYSTEMPATH\CodeIgniter.php(904): App\Controllers\ReportTensile->index()
 5 SYSTEMPATH\CodeIgniter.php(457): CodeIgniter\CodeIgniter->runController(Object(App\Controllers\ReportTensile))
 6 SYSTEMPATH\CodeIgniter.php(340): CodeIgniter\CodeIgniter->handleRequest(null, Object(Config\Cache), false)
 7 FCPATH\index.php(67): CodeIgniter\CodeIgniter->run()
CRITICAL - 2023-02-28 13:38:09 --> syntax error, unexpected token "endforeach"
in APPPATH\Views\Report-Tensile\index.php on line 239.
 1 SYSTEMPATH\View\View.php(216): CodeIgniter\View\View->CodeIgniter\View\{closure}()
 2 SYSTEMPATH\Common.php(1137): CodeIgniter\View\View->render('report-tensile/index', [], true)
 3 APPPATH\Controllers\ReportTensile.php(47): view('report-tensile/index', [...])
 4 SYSTEMPATH\CodeIgniter.php(904): App\Controllers\ReportTensile->index()
 5 SYSTEMPATH\CodeIgniter.php(457): CodeIgniter\CodeIgniter->runController(Object(App\Controllers\ReportTensile))
 6 SYSTEMPATH\CodeIgniter.php(340): CodeIgniter\CodeIgniter->handleRequest(null, Object(Config\Cache), false)
 7 FCPATH\index.php(67): CodeIgniter\CodeIgniter->run()
CRITICAL - 2023-02-28 13:38:09 --> syntax error, unexpected token "endforeach"
in APPPATH\Views\Report-Tensile\index.php on line 239.
 1 SYSTEMPATH\View\View.php(216): CodeIgniter\View\View->CodeIgniter\View\{closure}()
 2 SYSTEMPATH\Common.php(1137): CodeIgniter\View\View->render('report-tensile/index', [], true)
 3 APPPATH\Controllers\ReportTensile.php(47): view('report-tensile/index', [...])
 4 SYSTEMPATH\CodeIgniter.php(904): App\Controllers\ReportTensile->index()
 5 SYSTEMPATH\CodeIgniter.php(457): CodeIgniter\CodeIgniter->runController(Object(App\Controllers\ReportTensile))
 6 SYSTEMPATH\CodeIgniter.php(340): CodeIgniter\CodeIgniter->handleRequest(null, Object(Config\Cache), false)
 7 FCPATH\index.php(67): CodeIgniter\CodeIgniter->run()
CRITICAL - 2023-02-28 13:38:10 --> syntax error, unexpected token "endforeach"
in APPPATH\Views\Report-Tensile\index.php on line 239.
 1 SYSTEMPATH\View\View.php(216): CodeIgniter\View\View->CodeIgniter\View\{closure}()
 2 SYSTEMPATH\Common.php(1137): CodeIgniter\View\View->render('report-tensile/index', [], true)
 3 APPPATH\Controllers\ReportTensile.php(47): view('report-tensile/index', [...])
 4 SYSTEMPATH\CodeIgniter.php(904): App\Controllers\ReportTensile->index()
 5 SYSTEMPATH\CodeIgniter.php(457): CodeIgniter\CodeIgniter->runController(Object(App\Controllers\ReportTensile))
 6 SYSTEMPATH\CodeIgniter.php(340): CodeIgniter\CodeIgniter->handleRequest(null, Object(Config\Cache), false)
 7 FCPATH\index.php(67): CodeIgniter\CodeIgniter->run()
CRITICAL - 2023-02-28 13:38:10 --> syntax error, unexpected token "endforeach"
in APPPATH\Views\Report-Tensile\index.php on line 239.
 1 SYSTEMPATH\View\View.php(216): CodeIgniter\View\View->CodeIgniter\View\{closure}()
 2 SYSTEMPATH\Common.php(1137): CodeIgniter\View\View->render('report-tensile/index', [], true)
 3 APPPATH\Controllers\ReportTensile.php(47): view('report-tensile/index', [...])
 4 SYSTEMPATH\CodeIgniter.php(904): App\Controllers\ReportTensile->index()
 5 SYSTEMPATH\CodeIgniter.php(457): CodeIgniter\CodeIgniter->runController(Object(App\Controllers\ReportTensile))
 6 SYSTEMPATH\CodeIgniter.php(340): CodeIgniter\CodeIgniter->handleRequest(null, Object(Config\Cache), false)
 7 FCPATH\index.php(67): CodeIgniter\CodeIgniter->run()
CRITICAL - 2023-02-28 13:38:11 --> syntax error, unexpected token "endforeach"
in APPPATH\Views\Report-Tensile\index.php on line 239.
 1 SYSTEMPATH\View\View.php(216): CodeIgniter\View\View->CodeIgniter\View\{closure}()
 2 SYSTEMPATH\Common.php(1137): CodeIgniter\View\View->render('report-tensile/index', [], true)
 3 APPPATH\Controllers\ReportTensile.php(47): view('report-tensile/index', [...])
 4 SYSTEMPATH\CodeIgniter.php(904): App\Controllers\ReportTensile->index()
 5 SYSTEMPATH\CodeIgniter.php(457): CodeIgniter\CodeIgniter->runController(Object(App\Controllers\ReportTensile))
 6 SYSTEMPATH\CodeIgniter.php(340): CodeIgniter\CodeIgniter->handleRequest(null, Object(Config\Cache), false)
 7 FCPATH\index.php(67): CodeIgniter\CodeIgniter->run()
CRITICAL - 2023-02-28 13:38:12 --> syntax error, unexpected token "endforeach"
in APPPATH\Views\Report-Tensile\index.php on line 239.
 1 SYSTEMPATH\View\View.php(216): CodeIgniter\View\View->CodeIgniter\View\{closure}()
 2 SYSTEMPATH\Common.php(1137): CodeIgniter\View\View->render('report-tensile/index', [], true)
 3 APPPATH\Controllers\ReportTensile.php(47): view('report-tensile/index', [...])
 4 SYSTEMPATH\CodeIgniter.php(904): App\Controllers\ReportTensile->index()
 5 SYSTEMPATH\CodeIgniter.php(457): CodeIgniter\CodeIgniter->runController(Object(App\Controllers\ReportTensile))
 6 SYSTEMPATH\CodeIgniter.php(340): CodeIgniter\CodeIgniter->handleRequest(null, Object(Config\Cache), false)
 7 FCPATH\index.php(67): CodeIgniter\CodeIgniter->run()
CRITICAL - 2023-02-28 13:38:12 --> syntax error, unexpected token "endforeach"
in APPPATH\Views\Report-Tensile\index.php on line 239.
 1 SYSTEMPATH\View\View.php(216): CodeIgniter\View\View->CodeIgniter\View\{closure}()
 2 SYSTEMPATH\Common.php(1137): CodeIgniter\View\View->render('report-tensile/index', [], true)
 3 APPPATH\Controllers\ReportTensile.php(47): view('report-tensile/index', [...])
 4 SYSTEMPATH\CodeIgniter.php(904): App\Controllers\ReportTensile->index()
 5 SYSTEMPATH\CodeIgniter.php(457): CodeIgniter\CodeIgniter->runController(Object(App\Controllers\ReportTensile))
 6 SYSTEMPATH\CodeIgniter.php(340): CodeIgniter\CodeIgniter->handleRequest(null, Object(Config\Cache), false)
 7 FCPATH\index.php(67): CodeIgniter\CodeIgniter->run()
CRITICAL - 2023-02-28 13:38:40 --> syntax error, unexpected token "endforeach"
in APPPATH\Views\Report-Tensile\index.php on line 239.
 1 SYSTEMPATH\View\View.php(216): CodeIgniter\View\View->CodeIgniter\View\{closure}()
 2 SYSTEMPATH\Common.php(1137): CodeIgniter\View\View->render('report-tensile/index', [], true)
 3 APPPATH\Controllers\ReportTensile.php(47): view('report-tensile/index', [...])
 4 SYSTEMPATH\CodeIgniter.php(904): App\Controllers\ReportTensile->index()
 5 SYSTEMPATH\CodeIgniter.php(457): CodeIgniter\CodeIgniter->runController(Object(App\Controllers\ReportTensile))
 6 SYSTEMPATH\CodeIgniter.php(340): CodeIgniter\CodeIgniter->handleRequest(null, Object(Config\Cache), false)
 7 FCPATH\index.php(67): CodeIgniter\CodeIgniter->run()
CRITICAL - 2023-02-28 13:38:41 --> syntax error, unexpected token "endforeach"
in APPPATH\Views\Report-Tensile\index.php on line 239.
 1 SYSTEMPATH\View\View.php(216): CodeIgniter\View\View->CodeIgniter\View\{closure}()
 2 SYSTEMPATH\Common.php(1137): CodeIgniter\View\View->render('report-tensile/index', [], true)
 3 APPPATH\Controllers\ReportTensile.php(47): view('report-tensile/index', [...])
 4 SYSTEMPATH\CodeIgniter.php(904): App\Controllers\ReportTensile->index()
 5 SYSTEMPATH\CodeIgniter.php(457): CodeIgniter\CodeIgniter->runController(Object(App\Controllers\ReportTensile))
 6 SYSTEMPATH\CodeIgniter.php(340): CodeIgniter\CodeIgniter->handleRequest(null, Object(Config\Cache), false)
 7 FCPATH\index.php(67): CodeIgniter\CodeIgniter->run()
CRITICAL - 2023-02-28 13:38:42 --> syntax error, unexpected token "endforeach"
in APPPATH\Views\Report-Tensile\index.php on line 239.
 1 SYSTEMPATH\View\View.php(216): CodeIgniter\View\View->CodeIgniter\View\{closure}()
 2 SYSTEMPATH\Common.php(1137): CodeIgniter\View\View->render('report-tensile/index', [], true)
 3 APPPATH\Controllers\ReportTensile.php(47): view('report-tensile/index', [...])
 4 SYSTEMPATH\CodeIgniter.php(904): App\Controllers\ReportTensile->index()
 5 SYSTEMPATH\CodeIgniter.php(457): CodeIgniter\CodeIgniter->runController(Object(App\Controllers\ReportTensile))
 6 SYSTEMPATH\CodeIgniter.php(340): CodeIgniter\CodeIgniter->handleRequest(null, Object(Config\Cache), false)
 7 FCPATH\index.php(67): CodeIgniter\CodeIgniter->run()
CRITICAL - 2023-02-28 13:38:42 --> syntax error, unexpected token "endforeach"
in APPPATH\Views\Report-Tensile\index.php on line 239.
 1 SYSTEMPATH\View\View.php(216): CodeIgniter\View\View->CodeIgniter\View\{closure}()
 2 SYSTEMPATH\Common.php(1137): CodeIgniter\View\View->render('report-tensile/index', [], true)
 3 APPPATH\Controllers\ReportTensile.php(47): view('report-tensile/index', [...])
 4 SYSTEMPATH\CodeIgniter.php(904): App\Controllers\ReportTensile->index()
 5 SYSTEMPATH\CodeIgniter.php(457): CodeIgniter\CodeIgniter->runController(Object(App\Controllers\ReportTensile))
 6 SYSTEMPATH\CodeIgniter.php(340): CodeIgniter\CodeIgniter->handleRequest(null, Object(Config\Cache), false)
 7 FCPATH\index.php(67): CodeIgniter\CodeIgniter->run()
CRITICAL - 2023-02-28 13:38:56 --> syntax error, unexpected token "endforeach"
in APPPATH\Views\Report-Tensile\index.php on line 239.
 1 SYSTEMPATH\View\View.php(216): CodeIgniter\View\View->CodeIgniter\View\{closure}()
 2 SYSTEMPATH\Common.php(1137): CodeIgniter\View\View->render('report-tensile/index', [], true)
 3 APPPATH\Controllers\ReportTensile.php(47): view('report-tensile/index', [...])
 4 SYSTEMPATH\CodeIgniter.php(904): App\Controllers\ReportTensile->index('2023-01-30', '2023-02-28')
 5 SYSTEMPATH\CodeIgniter.php(457): CodeIgniter\CodeIgniter->runController(Object(App\Controllers\ReportTensile))
 6 SYSTEMPATH\CodeIgniter.php(340): CodeIgniter\CodeIgniter->handleRequest(null, Object(Config\Cache), false)
 7 FCPATH\index.php(67): CodeIgniter\CodeIgniter->run()
CRITICAL - 2023-02-28 13:39:12 --> syntax error, unexpected token "endforeach"
in APPPATH\Views\Report-Tensile\index.php on line 239.
 1 SYSTEMPATH\View\View.php(216): CodeIgniter\View\View->CodeIgniter\View\{closure}()
 2 SYSTEMPATH\Common.php(1137): CodeIgniter\View\View->render('report-tensile/index', [], true)
 3 APPPATH\Controllers\ReportTensile.php(47): view('report-tensile/index', [...])
 4 SYSTEMPATH\CodeIgniter.php(904): App\Controllers\ReportTensile->index()
 5 SYSTEMPATH\CodeIgniter.php(457): CodeIgniter\CodeIgniter->runController(Object(App\Controllers\ReportTensile))
 6 SYSTEMPATH\CodeIgniter.php(340): CodeIgniter\CodeIgniter->handleRequest(null, Object(Config\Cache), false)
 7 FCPATH\index.php(67): CodeIgniter\CodeIgniter->run()
CRITICAL - 2023-02-28 13:39:13 --> syntax error, unexpected token "endforeach"
in APPPATH\Views\Report-Tensile\index.php on line 239.
 1 SYSTEMPATH\View\View.php(216): CodeIgniter\View\View->CodeIgniter\View\{closure}()
 2 SYSTEMPATH\Common.php(1137): CodeIgniter\View\View->render('report-tensile/index', [], true)
 3 APPPATH\Controllers\ReportTensile.php(47): view('report-tensile/index', [...])
 4 SYSTEMPATH\CodeIgniter.php(904): App\Controllers\ReportTensile->index()
 5 SYSTEMPATH\CodeIgniter.php(457): CodeIgniter\CodeIgniter->runController(Object(App\Controllers\ReportTensile))
 6 SYSTEMPATH\CodeIgniter.php(340): CodeIgniter\CodeIgniter->handleRequest(null, Object(Config\Cache), false)
 7 FCPATH\index.php(67): CodeIgniter\CodeIgniter->run()
CRITICAL - 2023-02-28 13:39:41 --> syntax error, unexpected token "endforeach"
in APPPATH\Views\Report-Tensile\index.php on line 239.
 1 SYSTEMPATH\View\View.php(216): CodeIgniter\View\View->CodeIgniter\View\{closure}()
 2 SYSTEMPATH\Common.php(1137): CodeIgniter\View\View->render('report-tensile/index', [], true)
 3 APPPATH\Controllers\ReportTensile.php(47): view('report-tensile/index', [...])
 4 SYSTEMPATH\CodeIgniter.php(904): App\Controllers\ReportTensile->index()
 5 SYSTEMPATH\CodeIgniter.php(457): CodeIgniter\CodeIgniter->runController(Object(App\Controllers\ReportTensile))
 6 SYSTEMPATH\CodeIgniter.php(340): CodeIgniter\CodeIgniter->handleRequest(null, Object(Config\Cache), false)
 7 FCPATH\index.php(67): CodeIgniter\CodeIgniter->run()
CRITICAL - 2023-02-28 13:39:42 --> syntax error, unexpected token "endforeach"
in APPPATH\Views\Report-Tensile\index.php on line 239.
 1 SYSTEMPATH\View\View.php(216): CodeIgniter\View\View->CodeIgniter\View\{closure}()
 2 SYSTEMPATH\Common.php(1137): CodeIgniter\View\View->render('report-tensile/index', [], true)
 3 APPPATH\Controllers\ReportTensile.php(47): view('report-tensile/index', [...])
 4 SYSTEMPATH\CodeIgniter.php(904): App\Controllers\ReportTensile->index()
 5 SYSTEMPATH\CodeIgniter.php(457): CodeIgniter\CodeIgniter->runController(Object(App\Controllers\ReportTensile))
 6 SYSTEMPATH\CodeIgniter.php(340): CodeIgniter\CodeIgniter->handleRequest(null, Object(Config\Cache), false)
 7 FCPATH\index.php(67): CodeIgniter\CodeIgniter->run()
CRITICAL - 2023-02-28 13:39:51 --> syntax error, unexpected token "endforeach"
in APPPATH\Views\Report-Tensile\index.php on line 239.
 1 SYSTEMPATH\View\View.php(216): CodeIgniter\View\View->CodeIgniter\View\{closure}()
 2 SYSTEMPATH\Common.php(1137): CodeIgniter\View\View->render('report-tensile/index', [], true)
 3 APPPATH\Controllers\ReportTensile.php(47): view('report-tensile/index', [...])
 4 SYSTEMPATH\CodeIgniter.php(904): App\Controllers\ReportTensile->index()
 5 SYSTEMPATH\CodeIgniter.php(457): CodeIgniter\CodeIgniter->runController(Object(App\Controllers\ReportTensile))
 6 SYSTEMPATH\CodeIgniter.php(340): CodeIgniter\CodeIgniter->handleRequest(null, Object(Config\Cache), false)
 7 FCPATH\index.php(67): CodeIgniter\CodeIgniter->run()
CRITICAL - 2023-02-28 13:40:43 --> Unclosed '{' on line 125
in APPPATH\Views\Report-Tensile\index.php on line 376.
 1 SYSTEMPATH\View\View.php(216): CodeIgniter\View\View->CodeIgniter\View\{closure}()
 2 SYSTEMPATH\Common.php(1137): CodeIgniter\View\View->render('report-tensile/index', [], true)
 3 APPPATH\Controllers\ReportTensile.php(47): view('report-tensile/index', [...])
 4 SYSTEMPATH\CodeIgniter.php(904): App\Controllers\ReportTensile->index()
 5 SYSTEMPATH\CodeIgniter.php(457): CodeIgniter\CodeIgniter->runController(Object(App\Controllers\ReportTensile))
 6 SYSTEMPATH\CodeIgniter.php(340): CodeIgniter\CodeIgniter->handleRequest(null, Object(Config\Cache), false)
 7 FCPATH\index.php(67): CodeIgniter\CodeIgniter->run()
CRITICAL - 2023-02-28 13:40:50 --> Unclosed '{' on line 125
in APPPATH\Views\Report-Tensile\index.php on line 376.
 1 SYSTEMPATH\View\View.php(216): CodeIgniter\View\View->CodeIgniter\View\{closure}()
 2 SYSTEMPATH\Common.php(1137): CodeIgniter\View\View->render('report-tensile/index', [], true)
 3 APPPATH\Controllers\ReportTensile.php(47): view('report-tensile/index', [...])
 4 SYSTEMPATH\CodeIgniter.php(904): App\Controllers\ReportTensile->index()
 5 SYSTEMPATH\CodeIgniter.php(457): CodeIgniter\CodeIgniter->runController(Object(App\Controllers\ReportTensile))
 6 SYSTEMPATH\CodeIgniter.php(340): CodeIgniter\CodeIgniter->handleRequest(null, Object(Config\Cache), false)
 7 FCPATH\index.php(67): CodeIgniter\CodeIgniter->run()
CRITICAL - 2023-02-28 13:41:14 --> syntax error, unexpected token "endforeach"
in APPPATH\Views\Report-Tensile\index.php on line 239.
 1 SYSTEMPATH\View\View.php(216): CodeIgniter\View\View->CodeIgniter\View\{closure}()
 2 SYSTEMPATH\Common.php(1137): CodeIgniter\View\View->render('report-tensile/index', [], true)
 3 APPPATH\Controllers\ReportTensile.php(47): view('report-tensile/index', [...])
 4 SYSTEMPATH\CodeIgniter.php(904): App\Controllers\ReportTensile->index()
 5 SYSTEMPATH\CodeIgniter.php(457): CodeIgniter\CodeIgniter->runController(Object(App\Controllers\ReportTensile))
 6 SYSTEMPATH\CodeIgniter.php(340): CodeIgniter\CodeIgniter->handleRequest(null, Object(Config\Cache), false)
 7 FCPATH\index.php(67): CodeIgniter\CodeIgniter->run()
CRITICAL - 2023-02-28 13:41:21 --> syntax error, unexpected token "endforeach"
in APPPATH\Views\Report-Tensile\index.php on line 239.
 1 SYSTEMPATH\View\View.php(216): CodeIgniter\View\View->CodeIgniter\View\{closure}()
 2 SYSTEMPATH\Common.php(1137): CodeIgniter\View\View->render('report-tensile/index', [], true)
 3 APPPATH\Controllers\ReportTensile.php(47): view('report-tensile/index', [...])
 4 SYSTEMPATH\CodeIgniter.php(904): App\Controllers\ReportTensile->index()
 5 SYSTEMPATH\CodeIgniter.php(457): CodeIgniter\CodeIgniter->runController(Object(App\Controllers\ReportTensile))
 6 SYSTEMPATH\CodeIgniter.php(340): CodeIgniter\CodeIgniter->handleRequest(null, Object(Config\Cache), false)
 7 FCPATH\index.php(67): CodeIgniter\CodeIgniter->run()
CRITICAL - 2023-02-28 14:27:35 --> Array callback must have exactly two elements
in APPPATH\Controllers\RestApi.php on line 12.
 1 SYSTEMPATH\CodeIgniter.php(904): App\Controllers\RestApi->bendingpost()
 2 SYSTEMPATH\CodeIgniter.php(457): CodeIgniter\CodeIgniter->runController(Object(App\Controllers\RestApi))
 3 SYSTEMPATH\CodeIgniter.php(340): CodeIgniter\CodeIgniter->handleRequest(null, Object(Config\Cache), false)
 4 FCPATH\index.php(67): CodeIgniter\CodeIgniter->run()
CRITICAL - 2023-02-28 14:32:11 --> Undefined array key "sampletype"
in APPPATH\Controllers\RestApi.php on line 13.
 1 APPPATH\Controllers\RestApi.php(13): CodeIgniter\Debug\Exceptions->errorHandler(2, 'Undefined array key "sampletype"', 'APPPATH\\Controllers\\RestApi.php', 13)
 2 SYSTEMPATH\CodeIgniter.php(904): App\Controllers\RestApi->bendingpost()
 3 SYSTEMPATH\CodeIgniter.php(457): CodeIgniter\CodeIgniter->runController(Object(App\Controllers\RestApi))
 4 SYSTEMPATH\CodeIgniter.php(340): CodeIgniter\CodeIgniter->handleRequest(null, Object(Config\Cache), false)
 5 FCPATH\index.php(67): CodeIgniter\CodeIgniter->run()
CRITICAL - 2023-02-28 14:36:03 --> Undefined array key "fm"
in APPPATH\Controllers\RestApi.php on line 39.
 1 APPPATH\Controllers\RestApi.php(39): CodeIgniter\Debug\Exceptions->errorHandler(2, 'Undefined array key "fm"', 'APPPATH\\Controllers\\RestApi.php', 39)
 2 SYSTEMPATH\CodeIgniter.php(904): App\Controllers\RestApi->tensilepost()
 3 SYSTEMPATH\CodeIgniter.php(457): CodeIgniter\CodeIgniter->runController(Object(App\Controllers\RestApi))
 4 SYSTEMPATH\CodeIgniter.php(340): CodeIgniter\CodeIgniter->handleRequest(null, Object(Config\Cache), false)
 5 FCPATH\index.php(67): CodeIgniter\CodeIgniter->run()
CRITICAL - 2023-02-28 14:37:39 --> Undefined variable $tensilelisti
in APPPATH\Models\TensilelistModel.php on line 39.
 1 APPPATH\Models\TensilelistModel.php(39): CodeIgniter\Debug\Exceptions->errorHandler(2, 'Undefined variable $tensilelisti', 'APPPATH\\Models\\TensilelistModel.php', 39)
 2 APPPATH\Controllers\RestApi.php(85): App\Models\TensilelistModel->insertData([...])
 3 SYSTEMPATH\CodeIgniter.php(904): App\Controllers\RestApi->tensilelistpost()
 4 SYSTEMPATH\CodeIgniter.php(457): CodeIgniter\CodeIgniter->runController(Object(App\Controllers\RestApi))
 5 SYSTEMPATH\CodeIgniter.php(340): CodeIgniter\CodeIgniter->handleRequest(null, Object(Config\Cache), false)
 6 FCPATH\index.php(67): CodeIgniter\CodeIgniter->run()
ERROR - 2023-02-28 14:38:12 --> mysqli_sql_exception: Unknown column 'sys_batchlist_tensile.batchlistt_deleted' in 'where clause' in C:\xampp\htdocs\beton\vendor\codeigniter4\framework\system\Database\MySQLi\Connection.php:292
Stack trace:
#0 C:\xampp\htdocs\beton\vendor\codeigniter4\framework\system\Database\MySQLi\Connection.php(292): mysqli->query('SELECT *\nFROM `...', 0)
#1 C:\xampp\htdocs\beton\vendor\codeigniter4\framework\system\Database\BaseConnection.php(693): CodeIgniter\Database\MySQLi\Connection->execute('SELECT *\nFROM `...')
#2 C:\xampp\htdocs\beton\vendor\codeigniter4\framework\system\Database\BaseConnection.php(620): CodeIgniter\Database\BaseConnection->simpleQuery('SELECT *\nFROM `...')
#3 C:\xampp\htdocs\beton\vendor\codeigniter4\framework\system\Database\BaseBuilder.php(1585): CodeIgniter\Database\BaseConnection->query('SELECT *\nFROM `...', Array, false)
#4 C:\xampp\htdocs\beton\vendor\codeigniter4\framework\system\Model.php(249): CodeIgniter\Database\BaseBuilder->get()
#5 C:\xampp\htdocs\beton\vendor\codeigniter4\framework\system\BaseModel.php(622): CodeIgniter\Model->doFirst()
#6 C:\xampp\htdocs\beton\app\Models\TensilelistModel.php(42): CodeIgniter\BaseModel->first()
#7 C:\xampp\htdocs\beton\app\Controllers\RestApi.php(85): App\Models\TensilelistModel->insertData(Array)
#8 C:\xampp\htdocs\beton\vendor\codeigniter4\framework\system\CodeIgniter.php(904): App\Controllers\RestApi->tensilelistpost()
#9 C:\xampp\htdocs\beton\vendor\codeigniter4\framework\system\CodeIgniter.php(457): CodeIgniter\CodeIgniter->runController(Object(App\Controllers\RestApi))
#10 C:\xampp\htdocs\beton\vendor\codeigniter4\framework\system\CodeIgniter.php(340): CodeIgniter\CodeIgniter->handleRequest(NULL, Object(Config\Cache), false)
#11 C:\xampp\htdocs\beton\public\index.php(67): CodeIgniter\CodeIgniter->run()
#12 {main}
CRITICAL - 2023-02-28 14:38:12 --> Unknown column 'sys_batchlist_tensile.batchlistt_deleted' in 'where clause'
in SYSTEMPATH\Database\MySQLi\Connection.php on line 292.
 1 SYSTEMPATH\Database\MySQLi\Connection.php(292): mysqli->query('SELECT *
FROM `sys_batchlist_tensile`
WHERE `sys_batchlist_tensile`.`batchlistt_deleted` IS NULL
ORDER BY `batchlistt_updated` DESC
 LIMIT 1', 0)
 2 SYSTEMPATH\Database\BaseConnection.php(693): CodeIgniter\Database\MySQLi\Connection->execute('SELECT *
FROM `sys_batchlist_tensile`
WHERE `sys_batchlist_tensile`.`batchlistt_deleted` IS NULL
ORDER BY `batchlistt_updated` DESC
 LIMIT 1')
 3 SYSTEMPATH\Database\BaseConnection.php(620): CodeIgniter\Database\BaseConnection->simpleQuery('SELECT *
FROM `sys_batchlist_tensile`
WHERE `sys_batchlist_tensile`.`batchlistt_deleted` IS NULL
ORDER BY `batchlistt_updated` DESC
 LIMIT 1')
 4 SYSTEMPATH\Database\BaseBuilder.php(1585): CodeIgniter\Database\BaseConnection->query('SELECT *
FROM `sys_batchlist_tensile`
WHERE `sys_batchlist_tensile`.`batchlistt_deleted` IS NULL
ORDER BY `batchlistt_updated` DESC
 LIMIT 1', [], false)
 5 SYSTEMPATH\Model.php(249): CodeIgniter\Database\BaseBuilder->get()
 6 SYSTEMPATH\BaseModel.php(622): CodeIgniter\Model->doFirst()
 7 APPPATH\Models\TensilelistModel.php(42): CodeIgniter\BaseModel->first()
 8 APPPATH\Controllers\RestApi.php(85): App\Models\TensilelistModel->insertData([...])
 9 SYSTEMPATH\CodeIgniter.php(904): App\Controllers\RestApi->tensilelistpost()
10 SYSTEMPATH\CodeIgniter.php(457): CodeIgniter\CodeIgniter->runController(Object(App\Controllers\RestApi))
11 SYSTEMPATH\CodeIgniter.php(340): CodeIgniter\CodeIgniter->handleRequest(null, Object(Config\Cache), false)
12 FCPATH\index.php(67): CodeIgniter\CodeIgniter->run()
ERROR - 2023-02-28 14:38:40 --> mysqli_sql_exception: Unknown column 'sys_batchlist_tensile.batchlistt_deleted' in 'where clause' in C:\xampp\htdocs\beton\vendor\codeigniter4\framework\system\Database\MySQLi\Connection.php:292
Stack trace:
#0 C:\xampp\htdocs\beton\vendor\codeigniter4\framework\system\Database\MySQLi\Connection.php(292): mysqli->query('SELECT *\nFROM `...', 0)
#1 C:\xampp\htdocs\beton\vendor\codeigniter4\framework\system\Database\BaseConnection.php(693): CodeIgniter\Database\MySQLi\Connection->execute('SELECT *\nFROM `...')
#2 C:\xampp\htdocs\beton\vendor\codeigniter4\framework\system\Database\BaseConnection.php(620): CodeIgniter\Database\BaseConnection->simpleQuery('SELECT *\nFROM `...')
#3 C:\xampp\htdocs\beton\vendor\codeigniter4\framework\system\Database\BaseBuilder.php(1585): CodeIgniter\Database\BaseConnection->query('SELECT *\nFROM `...', Array, false)
#4 C:\xampp\htdocs\beton\vendor\codeigniter4\framework\system\Model.php(249): CodeIgniter\Database\BaseBuilder->get()
#5 C:\xampp\htdocs\beton\vendor\codeigniter4\framework\system\BaseModel.php(622): CodeIgniter\Model->doFirst()
#6 C:\xampp\htdocs\beton\app\Models\TensilelistModel.php(42): CodeIgniter\BaseModel->first()
#7 C:\xampp\htdocs\beton\app\Controllers\RestApi.php(85): App\Models\TensilelistModel->insertData(Array)
#8 C:\xampp\htdocs\beton\vendor\codeigniter4\framework\system\CodeIgniter.php(904): App\Controllers\RestApi->tensilelistpost()
#9 C:\xampp\htdocs\beton\vendor\codeigniter4\framework\system\CodeIgniter.php(457): CodeIgniter\CodeIgniter->runController(Object(App\Controllers\RestApi))
#10 C:\xampp\htdocs\beton\vendor\codeigniter4\framework\system\CodeIgniter.php(340): CodeIgniter\CodeIgniter->handleRequest(NULL, Object(Config\Cache), false)
#11 C:\xampp\htdocs\beton\public\index.php(67): CodeIgniter\CodeIgniter->run()
#12 {main}
CRITICAL - 2023-02-28 14:38:40 --> Unknown column 'sys_batchlist_tensile.batchlistt_deleted' in 'where clause'
in SYSTEMPATH\Database\MySQLi\Connection.php on line 292.
 1 SYSTEMPATH\Database\MySQLi\Connection.php(292): mysqli->query('SELECT *
FROM `sys_batchlist_tensile`
WHERE `sys_batchlist_tensile`.`batchlistt_deleted` IS NULL
ORDER BY `batchlistt_updated` DESC
 LIMIT 1', 0)
 2 SYSTEMPATH\Database\BaseConnection.php(693): CodeIgniter\Database\MySQLi\Connection->execute('SELECT *
FROM `sys_batchlist_tensile`
WHERE `sys_batchlist_tensile`.`batchlistt_deleted` IS NULL
ORDER BY `batchlistt_updated` DESC
 LIMIT 1')
 3 SYSTEMPATH\Database\BaseConnection.php(620): CodeIgniter\Database\BaseConnection->simpleQuery('SELECT *
FROM `sys_batchlist_tensile`
WHERE `sys_batchlist_tensile`.`batchlistt_deleted` IS NULL
ORDER BY `batchlistt_updated` DESC
 LIMIT 1')
 4 SYSTEMPATH\Database\BaseBuilder.php(1585): CodeIgniter\Database\BaseConnection->query('SELECT *
FROM `sys_batchlist_tensile`
WHERE `sys_batchlist_tensile`.`batchlistt_deleted` IS NULL
ORDER BY `batchlistt_updated` DESC
 LIMIT 1', [], false)
 5 SYSTEMPATH\Model.php(249): CodeIgniter\Database\BaseBuilder->get()
 6 SYSTEMPATH\BaseModel.php(622): CodeIgniter\Model->doFirst()
 7 APPPATH\Models\TensilelistModel.php(42): CodeIgniter\BaseModel->first()
 8 APPPATH\Controllers\RestApi.php(85): App\Models\TensilelistModel->insertData([...])
 9 SYSTEMPATH\CodeIgniter.php(904): App\Controllers\RestApi->tensilelistpost()
10 SYSTEMPATH\CodeIgniter.php(457): CodeIgniter\CodeIgniter->runController(Object(App\Controllers\RestApi))
11 SYSTEMPATH\CodeIgniter.php(340): CodeIgniter\CodeIgniter->handleRequest(null, Object(Config\Cache), false)
12 FCPATH\index.php(67): CodeIgniter\CodeIgniter->run()
CRITICAL - 2023-02-28 14:41:33 --> Undefined array key "pid"
in APPPATH\Controllers\RestApi.php on line 81.
 1 APPPATH\Controllers\RestApi.php(81): CodeIgniter\Debug\Exceptions->errorHandler(2, 'Undefined array key "pid"', 'APPPATH\\Controllers\\RestApi.php', 81)
 2 SYSTEMPATH\CodeIgniter.php(904): App\Controllers\RestApi->tensilelistpost()
 3 SYSTEMPATH\CodeIgniter.php(457): CodeIgniter\CodeIgniter->runController(Object(App\Controllers\RestApi))
 4 SYSTEMPATH\CodeIgniter.php(340): CodeIgniter\CodeIgniter->handleRequest(null, Object(Config\Cache), false)
 5 FCPATH\index.php(67): CodeIgniter\CodeIgniter->run()
CRITICAL - 2023-02-28 14:41:43 --> Undefined array key "batch"
in APPPATH\Controllers\RestApi.php on line 34.
 1 APPPATH\Controllers\RestApi.php(34): CodeIgniter\Debug\Exceptions->errorHandler(2, 'Undefined array key "batch"', 'APPPATH\\Controllers\\RestApi.php', 34)
 2 SYSTEMPATH\CodeIgniter.php(904): App\Controllers\RestApi->tensilepost()
 3 SYSTEMPATH\CodeIgniter.php(457): CodeIgniter\CodeIgniter->runController(Object(App\Controllers\RestApi))
 4 SYSTEMPATH\CodeIgniter.php(340): CodeIgniter\CodeIgniter->handleRequest(null, Object(Config\Cache), false)
 5 FCPATH\index.php(67): CodeIgniter\CodeIgniter->run()
