ERROR - 2022-08-30 00:54:27 --> mysqli_sql_exception: Table 'regs2858_igni660.5eci_sessions' doesn't exist in /home/regs2858/public_html/lltdemo/vendor/codeigniter4/framework/system/Database/MySQLi/Connection.php:292
Stack trace:
#0 /home/regs2858/public_html/lltdemo/vendor/codeigniter4/framework/system/Database/MySQLi/Connection.php(292): mysqli->query('SELECT `data`\nF...', 0)
#1 /home/regs2858/public_html/lltdemo/vendor/codeigniter4/framework/system/Database/BaseConnection.php(693): CodeIgniter\Database\MySQLi\Connection->execute('SELECT `data`\nF...')
#2 /home/regs2858/public_html/lltdemo/vendor/codeigniter4/framework/system/Database/BaseConnection.php(620): CodeIgniter\Database\BaseConnection->simpleQuery('SELECT `data`\nF...')
#3 /home/regs2858/public_html/lltdemo/vendor/codeigniter4/framework/system/Database/BaseBuilder.php(1585): CodeIgniter\Database\BaseConnection->query('SELECT `data`\nF...', Array, false)
#4 /home/regs2858/public_html/lltdemo/vendor/codeigniter4/framework/system/Session/Handlers/DatabaseHandler.php(126): CodeIgniter\Database\BaseBuilder->get()
#5 [internal function]: CodeIgniter\Session\Handlers\DatabaseHandler->read('71abc31f0ffe631...')
#6 /home/regs2858/public_html/lltdemo/vendor/codeigniter4/framework/system/Session/Session.php(918): session_start()
#7 /home/regs2858/public_html/lltdemo/vendor/codeigniter4/framework/system/Session/Session.php(240): CodeIgniter\Session\Session->startSession()
#8 /home/regs2858/public_html/lltdemo/vendor/codeigniter4/framework/system/Config/Services.php(665): CodeIgniter\Session\Session->start()
#9 /home/regs2858/public_html/lltdemo/vendor/codeigniter4/framework/system/Config/BaseService.php(253): CodeIgniter\Config\Services::session(Object(Config\App), false)
#10 /home/regs2858/public_html/lltdemo/vendor/codeigniter4/framework/system/Config/BaseService.php(194): CodeIgniter\Config\BaseService::__callStatic('session', Array)
#11 /home/regs2858/public_html/lltdemo/vendor/codeigniter4/framework/system/Config/Services.php(637): CodeIgniter\Config\BaseService::getSharedInstance('session', NULL)
#12 /home/regs2858/public_html/lltdemo/vendor/codeigniter4/framework/system/Config/BaseService.php(253): CodeIgniter\Config\Services::session()
#13 /home/regs2858/public_html/lltdemo/app/Controllers/BaseController.php(51): CodeIgniter\Config\BaseService::__callStatic('session', Array)
#14 /home/regs2858/public_html/lltdemo/vendor/codeigniter4/framework/system/CodeIgniter.php(867): App\Controllers\BaseController->initController(Object(CodeIgniter\HTTP\IncomingRequest), Object(CodeIgniter\HTTP\Response), Object(CodeIgniter\Log\Logger))
#15 /home/regs2858/public_html/lltdemo/vendor/codeigniter4/framework/system/CodeIgniter.php(448): CodeIgniter\CodeIgniter->createController()
#16 /home/regs2858/public_html/lltdemo/vendor/codeigniter4/framework/system/CodeIgniter.php(340): CodeIgniter\CodeIgniter->handleRequest(NULL, Object(Config\Cache), false)
#17 /home/regs2858/public_html/lltdemo/public/index.php(67): CodeIgniter\CodeIgniter->run()
#18 {main}
CRITICAL - 2022-08-30 00:54:27 --> Call to a member function getRow() on bool
in SYSTEMPATH/Session/Handlers/DatabaseHandler.php on line 126.
 1 [internal function]: CodeIgniter\Session\Handlers\DatabaseHandler->read('71abc31f0ffe63143e04029ca424ecd6b2a18612')
 2 SYSTEMPATH/Session/Session.php(918): session_start()
 3 SYSTEMPATH/Session/Session.php(240): CodeIgniter\Session\Session->startSession()
 4 SYSTEMPATH/Config/Services.php(665): CodeIgniter\Session\Session->start()
 5 SYSTEMPATH/Config/BaseService.php(253): CodeIgniter\Config\Services::session(Object(Config\App), false)
 6 SYSTEMPATH/Config/BaseService.php(194): CodeIgniter\Config\BaseService::__callStatic('session', [...])
 7 SYSTEMPATH/Config/Services.php(637): CodeIgniter\Config\BaseService::getSharedInstance('session', null)
 8 SYSTEMPATH/Config/BaseService.php(253): CodeIgniter\Config\Services::session()
 9 APPPATH/Controllers/BaseController.php(51): CodeIgniter\Config\BaseService::__callStatic('session', [])
10 SYSTEMPATH/CodeIgniter.php(867): App\Controllers\BaseController->initController(Object(CodeIgniter\HTTP\IncomingRequest), Object(CodeIgniter\HTTP\Response), Object(CodeIgniter\Log\Logger))
11 SYSTEMPATH/CodeIgniter.php(448): CodeIgniter\CodeIgniter->createController()
12 SYSTEMPATH/CodeIgniter.php(340): CodeIgniter\CodeIgniter->handleRequest(null, Object(Config\Cache), false)
13 FCPATH/index.php(67): CodeIgniter\CodeIgniter->run()
ERROR - 2022-08-30 00:54:30 --> mysqli_sql_exception: Table 'regs2858_igni660.5eci_sessions' doesn't exist in /home/regs2858/public_html/lltdemo/vendor/codeigniter4/framework/system/Database/MySQLi/Connection.php:292
Stack trace:
#0 /home/regs2858/public_html/lltdemo/vendor/codeigniter4/framework/system/Database/MySQLi/Connection.php(292): mysqli->query('SELECT `data`\nF...', 0)
#1 /home/regs2858/public_html/lltdemo/vendor/codeigniter4/framework/system/Database/BaseConnection.php(693): CodeIgniter\Database\MySQLi\Connection->execute('SELECT `data`\nF...')
#2 /home/regs2858/public_html/lltdemo/vendor/codeigniter4/framework/system/Database/BaseConnection.php(620): CodeIgniter\Database\BaseConnection->simpleQuery('SELECT `data`\nF...')
#3 /home/regs2858/public_html/lltdemo/vendor/codeigniter4/framework/system/Database/BaseBuilder.php(1585): CodeIgniter\Database\BaseConnection->query('SELECT `data`\nF...', Array, false)
#4 /home/regs2858/public_html/lltdemo/vendor/codeigniter4/framework/system/Session/Handlers/DatabaseHandler.php(126): CodeIgniter\Database\BaseBuilder->get()
#5 [internal function]: CodeIgniter\Session\Handlers\DatabaseHandler->read('71abc31f0ffe631...')
#6 /home/regs2858/public_html/lltdemo/vendor/codeigniter4/framework/system/Session/Session.php(918): session_start()
#7 /home/regs2858/public_html/lltdemo/vendor/codeigniter4/framework/system/Session/Session.php(240): CodeIgniter\Session\Session->startSession()
#8 /home/regs2858/public_html/lltdemo/vendor/codeigniter4/framework/system/Config/Services.php(665): CodeIgniter\Session\Session->start()
#9 /home/regs2858/public_html/lltdemo/vendor/codeigniter4/framework/system/Config/BaseService.php(253): CodeIgniter\Config\Services::session(Object(Config\App), false)
#10 /home/regs2858/public_html/lltdemo/vendor/codeigniter4/framework/system/Config/BaseService.php(194): CodeIgniter\Config\BaseService::__callStatic('session', Array)
#11 /home/regs2858/public_html/lltdemo/vendor/codeigniter4/framework/system/Config/Services.php(637): CodeIgniter\Config\BaseService::getSharedInstance('session', NULL)
#12 /home/regs2858/public_html/lltdemo/vendor/codeigniter4/framework/system/Config/BaseService.php(253): CodeIgniter\Config\Services::session()
#13 /home/regs2858/public_html/lltdemo/app/Controllers/BaseController.php(51): CodeIgniter\Config\BaseService::__callStatic('session', Array)
#14 /home/regs2858/public_html/lltdemo/vendor/codeigniter4/framework/system/CodeIgniter.php(867): App\Controllers\BaseController->initController(Object(CodeIgniter\HTTP\IncomingRequest), Object(CodeIgniter\HTTP\Response), Object(CodeIgniter\Log\Logger))
#15 /home/regs2858/public_html/lltdemo/vendor/codeigniter4/framework/system/CodeIgniter.php(448): CodeIgniter\CodeIgniter->createController()
#16 /home/regs2858/public_html/lltdemo/vendor/codeigniter4/framework/system/CodeIgniter.php(340): CodeIgniter\CodeIgniter->handleRequest(NULL, Object(Config\Cache), false)
#17 /home/regs2858/public_html/lltdemo/public/index.php(67): CodeIgniter\CodeIgniter->run()
#18 {main}
CRITICAL - 2022-08-30 00:54:30 --> Call to a member function getRow() on bool
in SYSTEMPATH/Session/Handlers/DatabaseHandler.php on line 126.
 1 [internal function]: CodeIgniter\Session\Handlers\DatabaseHandler->read('71abc31f0ffe63143e04029ca424ecd6b2a18612')
 2 SYSTEMPATH/Session/Session.php(918): session_start()
 3 SYSTEMPATH/Session/Session.php(240): CodeIgniter\Session\Session->startSession()
 4 SYSTEMPATH/Config/Services.php(665): CodeIgniter\Session\Session->start()
 5 SYSTEMPATH/Config/BaseService.php(253): CodeIgniter\Config\Services::session(Object(Config\App), false)
 6 SYSTEMPATH/Config/BaseService.php(194): CodeIgniter\Config\BaseService::__callStatic('session', [...])
 7 SYSTEMPATH/Config/Services.php(637): CodeIgniter\Config\BaseService::getSharedInstance('session', null)
 8 SYSTEMPATH/Config/BaseService.php(253): CodeIgniter\Config\Services::session()
 9 APPPATH/Controllers/BaseController.php(51): CodeIgniter\Config\BaseService::__callStatic('session', [])
10 SYSTEMPATH/CodeIgniter.php(867): App\Controllers\BaseController->initController(Object(CodeIgniter\HTTP\IncomingRequest), Object(CodeIgniter\HTTP\Response), Object(CodeIgniter\Log\Logger))
11 SYSTEMPATH/CodeIgniter.php(448): CodeIgniter\CodeIgniter->createController()
12 SYSTEMPATH/CodeIgniter.php(340): CodeIgniter\CodeIgniter->handleRequest(null, Object(Config\Cache), false)
13 FCPATH/index.php(67): CodeIgniter\CodeIgniter->run()
ERROR - 2022-08-30 01:04:33 --> mysqli_sql_exception: Table 'regs2858_igni660.5eci_sessions' doesn't exist in /home/regs2858/public_html/lltdemo/vendor/codeigniter4/framework/system/Database/MySQLi/Connection.php:292
Stack trace:
#0 /home/regs2858/public_html/lltdemo/vendor/codeigniter4/framework/system/Database/MySQLi/Connection.php(292): mysqli->query('SELECT `data`\nF...', 0)
#1 /home/regs2858/public_html/lltdemo/vendor/codeigniter4/framework/system/Database/BaseConnection.php(693): CodeIgniter\Database\MySQLi\Connection->execute('SELECT `data`\nF...')
#2 /home/regs2858/public_html/lltdemo/vendor/codeigniter4/framework/system/Database/BaseConnection.php(620): CodeIgniter\Database\BaseConnection->simpleQuery('SELECT `data`\nF...')
#3 /home/regs2858/public_html/lltdemo/vendor/codeigniter4/framework/system/Database/BaseBuilder.php(1585): CodeIgniter\Database\BaseConnection->query('SELECT `data`\nF...', Array, false)
#4 /home/regs2858/public_html/lltdemo/vendor/codeigniter4/framework/system/Session/Handlers/DatabaseHandler.php(126): CodeIgniter\Database\BaseBuilder->get()
#5 [internal function]: CodeIgniter\Session\Handlers\DatabaseHandler->read('71abc31f0ffe631...')
#6 /home/regs2858/public_html/lltdemo/vendor/codeigniter4/framework/system/Session/Session.php(918): session_start()
#7 /home/regs2858/public_html/lltdemo/vendor/codeigniter4/framework/system/Session/Session.php(240): CodeIgniter\Session\Session->startSession()
#8 /home/regs2858/public_html/lltdemo/vendor/codeigniter4/framework/system/Config/Services.php(665): CodeIgniter\Session\Session->start()
#9 /home/regs2858/public_html/lltdemo/vendor/codeigniter4/framework/system/Config/BaseService.php(253): CodeIgniter\Config\Services::session(Object(Config\App), false)
#10 /home/regs2858/public_html/lltdemo/vendor/codeigniter4/framework/system/Config/BaseService.php(194): CodeIgniter\Config\BaseService::__callStatic('session', Array)
#11 /home/regs2858/public_html/lltdemo/vendor/codeigniter4/framework/system/Config/Services.php(637): CodeIgniter\Config\BaseService::getSharedInstance('session', NULL)
#12 /home/regs2858/public_html/lltdemo/vendor/codeigniter4/framework/system/Config/BaseService.php(253): CodeIgniter\Config\Services::session()
#13 /home/regs2858/public_html/lltdemo/app/Controllers/BaseController.php(51): CodeIgniter\Config\BaseService::__callStatic('session', Array)
#14 /home/regs2858/public_html/lltdemo/vendor/codeigniter4/framework/system/CodeIgniter.php(867): App\Controllers\BaseController->initController(Object(CodeIgniter\HTTP\IncomingRequest), Object(CodeIgniter\HTTP\Response), Object(CodeIgniter\Log\Logger))
#15 /home/regs2858/public_html/lltdemo/vendor/codeigniter4/framework/system/CodeIgniter.php(448): CodeIgniter\CodeIgniter->createController()
#16 /home/regs2858/public_html/lltdemo/vendor/codeigniter4/framework/system/CodeIgniter.php(340): CodeIgniter\CodeIgniter->handleRequest(NULL, Object(Config\Cache), false)
#17 /home/regs2858/public_html/lltdemo/public/index.php(67): CodeIgniter\CodeIgniter->run()
#18 {main}
CRITICAL - 2022-08-30 01:04:33 --> Call to a member function getRow() on bool
in SYSTEMPATH/Session/Handlers/DatabaseHandler.php on line 126.
 1 [internal function]: CodeIgniter\Session\Handlers\DatabaseHandler->read('71abc31f0ffe63143e04029ca424ecd6b2a18612')
 2 SYSTEMPATH/Session/Session.php(918): session_start()
 3 SYSTEMPATH/Session/Session.php(240): CodeIgniter\Session\Session->startSession()
 4 SYSTEMPATH/Config/Services.php(665): CodeIgniter\Session\Session->start()
 5 SYSTEMPATH/Config/BaseService.php(253): CodeIgniter\Config\Services::session(Object(Config\App), false)
 6 SYSTEMPATH/Config/BaseService.php(194): CodeIgniter\Config\BaseService::__callStatic('session', [...])
 7 SYSTEMPATH/Config/Services.php(637): CodeIgniter\Config\BaseService::getSharedInstance('session', null)
 8 SYSTEMPATH/Config/BaseService.php(253): CodeIgniter\Config\Services::session()
 9 APPPATH/Controllers/BaseController.php(51): CodeIgniter\Config\BaseService::__callStatic('session', [])
10 SYSTEMPATH/CodeIgniter.php(867): App\Controllers\BaseController->initController(Object(CodeIgniter\HTTP\IncomingRequest), Object(CodeIgniter\HTTP\Response), Object(CodeIgniter\Log\Logger))
11 SYSTEMPATH/CodeIgniter.php(448): CodeIgniter\CodeIgniter->createController()
12 SYSTEMPATH/CodeIgniter.php(340): CodeIgniter\CodeIgniter->handleRequest(null, Object(Config\Cache), false)
13 FCPATH/index.php(67): CodeIgniter\CodeIgniter->run()
ERROR - 2022-08-30 01:08:11 --> mysqli_sql_exception: Table 'regs2858_igni660.5eci_sessions' doesn't exist in /home/regs2858/public_html/lltdemo/vendor/codeigniter4/framework/system/Database/MySQLi/Connection.php:292
Stack trace:
#0 /home/regs2858/public_html/lltdemo/vendor/codeigniter4/framework/system/Database/MySQLi/Connection.php(292): mysqli->query('SELECT `data`\nF...', 0)
#1 /home/regs2858/public_html/lltdemo/vendor/codeigniter4/framework/system/Database/BaseConnection.php(693): CodeIgniter\Database\MySQLi\Connection->execute('SELECT `data`\nF...')
#2 /home/regs2858/public_html/lltdemo/vendor/codeigniter4/framework/system/Database/BaseConnection.php(620): CodeIgniter\Database\BaseConnection->simpleQuery('SELECT `data`\nF...')
#3 /home/regs2858/public_html/lltdemo/vendor/codeigniter4/framework/system/Database/BaseBuilder.php(1585): CodeIgniter\Database\BaseConnection->query('SELECT `data`\nF...', Array, false)
#4 /home/regs2858/public_html/lltdemo/vendor/codeigniter4/framework/system/Session/Handlers/DatabaseHandler.php(126): CodeIgniter\Database\BaseBuilder->get()
#5 [internal function]: CodeIgniter\Session\Handlers\DatabaseHandler->read('71abc31f0ffe631...')
#6 /home/regs2858/public_html/lltdemo/vendor/codeigniter4/framework/system/Session/Session.php(918): session_start()
#7 /home/regs2858/public_html/lltdemo/vendor/codeigniter4/framework/system/Session/Session.php(240): CodeIgniter\Session\Session->startSession()
#8 /home/regs2858/public_html/lltdemo/vendor/codeigniter4/framework/system/Config/Services.php(665): CodeIgniter\Session\Session->start()
#9 /home/regs2858/public_html/lltdemo/vendor/codeigniter4/framework/system/Config/BaseService.php(253): CodeIgniter\Config\Services::session(Object(Config\App), false)
#10 /home/regs2858/public_html/lltdemo/vendor/codeigniter4/framework/system/Config/BaseService.php(194): CodeIgniter\Config\BaseService::__callStatic('session', Array)
#11 /home/regs2858/public_html/lltdemo/vendor/codeigniter4/framework/system/Config/Services.php(637): CodeIgniter\Config\BaseService::getSharedInstance('session', NULL)
#12 /home/regs2858/public_html/lltdemo/vendor/codeigniter4/framework/system/Config/BaseService.php(253): CodeIgniter\Config\Services::session()
#13 /home/regs2858/public_html/lltdemo/app/Controllers/BaseController.php(53): CodeIgniter\Config\BaseService::__callStatic('session', Array)
#14 /home/regs2858/public_html/lltdemo/vendor/codeigniter4/framework/system/CodeIgniter.php(867): App\Controllers\BaseController->initController(Object(CodeIgniter\HTTP\IncomingRequest), Object(CodeIgniter\HTTP\Response), Object(CodeIgniter\Log\Logger))
#15 /home/regs2858/public_html/lltdemo/vendor/codeigniter4/framework/system/CodeIgniter.php(448): CodeIgniter\CodeIgniter->createController()
#16 /home/regs2858/public_html/lltdemo/vendor/codeigniter4/framework/system/CodeIgniter.php(340): CodeIgniter\CodeIgniter->handleRequest(NULL, Object(Config\Cache), false)
#17 /home/regs2858/public_html/lltdemo/public/index.php(67): CodeIgniter\CodeIgniter->run()
#18 {main}
CRITICAL - 2022-08-30 01:08:11 --> Call to a member function getRow() on bool
in SYSTEMPATH/Session/Handlers/DatabaseHandler.php on line 126.
 1 [internal function]: CodeIgniter\Session\Handlers\DatabaseHandler->read('71abc31f0ffe63143e04029ca424ecd6b2a18612')
 2 SYSTEMPATH/Session/Session.php(918): session_start()
 3 SYSTEMPATH/Session/Session.php(240): CodeIgniter\Session\Session->startSession()
 4 SYSTEMPATH/Config/Services.php(665): CodeIgniter\Session\Session->start()
 5 SYSTEMPATH/Config/BaseService.php(253): CodeIgniter\Config\Services::session(Object(Config\App), false)
 6 SYSTEMPATH/Config/BaseService.php(194): CodeIgniter\Config\BaseService::__callStatic('session', [...])
 7 SYSTEMPATH/Config/Services.php(637): CodeIgniter\Config\BaseService::getSharedInstance('session', null)
 8 SYSTEMPATH/Config/BaseService.php(253): CodeIgniter\Config\Services::session()
 9 APPPATH/Controllers/BaseController.php(53): CodeIgniter\Config\BaseService::__callStatic('session', [])
10 SYSTEMPATH/CodeIgniter.php(867): App\Controllers\BaseController->initController(Object(CodeIgniter\HTTP\IncomingRequest), Object(CodeIgniter\HTTP\Response), Object(CodeIgniter\Log\Logger))
11 SYSTEMPATH/CodeIgniter.php(448): CodeIgniter\CodeIgniter->createController()
12 SYSTEMPATH/CodeIgniter.php(340): CodeIgniter\CodeIgniter->handleRequest(null, Object(Config\Cache), false)
13 FCPATH/index.php(67): CodeIgniter\CodeIgniter->run()
ERROR - 2022-08-30 01:09:06 --> mysqli_sql_exception: Table 'regs2858_igni660.5eci_sessions' doesn't exist in /home/regs2858/public_html/lltdemo/vendor/codeigniter4/framework/system/Database/MySQLi/Connection.php:292
Stack trace:
#0 /home/regs2858/public_html/lltdemo/vendor/codeigniter4/framework/system/Database/MySQLi/Connection.php(292): mysqli->query('SELECT `data`\nF...', 0)
#1 /home/regs2858/public_html/lltdemo/vendor/codeigniter4/framework/system/Database/BaseConnection.php(693): CodeIgniter\Database\MySQLi\Connection->execute('SELECT `data`\nF...')
#2 /home/regs2858/public_html/lltdemo/vendor/codeigniter4/framework/system/Database/BaseConnection.php(620): CodeIgniter\Database\BaseConnection->simpleQuery('SELECT `data`\nF...')
#3 /home/regs2858/public_html/lltdemo/vendor/codeigniter4/framework/system/Database/BaseBuilder.php(1585): CodeIgniter\Database\BaseConnection->query('SELECT `data`\nF...', Array, false)
#4 /home/regs2858/public_html/lltdemo/vendor/codeigniter4/framework/system/Session/Handlers/DatabaseHandler.php(126): CodeIgniter\Database\BaseBuilder->get()
#5 [internal function]: CodeIgniter\Session\Handlers\DatabaseHandler->read('71abc31f0ffe631...')
#6 /home/regs2858/public_html/lltdemo/vendor/codeigniter4/framework/system/Session/Session.php(918): session_start()
#7 /home/regs2858/public_html/lltdemo/vendor/codeigniter4/framework/system/Session/Session.php(240): CodeIgniter\Session\Session->startSession()
#8 /home/regs2858/public_html/lltdemo/vendor/codeigniter4/framework/system/Config/Services.php(665): CodeIgniter\Session\Session->start()
#9 /home/regs2858/public_html/lltdemo/vendor/codeigniter4/framework/system/Config/BaseService.php(253): CodeIgniter\Config\Services::session(Object(Config\App), false)
#10 /home/regs2858/public_html/lltdemo/vendor/codeigniter4/framework/system/Config/BaseService.php(194): CodeIgniter\Config\BaseService::__callStatic('session', Array)
#11 /home/regs2858/public_html/lltdemo/vendor/codeigniter4/framework/system/Config/Services.php(637): CodeIgniter\Config\BaseService::getSharedInstance('session', NULL)
#12 /home/regs2858/public_html/lltdemo/vendor/codeigniter4/framework/system/Config/BaseService.php(253): CodeIgniter\Config\Services::session()
#13 /home/regs2858/public_html/lltdemo/app/Controllers/BaseController.php(51): CodeIgniter\Config\BaseService::__callStatic('session', Array)
#14 /home/regs2858/public_html/lltdemo/vendor/codeigniter4/framework/system/CodeIgniter.php(867): App\Controllers\BaseController->initController(Object(CodeIgniter\HTTP\IncomingRequest), Object(CodeIgniter\HTTP\Response), Object(CodeIgniter\Log\Logger))
#15 /home/regs2858/public_html/lltdemo/vendor/codeigniter4/framework/system/CodeIgniter.php(448): CodeIgniter\CodeIgniter->createController()
#16 /home/regs2858/public_html/lltdemo/vendor/codeigniter4/framework/system/CodeIgniter.php(340): CodeIgniter\CodeIgniter->handleRequest(NULL, Object(Config\Cache), false)
#17 /home/regs2858/public_html/lltdemo/public/index.php(67): CodeIgniter\CodeIgniter->run()
#18 {main}
CRITICAL - 2022-08-30 01:09:06 --> Call to a member function getRow() on bool
in SYSTEMPATH/Session/Handlers/DatabaseHandler.php on line 126.
 1 [internal function]: CodeIgniter\Session\Handlers\DatabaseHandler->read('71abc31f0ffe63143e04029ca424ecd6b2a18612')
 2 SYSTEMPATH/Session/Session.php(918): session_start()
 3 SYSTEMPATH/Session/Session.php(240): CodeIgniter\Session\Session->startSession()
 4 SYSTEMPATH/Config/Services.php(665): CodeIgniter\Session\Session->start()
 5 SYSTEMPATH/Config/BaseService.php(253): CodeIgniter\Config\Services::session(Object(Config\App), false)
 6 SYSTEMPATH/Config/BaseService.php(194): CodeIgniter\Config\BaseService::__callStatic('session', [...])
 7 SYSTEMPATH/Config/Services.php(637): CodeIgniter\Config\BaseService::getSharedInstance('session', null)
 8 SYSTEMPATH/Config/BaseService.php(253): CodeIgniter\Config\Services::session()
 9 APPPATH/Controllers/BaseController.php(51): CodeIgniter\Config\BaseService::__callStatic('session', [])
10 SYSTEMPATH/CodeIgniter.php(867): App\Controllers\BaseController->initController(Object(CodeIgniter\HTTP\IncomingRequest), Object(CodeIgniter\HTTP\Response), Object(CodeIgniter\Log\Logger))
11 SYSTEMPATH/CodeIgniter.php(448): CodeIgniter\CodeIgniter->createController()
12 SYSTEMPATH/CodeIgniter.php(340): CodeIgniter\CodeIgniter->handleRequest(null, Object(Config\Cache), false)
13 FCPATH/index.php(67): CodeIgniter\CodeIgniter->run()
ERROR - 2022-08-30 01:09:10 --> mysqli_sql_exception: Table 'regs2858_igni660.5eci_sessions' doesn't exist in /home/regs2858/public_html/lltdemo/vendor/codeigniter4/framework/system/Database/MySQLi/Connection.php:292
Stack trace:
#0 /home/regs2858/public_html/lltdemo/vendor/codeigniter4/framework/system/Database/MySQLi/Connection.php(292): mysqli->query('SELECT `data`\nF...', 0)
#1 /home/regs2858/public_html/lltdemo/vendor/codeigniter4/framework/system/Database/BaseConnection.php(693): CodeIgniter\Database\MySQLi\Connection->execute('SELECT `data`\nF...')
#2 /home/regs2858/public_html/lltdemo/vendor/codeigniter4/framework/system/Database/BaseConnection.php(620): CodeIgniter\Database\BaseConnection->simpleQuery('SELECT `data`\nF...')
#3 /home/regs2858/public_html/lltdemo/vendor/codeigniter4/framework/system/Database/BaseBuilder.php(1585): CodeIgniter\Database\BaseConnection->query('SELECT `data`\nF...', Array, false)
#4 /home/regs2858/public_html/lltdemo/vendor/codeigniter4/framework/system/Session/Handlers/DatabaseHandler.php(126): CodeIgniter\Database\BaseBuilder->get()
#5 [internal function]: CodeIgniter\Session\Handlers\DatabaseHandler->read('71abc31f0ffe631...')
#6 /home/regs2858/public_html/lltdemo/vendor/codeigniter4/framework/system/Session/Session.php(918): session_start()
#7 /home/regs2858/public_html/lltdemo/vendor/codeigniter4/framework/system/Session/Session.php(240): CodeIgniter\Session\Session->startSession()
#8 /home/regs2858/public_html/lltdemo/vendor/codeigniter4/framework/system/Config/Services.php(665): CodeIgniter\Session\Session->start()
#9 /home/regs2858/public_html/lltdemo/vendor/codeigniter4/framework/system/Config/BaseService.php(253): CodeIgniter\Config\Services::session(Object(Config\App), false)
#10 /home/regs2858/public_html/lltdemo/vendor/codeigniter4/framework/system/Config/BaseService.php(194): CodeIgniter\Config\BaseService::__callStatic('session', Array)
#11 /home/regs2858/public_html/lltdemo/vendor/codeigniter4/framework/system/Config/Services.php(637): CodeIgniter\Config\BaseService::getSharedInstance('session', NULL)
#12 /home/regs2858/public_html/lltdemo/vendor/codeigniter4/framework/system/Config/BaseService.php(253): CodeIgniter\Config\Services::session()
#13 /home/regs2858/public_html/lltdemo/app/Controllers/BaseController.php(51): CodeIgniter\Config\BaseService::__callStatic('session', Array)
#14 /home/regs2858/public_html/lltdemo/vendor/codeigniter4/framework/system/CodeIgniter.php(867): App\Controllers\BaseController->initController(Object(CodeIgniter\HTTP\IncomingRequest), Object(CodeIgniter\HTTP\Response), Object(CodeIgniter\Log\Logger))
#15 /home/regs2858/public_html/lltdemo/vendor/codeigniter4/framework/system/CodeIgniter.php(448): CodeIgniter\CodeIgniter->createController()
#16 /home/regs2858/public_html/lltdemo/vendor/codeigniter4/framework/system/CodeIgniter.php(340): CodeIgniter\CodeIgniter->handleRequest(NULL, Object(Config\Cache), false)
#17 /home/regs2858/public_html/lltdemo/public/index.php(67): CodeIgniter\CodeIgniter->run()
#18 {main}
CRITICAL - 2022-08-30 01:09:10 --> Call to a member function getRow() on bool
in SYSTEMPATH/Session/Handlers/DatabaseHandler.php on line 126.
 1 [internal function]: CodeIgniter\Session\Handlers\DatabaseHandler->read('71abc31f0ffe63143e04029ca424ecd6b2a18612')
 2 SYSTEMPATH/Session/Session.php(918): session_start()
 3 SYSTEMPATH/Session/Session.php(240): CodeIgniter\Session\Session->startSession()
 4 SYSTEMPATH/Config/Services.php(665): CodeIgniter\Session\Session->start()
 5 SYSTEMPATH/Config/BaseService.php(253): CodeIgniter\Config\Services::session(Object(Config\App), false)
 6 SYSTEMPATH/Config/BaseService.php(194): CodeIgniter\Config\BaseService::__callStatic('session', [...])
 7 SYSTEMPATH/Config/Services.php(637): CodeIgniter\Config\BaseService::getSharedInstance('session', null)
 8 SYSTEMPATH/Config/BaseService.php(253): CodeIgniter\Config\Services::session()
 9 APPPATH/Controllers/BaseController.php(51): CodeIgniter\Config\BaseService::__callStatic('session', [])
10 SYSTEMPATH/CodeIgniter.php(867): App\Controllers\BaseController->initController(Object(CodeIgniter\HTTP\IncomingRequest), Object(CodeIgniter\HTTP\Response), Object(CodeIgniter\Log\Logger))
11 SYSTEMPATH/CodeIgniter.php(448): CodeIgniter\CodeIgniter->createController()
12 SYSTEMPATH/CodeIgniter.php(340): CodeIgniter\CodeIgniter->handleRequest(null, Object(Config\Cache), false)
13 FCPATH/index.php(67): CodeIgniter\CodeIgniter->run()
CRITICAL - 2022-08-30 01:14:29 --> Call to a member function has() on null
in APPPATH/Controllers/Home.php on line 15.
 1 SYSTEMPATH/CodeIgniter.php(904): App\Controllers\Home->test()
 2 SYSTEMPATH/CodeIgniter.php(457): CodeIgniter\CodeIgniter->runController(Object(App\Controllers\Home))
 3 SYSTEMPATH/CodeIgniter.php(340): CodeIgniter\CodeIgniter->handleRequest(null, Object(Config\Cache), false)
 4 FCPATH/index.php(67): CodeIgniter\CodeIgniter->run()
CRITICAL - 2022-08-30 01:14:35 --> Call to a member function set() on null
in APPPATH/Controllers/Home.php on line 27.
 1 SYSTEMPATH/CodeIgniter.php(904): App\Controllers\Home->login()
 2 SYSTEMPATH/CodeIgniter.php(457): CodeIgniter\CodeIgniter->runController(Object(App\Controllers\Home))
 3 SYSTEMPATH/CodeIgniter.php(340): CodeIgniter\CodeIgniter->handleRequest(null, Object(Config\Cache), false)
 4 FCPATH/index.php(67): CodeIgniter\CodeIgniter->run()
ERROR - 2022-08-30 01:20:18 --> mysqli_sql_exception: Table 'regs2858_igni660.5eci_sessions' doesn't exist in /home/regs2858/public_html/lltdemo/vendor/codeigniter4/framework/system/Database/MySQLi/Connection.php:292
Stack trace:
#0 /home/regs2858/public_html/lltdemo/vendor/codeigniter4/framework/system/Database/MySQLi/Connection.php(292): mysqli->query('SELECT `data`\nF...', 0)
#1 /home/regs2858/public_html/lltdemo/vendor/codeigniter4/framework/system/Database/BaseConnection.php(693): CodeIgniter\Database\MySQLi\Connection->execute('SELECT `data`\nF...')
#2 /home/regs2858/public_html/lltdemo/vendor/codeigniter4/framework/system/Database/BaseConnection.php(620): CodeIgniter\Database\BaseConnection->simpleQuery('SELECT `data`\nF...')
#3 /home/regs2858/public_html/lltdemo/vendor/codeigniter4/framework/system/Database/BaseBuilder.php(1585): CodeIgniter\Database\BaseConnection->query('SELECT `data`\nF...', Array, false)
#4 /home/regs2858/public_html/lltdemo/vendor/codeigniter4/framework/system/Session/Handlers/DatabaseHandler.php(126): CodeIgniter\Database\BaseBuilder->get()
#5 [internal function]: CodeIgniter\Session\Handlers\DatabaseHandler->read('71abc31f0ffe631...')
#6 /home/regs2858/public_html/lltdemo/vendor/codeigniter4/framework/system/Session/Session.php(918): session_start()
#7 /home/regs2858/public_html/lltdemo/vendor/codeigniter4/framework/system/Session/Session.php(240): CodeIgniter\Session\Session->startSession()
#8 /home/regs2858/public_html/lltdemo/vendor/codeigniter4/framework/system/Config/Services.php(665): CodeIgniter\Session\Session->start()
#9 /home/regs2858/public_html/lltdemo/vendor/codeigniter4/framework/system/Config/BaseService.php(253): CodeIgniter\Config\Services::session(Object(Config\App), false)
#10 /home/regs2858/public_html/lltdemo/vendor/codeigniter4/framework/system/Config/BaseService.php(194): CodeIgniter\Config\BaseService::__callStatic('session', Array)
#11 /home/regs2858/public_html/lltdemo/vendor/codeigniter4/framework/system/Config/Services.php(637): CodeIgniter\Config\BaseService::getSharedInstance('session', NULL)
#12 /home/regs2858/public_html/lltdemo/vendor/codeigniter4/framework/system/Config/BaseService.php(253): CodeIgniter\Config\Services::session()
#13 /home/regs2858/public_html/lltdemo/app/Controllers/BaseController.php(51): CodeIgniter\Config\BaseService::__callStatic('session', Array)
#14 /home/regs2858/public_html/lltdemo/vendor/codeigniter4/framework/system/CodeIgniter.php(867): App\Controllers\BaseController->initController(Object(CodeIgniter\HTTP\IncomingRequest), Object(CodeIgniter\HTTP\Response), Object(CodeIgniter\Log\Logger))
#15 /home/regs2858/public_html/lltdemo/vendor/codeigniter4/framework/system/CodeIgniter.php(448): CodeIgniter\CodeIgniter->createController()
#16 /home/regs2858/public_html/lltdemo/vendor/codeigniter4/framework/system/CodeIgniter.php(340): CodeIgniter\CodeIgniter->handleRequest(NULL, Object(Config\Cache), false)
#17 /home/regs2858/public_html/lltdemo/public/index.php(67): CodeIgniter\CodeIgniter->run()
#18 {main}
CRITICAL - 2022-08-30 01:20:18 --> Call to a member function getRow() on bool
in SYSTEMPATH/Session/Handlers/DatabaseHandler.php on line 126.
 1 [internal function]: CodeIgniter\Session\Handlers\DatabaseHandler->read('71abc31f0ffe63143e04029ca424ecd6b2a18612')
 2 SYSTEMPATH/Session/Session.php(918): session_start()
 3 SYSTEMPATH/Session/Session.php(240): CodeIgniter\Session\Session->startSession()
 4 SYSTEMPATH/Config/Services.php(665): CodeIgniter\Session\Session->start()
 5 SYSTEMPATH/Config/BaseService.php(253): CodeIgniter\Config\Services::session(Object(Config\App), false)
 6 SYSTEMPATH/Config/BaseService.php(194): CodeIgniter\Config\BaseService::__callStatic('session', [...])
 7 SYSTEMPATH/Config/Services.php(637): CodeIgniter\Config\BaseService::getSharedInstance('session', null)
 8 SYSTEMPATH/Config/BaseService.php(253): CodeIgniter\Config\Services::session()
 9 APPPATH/Controllers/BaseController.php(51): CodeIgniter\Config\BaseService::__callStatic('session', [])
10 SYSTEMPATH/CodeIgniter.php(867): App\Controllers\BaseController->initController(Object(CodeIgniter\HTTP\IncomingRequest), Object(CodeIgniter\HTTP\Response), Object(CodeIgniter\Log\Logger))
11 SYSTEMPATH/CodeIgniter.php(448): CodeIgniter\CodeIgniter->createController()
12 SYSTEMPATH/CodeIgniter.php(340): CodeIgniter\CodeIgniter->handleRequest(null, Object(Config\Cache), false)
13 FCPATH/index.php(67): CodeIgniter\CodeIgniter->run()
ERROR - 2022-08-30 01:25:24 --> mysqli_sql_exception: Table 'regs2858_igni660.5eci_sessions' doesn't exist in /home/regs2858/public_html/lltdemo/vendor/codeigniter4/framework/system/Database/MySQLi/Connection.php:292
Stack trace:
#0 /home/regs2858/public_html/lltdemo/vendor/codeigniter4/framework/system/Database/MySQLi/Connection.php(292): mysqli->query('SELECT `data`\nF...', 0)
#1 /home/regs2858/public_html/lltdemo/vendor/codeigniter4/framework/system/Database/BaseConnection.php(693): CodeIgniter\Database\MySQLi\Connection->execute('SELECT `data`\nF...')
#2 /home/regs2858/public_html/lltdemo/vendor/codeigniter4/framework/system/Database/BaseConnection.php(620): CodeIgniter\Database\BaseConnection->simpleQuery('SELECT `data`\nF...')
#3 /home/regs2858/public_html/lltdemo/vendor/codeigniter4/framework/system/Database/BaseBuilder.php(1585): CodeIgniter\Database\BaseConnection->query('SELECT `data`\nF...', Array, false)
#4 /home/regs2858/public_html/lltdemo/vendor/codeigniter4/framework/system/Session/Handlers/DatabaseHandler.php(126): CodeIgniter\Database\BaseBuilder->get()
#5 [internal function]: CodeIgniter\Session\Handlers\DatabaseHandler->read('71abc31f0ffe631...')
#6 /home/regs2858/public_html/lltdemo/vendor/codeigniter4/framework/system/Session/Session.php(918): session_start()
#7 /home/regs2858/public_html/lltdemo/vendor/codeigniter4/framework/system/Session/Session.php(240): CodeIgniter\Session\Session->startSession()
#8 /home/regs2858/public_html/lltdemo/vendor/codeigniter4/framework/system/Config/Services.php(665): CodeIgniter\Session\Session->start()
#9 /home/regs2858/public_html/lltdemo/vendor/codeigniter4/framework/system/Config/BaseService.php(253): CodeIgniter\Config\Services::session(Object(Config\App), false)
#10 /home/regs2858/public_html/lltdemo/vendor/codeigniter4/framework/system/Config/BaseService.php(194): CodeIgniter\Config\BaseService::__callStatic('session', Array)
#11 /home/regs2858/public_html/lltdemo/vendor/codeigniter4/framework/system/Config/Services.php(637): CodeIgniter\Config\BaseService::getSharedInstance('session', NULL)
#12 /home/regs2858/public_html/lltdemo/vendor/codeigniter4/framework/system/Config/BaseService.php(253): CodeIgniter\Config\Services::session()
#13 /home/regs2858/public_html/lltdemo/app/Controllers/BaseController.php(51): CodeIgniter\Config\BaseService::__callStatic('session', Array)
#14 /home/regs2858/public_html/lltdemo/vendor/codeigniter4/framework/system/CodeIgniter.php(867): App\Controllers\BaseController->initController(Object(CodeIgniter\HTTP\IncomingRequest), Object(CodeIgniter\HTTP\Response), Object(CodeIgniter\Log\Logger))
#15 /home/regs2858/public_html/lltdemo/vendor/codeigniter4/framework/system/CodeIgniter.php(448): CodeIgniter\CodeIgniter->createController()
#16 /home/regs2858/public_html/lltdemo/vendor/codeigniter4/framework/system/CodeIgniter.php(340): CodeIgniter\CodeIgniter->handleRequest(NULL, Object(Config\Cache), false)
#17 /home/regs2858/public_html/lltdemo/public/index.php(67): CodeIgniter\CodeIgniter->run()
#18 {main}
CRITICAL - 2022-08-30 01:25:24 --> Table 'regs2858_igni660.5eci_sessions' doesn't exist
in SYSTEMPATH/Database/MySQLi/Connection.php on line 292.
 1 SYSTEMPATH/Database/MySQLi/Connection.php(292): mysqli->query('SELECT `data`
FROM `5eci_sessions`
WHERE `id` = \'71abc31f0ffe63143e04029ca424ecd6b2a18612\'', 0)
 2 SYSTEMPATH/Database/BaseConnection.php(693): CodeIgniter\Database\MySQLi\Connection->execute('SELECT `data`
FROM `5eci_sessions`
WHERE `id` = \'71abc31f0ffe63143e04029ca424ecd6b2a18612\'')
 3 SYSTEMPATH/Database/BaseConnection.php(620): CodeIgniter\Database\BaseConnection->simpleQuery('SELECT `data`
FROM `5eci_sessions`
WHERE `id` = \'71abc31f0ffe63143e04029ca424ecd6b2a18612\'')
 4 SYSTEMPATH/Database/BaseBuilder.php(1585): CodeIgniter\Database\BaseConnection->query('SELECT `data`
FROM `5eci_sessions`
WHERE `id` = :id:', [...], false)
 5 SYSTEMPATH/Session/Handlers/DatabaseHandler.php(126): CodeIgniter\Database\BaseBuilder->get()
 6 [internal function]: CodeIgniter\Session\Handlers\DatabaseHandler->read('71abc31f0ffe63143e04029ca424ecd6b2a18612')
 7 SYSTEMPATH/Session/Session.php(918): session_start()
 8 SYSTEMPATH/Session/Session.php(240): CodeIgniter\Session\Session->startSession()
 9 SYSTEMPATH/Config/Services.php(665): CodeIgniter\Session\Session->start()
10 SYSTEMPATH/Config/BaseService.php(253): CodeIgniter\Config\Services::session(Object(Config\App), false)
11 SYSTEMPATH/Config/BaseService.php(194): CodeIgniter\Config\BaseService::__callStatic('session', [...])
12 SYSTEMPATH/Config/Services.php(637): CodeIgniter\Config\BaseService::getSharedInstance('session', null)
13 SYSTEMPATH/Config/BaseService.php(253): CodeIgniter\Config\Services::session()
14 APPPATH/Controllers/BaseController.php(51): CodeIgniter\Config\BaseService::__callStatic('session', [])
15 SYSTEMPATH/CodeIgniter.php(867): App\Controllers\BaseController->initController(Object(CodeIgniter\HTTP\IncomingRequest), Object(CodeIgniter\HTTP\Response), Object(CodeIgniter\Log\Logger))
16 SYSTEMPATH/CodeIgniter.php(448): CodeIgniter\CodeIgniter->createController()
17 SYSTEMPATH/CodeIgniter.php(340): CodeIgniter\CodeIgniter->handleRequest(null, Object(Config\Cache), false)
18 FCPATH/index.php(67): CodeIgniter\CodeIgniter->run()
ERROR - 2022-08-30 01:35:21 --> mysqli_sql_exception: Table 'regs2858_igni660.5eci_session' doesn't exist in /home/regs2858/public_html/lltdemo/vendor/codeigniter4/framework/system/Database/MySQLi/Connection.php:292
Stack trace:
#0 /home/regs2858/public_html/lltdemo/vendor/codeigniter4/framework/system/Database/MySQLi/Connection.php(292): mysqli->query('SELECT `data`\nF...', 0)
#1 /home/regs2858/public_html/lltdemo/vendor/codeigniter4/framework/system/Database/BaseConnection.php(693): CodeIgniter\Database\MySQLi\Connection->execute('SELECT `data`\nF...')
#2 /home/regs2858/public_html/lltdemo/vendor/codeigniter4/framework/system/Database/BaseConnection.php(620): CodeIgniter\Database\BaseConnection->simpleQuery('SELECT `data`\nF...')
#3 /home/regs2858/public_html/lltdemo/vendor/codeigniter4/framework/system/Database/BaseBuilder.php(1585): CodeIgniter\Database\BaseConnection->query('SELECT `data`\nF...', Array, false)
#4 /home/regs2858/public_html/lltdemo/vendor/codeigniter4/framework/system/Session/Handlers/DatabaseHandler.php(126): CodeIgniter\Database\BaseBuilder->get()
#5 [internal function]: CodeIgniter\Session\Handlers\DatabaseHandler->read('71abc31f0ffe631...')
#6 /home/regs2858/public_html/lltdemo/vendor/codeigniter4/framework/system/Session/Session.php(918): session_start()
#7 /home/regs2858/public_html/lltdemo/vendor/codeigniter4/framework/system/Session/Session.php(240): CodeIgniter\Session\Session->startSession()
#8 /home/regs2858/public_html/lltdemo/vendor/codeigniter4/framework/system/Config/Services.php(665): CodeIgniter\Session\Session->start()
#9 /home/regs2858/public_html/lltdemo/vendor/codeigniter4/framework/system/Config/BaseService.php(253): CodeIgniter\Config\Services::session(Object(Config\App), false)
#10 /home/regs2858/public_html/lltdemo/vendor/codeigniter4/framework/system/Config/BaseService.php(194): CodeIgniter\Config\BaseService::__callStatic('session', Array)
#11 /home/regs2858/public_html/lltdemo/vendor/codeigniter4/framework/system/Config/Services.php(637): CodeIgniter\Config\BaseService::getSharedInstance('session', NULL)
#12 /home/regs2858/public_html/lltdemo/vendor/codeigniter4/framework/system/Config/BaseService.php(253): CodeIgniter\Config\Services::session()
#13 /home/regs2858/public_html/lltdemo/app/Controllers/BaseController.php(51): CodeIgniter\Config\BaseService::__callStatic('session', Array)
#14 /home/regs2858/public_html/lltdemo/vendor/codeigniter4/framework/system/CodeIgniter.php(867): App\Controllers\BaseController->initController(Object(CodeIgniter\HTTP\IncomingRequest), Object(CodeIgniter\HTTP\Response), Object(CodeIgniter\Log\Logger))
#15 /home/regs2858/public_html/lltdemo/vendor/codeigniter4/framework/system/CodeIgniter.php(448): CodeIgniter\CodeIgniter->createController()
#16 /home/regs2858/public_html/lltdemo/vendor/codeigniter4/framework/system/CodeIgniter.php(340): CodeIgniter\CodeIgniter->handleRequest(NULL, Object(Config\Cache), false)
#17 /home/regs2858/public_html/lltdemo/public/index.php(67): CodeIgniter\CodeIgniter->run()
#18 {main}
CRITICAL - 2022-08-30 01:35:21 --> Table 'regs2858_igni660.5eci_session' doesn't exist
in SYSTEMPATH/Database/MySQLi/Connection.php on line 292.
 1 SYSTEMPATH/Database/MySQLi/Connection.php(292): mysqli->query('SELECT `data`
FROM `5eci_session`
WHERE `id` = \'71abc31f0ffe63143e04029ca424ecd6b2a18612\'', 0)
 2 SYSTEMPATH/Database/BaseConnection.php(693): CodeIgniter\Database\MySQLi\Connection->execute('SELECT `data`
FROM `5eci_session`
WHERE `id` = \'71abc31f0ffe63143e04029ca424ecd6b2a18612\'')
 3 SYSTEMPATH/Database/BaseConnection.php(620): CodeIgniter\Database\BaseConnection->simpleQuery('SELECT `data`
FROM `5eci_session`
WHERE `id` = \'71abc31f0ffe63143e04029ca424ecd6b2a18612\'')
 4 SYSTEMPATH/Database/BaseBuilder.php(1585): CodeIgniter\Database\BaseConnection->query('SELECT `data`
FROM `5eci_session`
WHERE `id` = :id:', [...], false)
 5 SYSTEMPATH/Session/Handlers/DatabaseHandler.php(126): CodeIgniter\Database\BaseBuilder->get()
 6 [internal function]: CodeIgniter\Session\Handlers\DatabaseHandler->read('71abc31f0ffe63143e04029ca424ecd6b2a18612')
 7 SYSTEMPATH/Session/Session.php(918): session_start()
 8 SYSTEMPATH/Session/Session.php(240): CodeIgniter\Session\Session->startSession()
 9 SYSTEMPATH/Config/Services.php(665): CodeIgniter\Session\Session->start()
10 SYSTEMPATH/Config/BaseService.php(253): CodeIgniter\Config\Services::session(Object(Config\App), false)
11 SYSTEMPATH/Config/BaseService.php(194): CodeIgniter\Config\BaseService::__callStatic('session', [...])
12 SYSTEMPATH/Config/Services.php(637): CodeIgniter\Config\BaseService::getSharedInstance('session', null)
13 SYSTEMPATH/Config/BaseService.php(253): CodeIgniter\Config\Services::session()
14 APPPATH/Controllers/BaseController.php(51): CodeIgniter\Config\BaseService::__callStatic('session', [])
15 SYSTEMPATH/CodeIgniter.php(867): App\Controllers\BaseController->initController(Object(CodeIgniter\HTTP\IncomingRequest), Object(CodeIgniter\HTTP\Response), Object(CodeIgniter\Log\Logger))
16 SYSTEMPATH/CodeIgniter.php(448): CodeIgniter\CodeIgniter->createController()
17 SYSTEMPATH/CodeIgniter.php(340): CodeIgniter\CodeIgniter->handleRequest(null, Object(Config\Cache), false)
18 FCPATH/index.php(67): CodeIgniter\CodeIgniter->run()
ERROR - 2022-08-30 01:39:07 --> mysqli_sql_exception: Table 'regs2858_igni660.5eci_session' doesn't exist in /home/regs2858/public_html/lltdemo/vendor/codeigniter4/framework/system/Database/MySQLi/Connection.php:292
Stack trace:
#0 /home/regs2858/public_html/lltdemo/vendor/codeigniter4/framework/system/Database/MySQLi/Connection.php(292): mysqli->query('SELECT `data`\nF...', 0)
#1 /home/regs2858/public_html/lltdemo/vendor/codeigniter4/framework/system/Database/BaseConnection.php(693): CodeIgniter\Database\MySQLi\Connection->execute('SELECT `data`\nF...')
#2 /home/regs2858/public_html/lltdemo/vendor/codeigniter4/framework/system/Database/BaseConnection.php(620): CodeIgniter\Database\BaseConnection->simpleQuery('SELECT `data`\nF...')
#3 /home/regs2858/public_html/lltdemo/vendor/codeigniter4/framework/system/Database/BaseBuilder.php(1585): CodeIgniter\Database\BaseConnection->query('SELECT `data`\nF...', Array, false)
#4 /home/regs2858/public_html/lltdemo/vendor/codeigniter4/framework/system/Session/Handlers/DatabaseHandler.php(126): CodeIgniter\Database\BaseBuilder->get()
#5 [internal function]: CodeIgniter\Session\Handlers\DatabaseHandler->read('71abc31f0ffe631...')
#6 /home/regs2858/public_html/lltdemo/vendor/codeigniter4/framework/system/Session/Session.php(918): session_start()
#7 /home/regs2858/public_html/lltdemo/vendor/codeigniter4/framework/system/Session/Session.php(240): CodeIgniter\Session\Session->startSession()
#8 /home/regs2858/public_html/lltdemo/vendor/codeigniter4/framework/system/Config/Services.php(665): CodeIgniter\Session\Session->start()
#9 /home/regs2858/public_html/lltdemo/vendor/codeigniter4/framework/system/Config/BaseService.php(253): CodeIgniter\Config\Services::session(Object(Config\App), false)
#10 /home/regs2858/public_html/lltdemo/vendor/codeigniter4/framework/system/Config/BaseService.php(194): CodeIgniter\Config\BaseService::__callStatic('session', Array)
#11 /home/regs2858/public_html/lltdemo/vendor/codeigniter4/framework/system/Config/Services.php(637): CodeIgniter\Config\BaseService::getSharedInstance('session', NULL)
#12 /home/regs2858/public_html/lltdemo/vendor/codeigniter4/framework/system/Config/BaseService.php(253): CodeIgniter\Config\Services::session()
#13 /home/regs2858/public_html/lltdemo/app/Controllers/BaseController.php(51): CodeIgniter\Config\BaseService::__callStatic('session', Array)
#14 /home/regs2858/public_html/lltdemo/vendor/codeigniter4/framework/system/CodeIgniter.php(867): App\Controllers\BaseController->initController(Object(CodeIgniter\HTTP\IncomingRequest), Object(CodeIgniter\HTTP\Response), Object(CodeIgniter\Log\Logger))
#15 /home/regs2858/public_html/lltdemo/vendor/codeigniter4/framework/system/CodeIgniter.php(448): CodeIgniter\CodeIgniter->createController()
#16 /home/regs2858/public_html/lltdemo/vendor/codeigniter4/framework/system/CodeIgniter.php(340): CodeIgniter\CodeIgniter->handleRequest(NULL, Object(Config\Cache), false)
#17 /home/regs2858/public_html/lltdemo/public/index.php(67): CodeIgniter\CodeIgniter->run()
#18 {main}
CRITICAL - 2022-08-30 01:39:07 --> Table 'regs2858_igni660.5eci_session' doesn't exist
in SYSTEMPATH/Database/MySQLi/Connection.php on line 292.
 1 SYSTEMPATH/Database/MySQLi/Connection.php(292): mysqli->query('SELECT `data`
FROM `5eci_session`
WHERE `id` = \'71abc31f0ffe63143e04029ca424ecd6b2a18612\'', 0)
 2 SYSTEMPATH/Database/BaseConnection.php(693): CodeIgniter\Database\MySQLi\Connection->execute('SELECT `data`
FROM `5eci_session`
WHERE `id` = \'71abc31f0ffe63143e04029ca424ecd6b2a18612\'')
 3 SYSTEMPATH/Database/BaseConnection.php(620): CodeIgniter\Database\BaseConnection->simpleQuery('SELECT `data`
FROM `5eci_session`
WHERE `id` = \'71abc31f0ffe63143e04029ca424ecd6b2a18612\'')
 4 SYSTEMPATH/Database/BaseBuilder.php(1585): CodeIgniter\Database\BaseConnection->query('SELECT `data`
FROM `5eci_session`
WHERE `id` = :id:', [...], false)
 5 SYSTEMPATH/Session/Handlers/DatabaseHandler.php(126): CodeIgniter\Database\BaseBuilder->get()
 6 [internal function]: CodeIgniter\Session\Handlers\DatabaseHandler->read('71abc31f0ffe63143e04029ca424ecd6b2a18612')
 7 SYSTEMPATH/Session/Session.php(918): session_start()
 8 SYSTEMPATH/Session/Session.php(240): CodeIgniter\Session\Session->startSession()
 9 SYSTEMPATH/Config/Services.php(665): CodeIgniter\Session\Session->start()
10 SYSTEMPATH/Config/BaseService.php(253): CodeIgniter\Config\Services::session(Object(Config\App), false)
11 SYSTEMPATH/Config/BaseService.php(194): CodeIgniter\Config\BaseService::__callStatic('session', [...])
12 SYSTEMPATH/Config/Services.php(637): CodeIgniter\Config\BaseService::getSharedInstance('session', null)
13 SYSTEMPATH/Config/BaseService.php(253): CodeIgniter\Config\Services::session()
14 APPPATH/Controllers/BaseController.php(51): CodeIgniter\Config\BaseService::__callStatic('session', [])
15 SYSTEMPATH/CodeIgniter.php(867): App\Controllers\BaseController->initController(Object(CodeIgniter\HTTP\IncomingRequest), Object(CodeIgniter\HTTP\Response), Object(CodeIgniter\Log\Logger))
16 SYSTEMPATH/CodeIgniter.php(448): CodeIgniter\CodeIgniter->createController()
17 SYSTEMPATH/CodeIgniter.php(340): CodeIgniter\CodeIgniter->handleRequest(null, Object(Config\Cache), false)
18 FCPATH/index.php(67): CodeIgniter\CodeIgniter->run()
ERROR - 2022-08-30 01:39:17 --> mysqli_sql_exception: Table 'regs2858_igni660.5eci_session' doesn't exist in /home/regs2858/public_html/lltdemo/vendor/codeigniter4/framework/system/Database/MySQLi/Connection.php:292
Stack trace:
#0 /home/regs2858/public_html/lltdemo/vendor/codeigniter4/framework/system/Database/MySQLi/Connection.php(292): mysqli->query('SELECT `data`\nF...', 0)
#1 /home/regs2858/public_html/lltdemo/vendor/codeigniter4/framework/system/Database/BaseConnection.php(693): CodeIgniter\Database\MySQLi\Connection->execute('SELECT `data`\nF...')
#2 /home/regs2858/public_html/lltdemo/vendor/codeigniter4/framework/system/Database/BaseConnection.php(620): CodeIgniter\Database\BaseConnection->simpleQuery('SELECT `data`\nF...')
#3 /home/regs2858/public_html/lltdemo/vendor/codeigniter4/framework/system/Database/BaseBuilder.php(1585): CodeIgniter\Database\BaseConnection->query('SELECT `data`\nF...', Array, false)
#4 /home/regs2858/public_html/lltdemo/vendor/codeigniter4/framework/system/Session/Handlers/DatabaseHandler.php(126): CodeIgniter\Database\BaseBuilder->get()
#5 [internal function]: CodeIgniter\Session\Handlers\DatabaseHandler->read('71abc31f0ffe631...')
#6 /home/regs2858/public_html/lltdemo/vendor/codeigniter4/framework/system/Session/Session.php(918): session_start()
#7 /home/regs2858/public_html/lltdemo/vendor/codeigniter4/framework/system/Session/Session.php(240): CodeIgniter\Session\Session->startSession()
#8 /home/regs2858/public_html/lltdemo/vendor/codeigniter4/framework/system/Config/Services.php(665): CodeIgniter\Session\Session->start()
#9 /home/regs2858/public_html/lltdemo/vendor/codeigniter4/framework/system/Config/BaseService.php(253): CodeIgniter\Config\Services::session(Object(Config\App), false)
#10 /home/regs2858/public_html/lltdemo/vendor/codeigniter4/framework/system/Config/BaseService.php(194): CodeIgniter\Config\BaseService::__callStatic('session', Array)
#11 /home/regs2858/public_html/lltdemo/vendor/codeigniter4/framework/system/Config/Services.php(637): CodeIgniter\Config\BaseService::getSharedInstance('session', NULL)
#12 /home/regs2858/public_html/lltdemo/vendor/codeigniter4/framework/system/Config/BaseService.php(253): CodeIgniter\Config\Services::session()
#13 /home/regs2858/public_html/lltdemo/app/Controllers/BaseController.php(51): CodeIgniter\Config\BaseService::__callStatic('session', Array)
#14 /home/regs2858/public_html/lltdemo/vendor/codeigniter4/framework/system/CodeIgniter.php(867): App\Controllers\BaseController->initController(Object(CodeIgniter\HTTP\IncomingRequest), Object(CodeIgniter\HTTP\Response), Object(CodeIgniter\Log\Logger))
#15 /home/regs2858/public_html/lltdemo/vendor/codeigniter4/framework/system/CodeIgniter.php(448): CodeIgniter\CodeIgniter->createController()
#16 /home/regs2858/public_html/lltdemo/vendor/codeigniter4/framework/system/CodeIgniter.php(340): CodeIgniter\CodeIgniter->handleRequest(NULL, Object(Config\Cache), false)
#17 /home/regs2858/public_html/lltdemo/public/index.php(67): CodeIgniter\CodeIgniter->run()
#18 {main}
CRITICAL - 2022-08-30 01:39:17 --> Table 'regs2858_igni660.5eci_session' doesn't exist
in SYSTEMPATH/Database/MySQLi/Connection.php on line 292.
 1 SYSTEMPATH/Database/MySQLi/Connection.php(292): mysqli->query('SELECT `data`
FROM `5eci_session`
WHERE `id` = \'71abc31f0ffe63143e04029ca424ecd6b2a18612\'', 0)
 2 SYSTEMPATH/Database/BaseConnection.php(693): CodeIgniter\Database\MySQLi\Connection->execute('SELECT `data`
FROM `5eci_session`
WHERE `id` = \'71abc31f0ffe63143e04029ca424ecd6b2a18612\'')
 3 SYSTEMPATH/Database/BaseConnection.php(620): CodeIgniter\Database\BaseConnection->simpleQuery('SELECT `data`
FROM `5eci_session`
WHERE `id` = \'71abc31f0ffe63143e04029ca424ecd6b2a18612\'')
 4 SYSTEMPATH/Database/BaseBuilder.php(1585): CodeIgniter\Database\BaseConnection->query('SELECT `data`
FROM `5eci_session`
WHERE `id` = :id:', [...], false)
 5 SYSTEMPATH/Session/Handlers/DatabaseHandler.php(126): CodeIgniter\Database\BaseBuilder->get()
 6 [internal function]: CodeIgniter\Session\Handlers\DatabaseHandler->read('71abc31f0ffe63143e04029ca424ecd6b2a18612')
 7 SYSTEMPATH/Session/Session.php(918): session_start()
 8 SYSTEMPATH/Session/Session.php(240): CodeIgniter\Session\Session->startSession()
 9 SYSTEMPATH/Config/Services.php(665): CodeIgniter\Session\Session->start()
10 SYSTEMPATH/Config/BaseService.php(253): CodeIgniter\Config\Services::session(Object(Config\App), false)
11 SYSTEMPATH/Config/BaseService.php(194): CodeIgniter\Config\BaseService::__callStatic('session', [...])
12 SYSTEMPATH/Config/Services.php(637): CodeIgniter\Config\BaseService::getSharedInstance('session', null)
13 SYSTEMPATH/Config/BaseService.php(253): CodeIgniter\Config\Services::session()
14 APPPATH/Controllers/BaseController.php(51): CodeIgniter\Config\BaseService::__callStatic('session', [])
15 SYSTEMPATH/CodeIgniter.php(867): App\Controllers\BaseController->initController(Object(CodeIgniter\HTTP\IncomingRequest), Object(CodeIgniter\HTTP\Response), Object(CodeIgniter\Log\Logger))
16 SYSTEMPATH/CodeIgniter.php(448): CodeIgniter\CodeIgniter->createController()
17 SYSTEMPATH/CodeIgniter.php(340): CodeIgniter\CodeIgniter->handleRequest(null, Object(Config\Cache), false)
18 FCPATH/index.php(67): CodeIgniter\CodeIgniter->run()
ERROR - 2022-08-30 01:40:20 --> mysqli_sql_exception: Table 'regs2858_igni660.5eci_sessions' doesn't exist in /home/regs2858/public_html/lltdemo/vendor/codeigniter4/framework/system/Database/MySQLi/Connection.php:292
Stack trace:
#0 /home/regs2858/public_html/lltdemo/vendor/codeigniter4/framework/system/Database/MySQLi/Connection.php(292): mysqli->query('SELECT `data`\nF...', 0)
#1 /home/regs2858/public_html/lltdemo/vendor/codeigniter4/framework/system/Database/BaseConnection.php(693): CodeIgniter\Database\MySQLi\Connection->execute('SELECT `data`\nF...')
#2 /home/regs2858/public_html/lltdemo/vendor/codeigniter4/framework/system/Database/BaseConnection.php(620): CodeIgniter\Database\BaseConnection->simpleQuery('SELECT `data`\nF...')
#3 /home/regs2858/public_html/lltdemo/vendor/codeigniter4/framework/system/Database/BaseBuilder.php(1585): CodeIgniter\Database\BaseConnection->query('SELECT `data`\nF...', Array, false)
#4 /home/regs2858/public_html/lltdemo/vendor/codeigniter4/framework/system/Session/Handlers/DatabaseHandler.php(126): CodeIgniter\Database\BaseBuilder->get()
#5 [internal function]: CodeIgniter\Session\Handlers\DatabaseHandler->read('71abc31f0ffe631...')
#6 /home/regs2858/public_html/lltdemo/vendor/codeigniter4/framework/system/Session/Session.php(918): session_start()
#7 /home/regs2858/public_html/lltdemo/vendor/codeigniter4/framework/system/Session/Session.php(240): CodeIgniter\Session\Session->startSession()
#8 /home/regs2858/public_html/lltdemo/vendor/codeigniter4/framework/system/Config/Services.php(665): CodeIgniter\Session\Session->start()
#9 /home/regs2858/public_html/lltdemo/vendor/codeigniter4/framework/system/Config/BaseService.php(253): CodeIgniter\Config\Services::session(Object(Config\App), false)
#10 /home/regs2858/public_html/lltdemo/vendor/codeigniter4/framework/system/Config/BaseService.php(194): CodeIgniter\Config\BaseService::__callStatic('session', Array)
#11 /home/regs2858/public_html/lltdemo/vendor/codeigniter4/framework/system/Config/Services.php(637): CodeIgniter\Config\BaseService::getSharedInstance('session', NULL)
#12 /home/regs2858/public_html/lltdemo/vendor/codeigniter4/framework/system/Config/BaseService.php(253): CodeIgniter\Config\Services::session()
#13 /home/regs2858/public_html/lltdemo/app/Controllers/BaseController.php(51): CodeIgniter\Config\BaseService::__callStatic('session', Array)
#14 /home/regs2858/public_html/lltdemo/vendor/codeigniter4/framework/system/CodeIgniter.php(867): App\Controllers\BaseController->initController(Object(CodeIgniter\HTTP\IncomingRequest), Object(CodeIgniter\HTTP\Response), Object(CodeIgniter\Log\Logger))
#15 /home/regs2858/public_html/lltdemo/vendor/codeigniter4/framework/system/CodeIgniter.php(448): CodeIgniter\CodeIgniter->createController()
#16 /home/regs2858/public_html/lltdemo/vendor/codeigniter4/framework/system/CodeIgniter.php(340): CodeIgniter\CodeIgniter->handleRequest(NULL, Object(Config\Cache), false)
#17 /home/regs2858/public_html/lltdemo/public/index.php(67): CodeIgniter\CodeIgniter->run()
#18 {main}
CRITICAL - 2022-08-30 01:40:20 --> Table 'regs2858_igni660.5eci_sessions' doesn't exist
in SYSTEMPATH/Database/MySQLi/Connection.php on line 292.
 1 SYSTEMPATH/Database/MySQLi/Connection.php(292): mysqli->query('SELECT `data`
FROM `5eci_sessions`
WHERE `id` = \'71abc31f0ffe63143e04029ca424ecd6b2a18612\'', 0)
 2 SYSTEMPATH/Database/BaseConnection.php(693): CodeIgniter\Database\MySQLi\Connection->execute('SELECT `data`
FROM `5eci_sessions`
WHERE `id` = \'71abc31f0ffe63143e04029ca424ecd6b2a18612\'')
 3 SYSTEMPATH/Database/BaseConnection.php(620): CodeIgniter\Database\BaseConnection->simpleQuery('SELECT `data`
FROM `5eci_sessions`
WHERE `id` = \'71abc31f0ffe63143e04029ca424ecd6b2a18612\'')
 4 SYSTEMPATH/Database/BaseBuilder.php(1585): CodeIgniter\Database\BaseConnection->query('SELECT `data`
FROM `5eci_sessions`
WHERE `id` = :id:', [...], false)
 5 SYSTEMPATH/Session/Handlers/DatabaseHandler.php(126): CodeIgniter\Database\BaseBuilder->get()
 6 [internal function]: CodeIgniter\Session\Handlers\DatabaseHandler->read('71abc31f0ffe63143e04029ca424ecd6b2a18612')
 7 SYSTEMPATH/Session/Session.php(918): session_start()
 8 SYSTEMPATH/Session/Session.php(240): CodeIgniter\Session\Session->startSession()
 9 SYSTEMPATH/Config/Services.php(665): CodeIgniter\Session\Session->start()
10 SYSTEMPATH/Config/BaseService.php(253): CodeIgniter\Config\Services::session(Object(Config\App), false)
11 SYSTEMPATH/Config/BaseService.php(194): CodeIgniter\Config\BaseService::__callStatic('session', [...])
12 SYSTEMPATH/Config/Services.php(637): CodeIgniter\Config\BaseService::getSharedInstance('session', null)
13 SYSTEMPATH/Config/BaseService.php(253): CodeIgniter\Config\Services::session()
14 APPPATH/Controllers/BaseController.php(51): CodeIgniter\Config\BaseService::__callStatic('session', [])
15 SYSTEMPATH/CodeIgniter.php(867): App\Controllers\BaseController->initController(Object(CodeIgniter\HTTP\IncomingRequest), Object(CodeIgniter\HTTP\Response), Object(CodeIgniter\Log\Logger))
16 SYSTEMPATH/CodeIgniter.php(448): CodeIgniter\CodeIgniter->createController()
17 SYSTEMPATH/CodeIgniter.php(340): CodeIgniter\CodeIgniter->handleRequest(null, Object(Config\Cache), false)
18 FCPATH/index.php(67): CodeIgniter\CodeIgniter->run()
CRITICAL - 2022-08-30 01:42:04 --> Undefined variable: session
in APPPATH/Controllers/Home.php on line 15.
 1 APPPATH/Controllers/Home.php(15): CodeIgniter\Debug\Exceptions->errorHandler(8, 'Undefined variable: session', 'APPPATH/Controllers/Home.php', 15, [])
 2 SYSTEMPATH/CodeIgniter.php(904): App\Controllers\Home->test()
 3 SYSTEMPATH/CodeIgniter.php(457): CodeIgniter\CodeIgniter->runController(Object(App\Controllers\Home))
 4 SYSTEMPATH/CodeIgniter.php(340): CodeIgniter\CodeIgniter->handleRequest(null, Object(Config\Cache), false)
 5 FCPATH/index.php(67): CodeIgniter\CodeIgniter->run()
CRITICAL - 2022-08-30 01:43:54 --> Undefined variable: session
in APPPATH/Controllers/Home.php on line 17.
 1 APPPATH/Controllers/Home.php(17): CodeIgniter\Debug\Exceptions->errorHandler(8, 'Undefined variable: session', 'APPPATH/Controllers/Home.php', 17, [])
 2 SYSTEMPATH/CodeIgniter.php(904): App\Controllers\Home->test()
 3 SYSTEMPATH/CodeIgniter.php(457): CodeIgniter\CodeIgniter->runController(Object(App\Controllers\Home))
 4 SYSTEMPATH/CodeIgniter.php(340): CodeIgniter\CodeIgniter->handleRequest(null, Object(Config\Cache), false)
 5 FCPATH/index.php(67): CodeIgniter\CodeIgniter->run()
CRITICAL - 2022-08-30 11:10:38 --> syntax error, unexpected end of file, expecting function (T_FUNCTION) or const (T_CONST)
in APPPATH/Controllers/Home.php on line 41.
 1 SYSTEMPATH/Autoloader/Autoloader.php(259): CodeIgniter\Autoloader\Autoloader->includeFile('APPPATH/Controllers/Home.php')
 2 SYSTEMPATH/Autoloader/Autoloader.php(237): CodeIgniter\Autoloader\Autoloader->loadInNamespace('App\\Controllers\\Home')
 3 [internal function]: CodeIgniter\Autoloader\Autoloader->loadClass('App\\Controllers\\Home')
 4 [internal function]: spl_autoload_call('App\\Controllers\\Home')
 5 SYSTEMPATH/CodeIgniter.php(854): class_exists('\\App\\Controllers\\Home', true)
 6 SYSTEMPATH/CodeIgniter.php(444): CodeIgniter\CodeIgniter->startController()
 7 SYSTEMPATH/CodeIgniter.php(340): CodeIgniter\CodeIgniter->handleRequest(null, Object(Config\Cache), false)
 8 FCPATH/index.php(67): CodeIgniter\CodeIgniter->run()
